<?xml version="1.0" encoding="UTF-8"?>
<coverage generated="1623697740690" clover="3.2.0">
  <project timestamp="1623697740690" name="All files">
    <metrics statements="148" coveredstatements="75" conditionals="84" coveredconditionals="36" methods="48" coveredmethods="18" elements="280" coveredelements="129" complexity="0" loc="148" ncloc="148" packages="1" files="11" classes="11"/>
    <file name="cart.jsx" path="/Users/kathy/Documents/Bootcamp/FEC/client/src/productOverview/cart.jsx">
      <metrics statements="2" coveredstatements="2" conditionals="0" coveredconditionals="0" methods="1" coveredmethods="1"/>
      <line num="3" count="1" type="stmt"/>
      <line num="4" count="1" type="stmt"/>
    </file>
    <file name="description.jsx" path="/Users/kathy/Documents/Bootcamp/FEC/client/src/productOverview/description.jsx">
      <metrics statements="2" coveredstatements="2" conditionals="0" coveredconditionals="0" methods="1" coveredmethods="1"/>
      <line num="3" count="1" type="stmt"/>
      <line num="4" count="1" type="stmt"/>
    </file>
    <file name="feature.jsx" path="/Users/kathy/Documents/Bootcamp/FEC/client/src/productOverview/feature.jsx">
      <metrics statements="3" coveredstatements="2" conditionals="2" coveredconditionals="1" methods="2" coveredmethods="1"/>
      <line num="3" count="1" type="stmt"/>
      <line num="4" count="1" type="stmt"/>
      <line num="8" count="0" type="stmt"/>
    </file>
    <file name="image.jsx" path="/Users/kathy/Documents/Bootcamp/FEC/client/src/productOverview/image.jsx">
      <metrics statements="68" coveredstatements="28" conditionals="44" coveredconditionals="18" methods="22" coveredmethods="5"/>
      <line num="3" count="1" type="stmt"/>
      <line num="4" count="2" type="stmt"/>
      <line num="5" count="2" type="stmt"/>
      <line num="6" count="2" type="stmt"/>
      <line num="7" count="2" type="cond" truecount="1" falsecount="1"/>
      <line num="8" count="2" type="stmt"/>
      <line num="9" count="2" type="stmt"/>
      <line num="10" count="2" type="stmt"/>
      <line num="11" count="2" type="stmt"/>
      <line num="12" count="2" type="stmt"/>
      <line num="14" count="2" type="cond" truecount="1" falsecount="1"/>
      <line num="15" count="0" type="stmt"/>
      <line num="16" count="0" type="stmt"/>
      <line num="19" count="2" type="stmt"/>
      <line num="20" count="1" type="stmt"/>
      <line num="21" count="1" type="stmt"/>
      <line num="22" count="1" type="stmt"/>
      <line num="25" count="2" type="stmt"/>
      <line num="26" count="1" type="stmt"/>
      <line num="29" count="2" type="stmt"/>
      <line num="30" count="1" type="cond" truecount="1" falsecount="1"/>
      <line num="31" count="0" type="stmt"/>
      <line num="32" count="0" type="stmt"/>
      <line num="34" count="1" type="stmt"/>
      <line num="35" count="1" type="stmt"/>
      <line num="40" count="2" type="stmt"/>
      <line num="41" count="0" type="cond" truecount="0" falsecount="2"/>
      <line num="42" count="0" type="stmt"/>
      <line num="44" count="0" type="cond" truecount="0" falsecount="2"/>
      <line num="48" count="2" type="stmt"/>
      <line num="49" count="0" type="stmt"/>
      <line num="50" count="0" type="stmt"/>
      <line num="51" count="0" type="cond" truecount="0" falsecount="2"/>
      <line num="52" count="0" type="stmt"/>
      <line num="53" count="0" type="stmt"/>
      <line num="58" count="2" type="stmt"/>
      <line num="59" count="0" type="cond" truecount="0" falsecount="4"/>
      <line num="60" count="0" type="stmt"/>
      <line num="61" count="0" type="stmt"/>
      <line num="63" count="0" type="cond" truecount="0" falsecount="2"/>
      <line num="64" count="0" type="stmt"/>
      <line num="65" count="0" type="stmt"/>
      <line num="69" count="2" type="stmt"/>
      <line num="70" count="0" type="stmt"/>
      <line num="71" count="0" type="stmt"/>
      <line num="72" count="0" type="stmt"/>
      <line num="73" count="0" type="stmt"/>
      <line num="74" count="0" type="stmt"/>
      <line num="75" count="0" type="stmt"/>
      <line num="76" count="0" type="stmt"/>
      <line num="77" count="0" type="stmt"/>
      <line num="79" count="0" type="stmt"/>
      <line num="86" count="2" type="cond" truecount="1" falsecount="1"/>
      <line num="87" count="0" type="stmt"/>
      <line num="88" count="0" type="stmt"/>
      <line num="91" count="2" type="stmt"/>
      <line num="95" count="0" type="cond" truecount="1" falsecount="1"/>
      <line num="98" count="0" type="cond" truecount="0" falsecount="2"/>
      <line num="99" count="0" type="stmt"/>
      <line num="100" count="0" type="stmt"/>
      <line num="102" count="0" type="stmt"/>
      <line num="103" count="0" type="stmt"/>
      <line num="107" count="0" type="cond" truecount="2" falsecount="0"/>
      <line num="111" count="0" type="cond" truecount="3" falsecount="0"/>
      <line num="112" count="0" type="cond" truecount="1" falsecount="2"/>
      <line num="116" count="12" type="stmt"/>
      <line num="120" count="0" type="cond" truecount="1" falsecount="2"/>
      <line num="121" count="0" type="cond" truecount="1" falsecount="2"/>
    </file>
    <file name="overviewApp.jsx" path="/Users/kathy/Documents/Bootcamp/FEC/client/src/productOverview/overviewApp.jsx">
      <metrics statements="14" coveredstatements="8" conditionals="7" coveredconditionals="5" methods="4" coveredmethods="2"/>
      <line num="12" count="1" type="stmt"/>
      <line num="13" count="1" type="stmt"/>
      <line num="14" count="1" type="stmt"/>
      <line num="15" count="1" type="stmt"/>
      <line num="16" count="1" type="stmt"/>
      <line num="18" count="1" type="stmt"/>
      <line num="19" count="1" type="stmt"/>
      <line num="21" count="0" type="stmt"/>
      <line num="22" count="0" type="stmt"/>
      <line num="23" count="0" type="stmt"/>
      <line num="24" count="0" type="stmt"/>
      <line num="27" count="0" type="stmt"/>
      <line num="28" count="0" type="stmt"/>
      <line num="32" count="1" type="stmt"/>
    </file>
    <file name="rating.jsx" path="/Users/kathy/Documents/Bootcamp/FEC/client/src/productOverview/rating.jsx">
      <metrics statements="3" coveredstatements="2" conditionals="2" coveredconditionals="1" methods="2" coveredmethods="1"/>
      <line num="5" count="1" type="stmt"/>
      <line num="6" count="1" type="stmt"/>
      <line num="11" count="0" type="stmt"/>
    </file>
    <file name="sampleProducts.js" path="/Users/kathy/Documents/Bootcamp/FEC/client/src/productOverview/sampleProducts.js">
      <metrics statements="1" coveredstatements="1" conditionals="0" coveredconditionals="0" methods="0" coveredmethods="0"/>
      <line num="1" count="1" type="stmt"/>
    </file>
    <file name="sampleStyle.js" path="/Users/kathy/Documents/Bootcamp/FEC/client/src/productOverview/sampleStyle.js">
      <metrics statements="1" coveredstatements="1" conditionals="0" coveredconditionals="0" methods="0" coveredmethods="0"/>
      <line num="1" count="1" type="stmt"/>
    </file>
    <file name="share.jsx" path="/Users/kathy/Documents/Bootcamp/FEC/client/src/productOverview/share.jsx">
      <metrics statements="2" coveredstatements="2" conditionals="0" coveredconditionals="0" methods="1" coveredmethods="1"/>
      <line num="3" count="1" type="stmt"/>
      <line num="4" count="1" type="stmt"/>
    </file>
    <file name="style.jsx" path="/Users/kathy/Documents/Bootcamp/FEC/client/src/productOverview/style.jsx">
      <metrics statements="50" coveredstatements="25" conditionals="29" coveredconditionals="11" methods="14" coveredmethods="5"/>
      <line num="6" count="1" type="stmt"/>
      <line num="7" count="1" type="stmt"/>
      <line num="8" count="1" type="stmt"/>
      <line num="9" count="1" type="stmt"/>
      <line num="10" count="1" type="stmt"/>
      <line num="11" count="1" type="stmt"/>
      <line num="12" count="1" type="stmt"/>
      <line num="13" count="1" type="stmt"/>
      <line num="14" count="1" type="stmt"/>
      <line num="16" count="1" type="stmt"/>
      <line num="17" count="6" type="stmt"/>
      <line num="18" count="6" type="stmt"/>
      <line num="21" count="1" type="cond" truecount="1" falsecount="1"/>
      <line num="22" count="0" type="stmt"/>
      <line num="25" count="1" type="stmt"/>
      <line num="26" count="0" type="stmt"/>
      <line num="27" count="0" type="cond" truecount="0" falsecount="2"/>
      <line num="28" count="0" type="cond" truecount="0" falsecount="2"/>
      <line num="29" count="0" type="stmt"/>
      <line num="33" count="0" type="stmt"/>
      <line num="36" count="1" type="stmt"/>
      <line num="37" count="1" type="cond" truecount="1" falsecount="1"/>
      <line num="38" count="0" type="stmt"/>
      <line num="43" count="1" type="stmt"/>
      <line num="44" count="6" type="cond" truecount="1" falsecount="1"/>
      <line num="45" count="0" type="stmt"/>
      <line num="46" count="0" type="stmt"/>
      <line num="49" count="1" type="cond" truecount="1" falsecount="1"/>
      <line num="50" count="1" type="stmt"/>
      <line num="52" count="0" type="stmt"/>
      <line num="53" count="0" type="stmt"/>
      <line num="54" count="0" type="cond" truecount="0" falsecount="2"/>
      <line num="55" count="0" type="stmt"/>
      <line num="57" count="0" type="stmt"/>
      <line num="59" count="0" type="stmt"/>
      <line num="62" count="1" type="stmt"/>
      <line num="63" count="0" type="stmt"/>
      <line num="65" count="0" type="cond" truecount="0" falsecount="2"/>
      <line num="66" count="0" type="stmt"/>
      <line num="69" count="0" type="stmt"/>
      <line num="70" count="0" type="stmt"/>
      <line num="73" count="1" type="stmt"/>
      <line num="90" count="6" type="stmt"/>
      <line num="91" count="0" type="stmt"/>
      <line num="96" count="0" type="stmt"/>
      <line num="100" count="0" type="stmt"/>
      <line num="103" count="6" type="stmt"/>
      <line num="106" count="0" type="stmt"/>
      <line num="112" count="0" type="cond" truecount="0" falsecount="2"/>
      <line num="113" count="1" type="stmt"/>
    </file>
    <file name="title.jsx" path="/Users/kathy/Documents/Bootcamp/FEC/client/src/productOverview/title.jsx">
      <metrics statements="2" coveredstatements="2" conditionals="0" coveredconditionals="0" methods="1" coveredmethods="1"/>
      <line num="3" count="1" type="stmt"/>
      <line num="4" count="1" type="stmt"/>
    </file>
  </project>
</coverage>
