{"/Users/josephrivera/HackReactor/FEC/client/src/App.jsx": {"path":"/Users/josephrivera/HackReactor/FEC/client/src/App.jsx","statementMap":{"0":{"start":{"line":11,"column":12},"end":{"line":48,"column":1}},"1":{"start":{"line":12,"column":36},"end":{"line":12,"column":51}},"2":{"start":{"line":13,"column":40},"end":{"line":13,"column":51}},"3":{"start":{"line":14,"column":30},"end":{"line":14,"column":41}},"4":{"start":{"line":15,"column":46},"end":{"line":15,"column":58}},"5":{"start":{"line":17,"column":2},"end":{"line":47,"column":4}}},"fnMap":{"0":{"name":"(anonymous_0)","decl":{"start":{"line":11,"column":12},"end":{"line":11,"column":13}},"loc":{"start":{"line":11,"column":18},"end":{"line":48,"column":1}},"line":11}},"branchMap":{},"s":{"0":1,"1":2,"2":2,"3":2,"4":2,"5":2},"f":{"0":2},"b":{},"_coverageSchema":"1a1c01bbd47fc00a2c39e90264f33305004495a9","hash":"5519973e5e529c61d0db5a460df058354c2ed161"}
,"/Users/josephrivera/HackReactor/FEC/client/src/QA/QAwidget.jsx": {"path":"/Users/josephrivera/HackReactor/FEC/client/src/QA/QAwidget.jsx","statementMap":{"0":{"start":{"line":11,"column":17},"end":{"line":62,"column":1}},"1":{"start":{"line":12,"column":36},"end":{"line":12,"column":48}},"2":{"start":{"line":13,"column":40},"end":{"line":13,"column":54}},"3":{"start":{"line":14,"column":32},"end":{"line":14,"column":44}},"4":{"start":{"line":15,"column":36},"end":{"line":15,"column":51}},"5":{"start":{"line":17,"column":2},"end":{"line":23,"column":18}},"6":{"start":{"line":18,"column":4},"end":{"line":22,"column":38}},"7":{"start":{"line":20,"column":8},"end":{"line":20,"column":36}},"8":{"start":{"line":22,"column":20},"end":{"line":22,"column":36}},"9":{"start":{"line":25,"column":23},"end":{"line":29,"column":3}},"10":{"start":{"line":26,"column":4},"end":{"line":28,"column":27}},"11":{"start":{"line":31,"column":26},"end":{"line":31,"column":50}},"12":{"start":{"line":31,"column":32},"end":{"line":31,"column":50}},"13":{"start":{"line":32,"column":27},"end":{"line":32,"column":52}},"14":{"start":{"line":32,"column":33},"end":{"line":32,"column":52}},"15":{"start":{"line":36,"column":2},"end":{"line":61,"column":4}}},"fnMap":{"0":{"name":"(anonymous_0)","decl":{"start":{"line":11,"column":17},"end":{"line":11,"column":18}},"loc":{"start":{"line":11,"column":38},"end":{"line":62,"column":1}},"line":11},"1":{"name":"(anonymous_1)","decl":{"start":{"line":17,"column":12},"end":{"line":17,"column":13}},"loc":{"start":{"line":17,"column":18},"end":{"line":23,"column":3}},"line":17},"2":{"name":"(anonymous_2)","decl":{"start":{"line":19,"column":12},"end":{"line":19,"column":13}},"loc":{"start":{"line":19,"column":24},"end":{"line":21,"column":7}},"line":19},"3":{"name":"(anonymous_3)","decl":{"start":{"line":22,"column":13},"end":{"line":22,"column":14}},"loc":{"start":{"line":22,"column":20},"end":{"line":22,"column":36}},"line":22},"4":{"name":"(anonymous_4)","decl":{"start":{"line":25,"column":23},"end":{"line":25,"column":24}},"loc":{"start":{"line":25,"column":40},"end":{"line":29,"column":3}},"line":25},"5":{"name":"(anonymous_5)","decl":{"start":{"line":31,"column":26},"end":{"line":31,"column":27}},"loc":{"start":{"line":31,"column":32},"end":{"line":31,"column":50}},"line":31},"6":{"name":"(anonymous_6)","decl":{"start":{"line":32,"column":27},"end":{"line":32,"column":28}},"loc":{"start":{"line":32,"column":33},"end":{"line":32,"column":52}},"line":32}},"branchMap":{"0":{"loc":{"start":{"line":26,"column":4},"end":{"line":28,"column":26}},"type":"cond-expr","locations":[{"start":{"line":27,"column":8},"end":{"line":27,"column":35}},{"start":{"line":28,"column":8},"end":{"line":28,"column":26}}],"line":26},"1":{"loc":{"start":{"line":45,"column":9},"end":{"line":51,"column":16}},"type":"cond-expr","locations":[{"start":{"line":46,"column":10},"end":{"line":50,"column":12}},{"start":{"line":51,"column":12},"end":{"line":51,"column":16}}],"line":45},"2":{"loc":{"start":{"line":45,"column":9},"end":{"line":45,"column":71}},"type":"binary-expr","locations":[{"start":{"line":45,"column":9},"end":{"line":45,"column":32}},{"start":{"line":45,"column":36},"end":{"line":45,"column":71}}],"line":45}},"s":{"0":1,"1":2,"2":2,"3":2,"4":2,"5":2,"6":1,"7":0,"8":0,"9":2,"10":0,"11":2,"12":0,"13":2,"14":0,"15":2},"f":{"0":2,"1":1,"2":0,"3":0,"4":0,"5":0,"6":0},"b":{"0":[0,0],"1":[0,2],"2":[2,2]},"_coverageSchema":"1a1c01bbd47fc00a2c39e90264f33305004495a9","hash":"42d92545d71a9c6f67c60e6f9b141d8d147acb8a"}
,"/Users/josephrivera/HackReactor/FEC/client/src/QA/QAcomponents/AddQuestion.jsx": {"path":"/Users/josephrivera/HackReactor/FEC/client/src/QA/QAcomponents/AddQuestion.jsx","statementMap":{"0":{"start":{"line":5,"column":20},"end":{"line":117,"column":1}},"1":{"start":{"line":7,"column":26},"end":{"line":7,"column":38}},"2":{"start":{"line":8,"column":28},"end":{"line":8,"column":40}},"3":{"start":{"line":9,"column":42},"end":{"line":9,"column":54}},"4":{"start":{"line":11,"column":22},"end":{"line":14,"column":3}},"5":{"start":{"line":12,"column":4},"end":{"line":12,"column":28}},"6":{"start":{"line":13,"column":4},"end":{"line":13,"column":23}},"7":{"start":{"line":17,"column":27},"end":{"line":20,"column":3}},"8":{"start":{"line":18,"column":26},"end":{"line":18,"column":177}},"9":{"start":{"line":19,"column":4},"end":{"line":19,"column":37}},"10":{"start":{"line":22,"column":19},"end":{"line":28,"column":3}},"11":{"start":{"line":23,"column":4},"end":{"line":27,"column":46}},"12":{"start":{"line":30,"column":31},"end":{"line":48,"column":3}},"13":{"start":{"line":31,"column":4},"end":{"line":31,"column":27}},"14":{"start":{"line":33,"column":4},"end":{"line":47,"column":13}},"15":{"start":{"line":41,"column":10},"end":{"line":41,"column":64}},"16":{"start":{"line":42,"column":10},"end":{"line":42,"column":29}},"17":{"start":{"line":45,"column":10},"end":{"line":45,"column":27}},"18":{"start":{"line":50,"column":4},"end":{"line":108,"column":10}},"19":{"start":{"line":52,"column":24},"end":{"line":52,"column":42}},"20":{"start":{"line":55,"column":26},"end":{"line":55,"column":49}},"21":{"start":{"line":58,"column":28},"end":{"line":58,"column":46}},"22":{"start":{"line":65,"column":35},"end":{"line":65,"column":51}},"23":{"start":{"line":77,"column":35},"end":{"line":77,"column":51}},"24":{"start":{"line":89,"column":35},"end":{"line":89,"column":51}},"25":{"start":{"line":101,"column":34},"end":{"line":101,"column":62}},"26":{"start":{"line":111,"column":2},"end":{"line":116,"column":4}}},"fnMap":{"0":{"name":"(anonymous_0)","decl":{"start":{"line":5,"column":20},"end":{"line":5,"column":21}},"loc":{"start":{"line":5,"column":68},"end":{"line":117,"column":1}},"line":5},"1":{"name":"(anonymous_1)","decl":{"start":{"line":11,"column":22},"end":{"line":11,"column":23}},"loc":{"start":{"line":11,"column":33},"end":{"line":14,"column":3}},"line":11},"2":{"name":"(anonymous_2)","decl":{"start":{"line":17,"column":27},"end":{"line":17,"column":28}},"loc":{"start":{"line":17,"column":38},"end":{"line":20,"column":3}},"line":17},"3":{"name":"(anonymous_3)","decl":{"start":{"line":22,"column":19},"end":{"line":22,"column":20}},"loc":{"start":{"line":22,"column":30},"end":{"line":28,"column":3}},"line":22},"4":{"name":"(anonymous_4)","decl":{"start":{"line":30,"column":31},"end":{"line":30,"column":32}},"loc":{"start":{"line":30,"column":42},"end":{"line":48,"column":3}},"line":30},"5":{"name":"(anonymous_5)","decl":{"start":{"line":40,"column":14},"end":{"line":40,"column":15}},"loc":{"start":{"line":40,"column":28},"end":{"line":43,"column":9}},"line":40},"6":{"name":"(anonymous_6)","decl":{"start":{"line":44,"column":15},"end":{"line":44,"column":16}},"loc":{"start":{"line":44,"column":22},"end":{"line":46,"column":9}},"line":44},"7":{"name":"(anonymous_7)","decl":{"start":{"line":52,"column":15},"end":{"line":52,"column":16}},"loc":{"start":{"line":52,"column":24},"end":{"line":52,"column":42}},"line":52},"8":{"name":"(anonymous_8)","decl":{"start":{"line":55,"column":17},"end":{"line":55,"column":18}},"loc":{"start":{"line":55,"column":26},"end":{"line":55,"column":49}},"line":55},"9":{"name":"(anonymous_9)","decl":{"start":{"line":58,"column":19},"end":{"line":58,"column":20}},"loc":{"start":{"line":58,"column":28},"end":{"line":58,"column":46}},"line":58},"10":{"name":"(anonymous_10)","decl":{"start":{"line":65,"column":22},"end":{"line":65,"column":23}},"loc":{"start":{"line":65,"column":33},"end":{"line":65,"column":53}},"line":65},"11":{"name":"(anonymous_11)","decl":{"start":{"line":77,"column":22},"end":{"line":77,"column":23}},"loc":{"start":{"line":77,"column":33},"end":{"line":77,"column":53}},"line":77},"12":{"name":"(anonymous_12)","decl":{"start":{"line":89,"column":22},"end":{"line":89,"column":23}},"loc":{"start":{"line":89,"column":33},"end":{"line":89,"column":53}},"line":89},"13":{"name":"(anonymous_13)","decl":{"start":{"line":101,"column":21},"end":{"line":101,"column":22}},"loc":{"start":{"line":101,"column":32},"end":{"line":101,"column":64}},"line":101}},"branchMap":{"0":{"loc":{"start":{"line":23,"column":4},"end":{"line":27,"column":45}},"type":"cond-expr","locations":[{"start":{"line":24,"column":8},"end":{"line":24,"column":36}},{"start":{"line":25,"column":8},"end":{"line":27,"column":45}}],"line":23},"1":{"loc":{"start":{"line":25,"column":8},"end":{"line":27,"column":45}},"type":"cond-expr","locations":[{"start":{"line":26,"column":10},"end":{"line":26,"column":37}},{"start":{"line":27,"column":10},"end":{"line":27,"column":45}}],"line":25},"2":{"loc":{"start":{"line":33,"column":4},"end":{"line":47,"column":12}},"type":"cond-expr","locations":[{"start":{"line":34,"column":8},"end":{"line":46,"column":10}},{"start":{"line":47,"column":8},"end":{"line":47,"column":12}}],"line":33},"3":{"loc":{"start":{"line":113,"column":7},"end":{"line":113,"column":43}},"type":"cond-expr","locations":[{"start":{"line":113,"column":19},"end":{"line":113,"column":36}},{"start":{"line":113,"column":39},"end":{"line":113,"column":43}}],"line":113}},"s":{"0":1,"1":2,"2":2,"3":2,"4":2,"5":0,"6":0,"7":2,"8":0,"9":0,"10":2,"11":0,"12":2,"13":0,"14":0,"15":0,"16":0,"17":0,"18":2,"19":0,"20":0,"21":0,"22":0,"23":0,"24":0,"25":0,"26":2},"f":{"0":2,"1":0,"2":0,"3":0,"4":0,"5":0,"6":0,"7":0,"8":0,"9":0,"10":0,"11":0,"12":0,"13":0},"b":{"0":[0,0],"1":[0,0],"2":[0,0],"3":[0,2]},"_coverageSchema":"1a1c01bbd47fc00a2c39e90264f33305004495a9","hash":"d0abad3fddddb2c013fb9025ff951f06682e1741"}
,"/Users/josephrivera/HackReactor/FEC/client/src/QA/QAcomponents/AnswerPhotos.jsx": {"path":"/Users/josephrivera/HackReactor/FEC/client/src/QA/QAcomponents/AnswerPhotos.jsx","statementMap":{"0":{"start":{"line":3,"column":21},"end":{"line":36,"column":1}},"1":{"start":{"line":4,"column":28},"end":{"line":4,"column":43}},"2":{"start":{"line":6,"column":27},"end":{"line":8,"column":3}},"3":{"start":{"line":7,"column":4},"end":{"line":7,"column":21}},"4":{"start":{"line":11,"column":4},"end":{"line":19,"column":10}},"5":{"start":{"line":17,"column":26},"end":{"line":17,"column":49}},"6":{"start":{"line":22,"column":2},"end":{"line":34,"column":4}}},"fnMap":{"0":{"name":"(anonymous_0)","decl":{"start":{"line":3,"column":21},"end":{"line":3,"column":22}},"loc":{"start":{"line":3,"column":36},"end":{"line":36,"column":1}},"line":3},"1":{"name":"(anonymous_1)","decl":{"start":{"line":6,"column":27},"end":{"line":6,"column":28}},"loc":{"start":{"line":6,"column":38},"end":{"line":8,"column":3}},"line":6},"2":{"name":"(anonymous_2)","decl":{"start":{"line":17,"column":17},"end":{"line":17,"column":18}},"loc":{"start":{"line":17,"column":26},"end":{"line":17,"column":49}},"line":17}},"branchMap":{"0":{"loc":{"start":{"line":31,"column":9},"end":{"line":31,"column":40}},"type":"cond-expr","locations":[{"start":{"line":31,"column":17},"end":{"line":31,"column":33}},{"start":{"line":31,"column":36},"end":{"line":31,"column":40}}],"line":31}},"s":{"0":1,"1":0,"2":0,"3":0,"4":0,"5":0,"6":0},"f":{"0":0,"1":0,"2":0},"b":{"0":[0,0]},"_coverageSchema":"1a1c01bbd47fc00a2c39e90264f33305004495a9","hash":"d6f67e2ea78e0ba0e4788960fd573de329f49135"}
,"/Users/josephrivera/HackReactor/FEC/client/src/QA/QAcomponents/Answers.jsx": {"path":"/Users/josephrivera/HackReactor/FEC/client/src/QA/QAcomponents/Answers.jsx","statementMap":{"0":{"start":{"line":5,"column":16},"end":{"line":29,"column":1}},"1":{"start":{"line":6,"column":2},"end":{"line":28,"column":8}},"2":{"start":{"line":17,"column":8},"end":{"line":17,"column":46}}},"fnMap":{"0":{"name":"(anonymous_0)","decl":{"start":{"line":5,"column":16},"end":{"line":5,"column":17}},"loc":{"start":{"line":6,"column":2},"end":{"line":28,"column":8}},"line":6},"1":{"name":"(anonymous_1)","decl":{"start":{"line":16,"column":25},"end":{"line":16,"column":26}},"loc":{"start":{"line":17,"column":8},"end":{"line":17,"column":46}},"line":17}},"branchMap":{},"s":{"0":1,"1":0,"2":0},"f":{"0":0,"1":0},"b":{},"_coverageSchema":"1a1c01bbd47fc00a2c39e90264f33305004495a9","hash":"fc1e7e6221424244e701c30a33fc57c9e5f2504f"}
,"/Users/josephrivera/HackReactor/FEC/client/src/QA/QAcomponents/Helpful.jsx": {"path":"/Users/josephrivera/HackReactor/FEC/client/src/QA/QAcomponents/Helpful.jsx","statementMap":{"0":{"start":{"line":4,"column":16},"end":{"line":39,"column":1}},"1":{"start":{"line":6,"column":44},"end":{"line":6,"column":59}},"2":{"start":{"line":7,"column":42},"end":{"line":7,"column":57}},"3":{"start":{"line":9,"column":20},"end":{"line":16,"column":3}},"4":{"start":{"line":10,"column":4},"end":{"line":14,"column":95}},"5":{"start":{"line":13,"column":20},"end":{"line":13,"column":37}},"6":{"start":{"line":14,"column":22},"end":{"line":14,"column":93}},"7":{"start":{"line":15,"column":4},"end":{"line":15,"column":27}},"8":{"start":{"line":19,"column":2},"end":{"line":38,"column":4}}},"fnMap":{"0":{"name":"(anonymous_0)","decl":{"start":{"line":4,"column":16},"end":{"line":4,"column":17}},"loc":{"start":{"line":4,"column":71},"end":{"line":39,"column":1}},"line":4},"1":{"name":"(anonymous_1)","decl":{"start":{"line":9,"column":20},"end":{"line":9,"column":21}},"loc":{"start":{"line":9,"column":26},"end":{"line":16,"column":3}},"line":9},"2":{"name":"(anonymous_2)","decl":{"start":{"line":13,"column":14},"end":{"line":13,"column":15}},"loc":{"start":{"line":13,"column":20},"end":{"line":13,"column":37}},"line":13},"3":{"name":"(anonymous_3)","decl":{"start":{"line":14,"column":15},"end":{"line":14,"column":16}},"loc":{"start":{"line":14,"column":22},"end":{"line":14,"column":93}},"line":14}},"branchMap":{"0":{"loc":{"start":{"line":10,"column":4},"end":{"line":14,"column":94}},"type":"cond-expr","locations":[{"start":{"line":11,"column":8},"end":{"line":11,"column":38}},{"start":{"line":12,"column":8},"end":{"line":14,"column":94}}],"line":10},"1":{"loc":{"start":{"line":36,"column":14},"end":{"line":36,"column":59}},"type":"cond-expr","locations":[{"start":{"line":36,"column":30},"end":{"line":36,"column":45}},{"start":{"line":36,"column":48},"end":{"line":36,"column":59}}],"line":36}},"s":{"0":1,"1":0,"2":0,"3":0,"4":0,"5":0,"6":0,"7":0,"8":0},"f":{"0":0,"1":0,"2":0,"3":0},"b":{"0":[0,0],"1":[0,0]},"_coverageSchema":"1a1c01bbd47fc00a2c39e90264f33305004495a9","hash":"016433110f5efd5ce711e62d2e2b839b51c3f253"}
,"/Users/josephrivera/HackReactor/FEC/client/src/QA/QAcomponents/MoreAnswers.jsx": {"path":"/Users/josephrivera/HackReactor/FEC/client/src/QA/QAcomponents/MoreAnswers.jsx","statementMap":{"0":{"start":{"line":5,"column":20},"end":{"line":38,"column":1}},"1":{"start":{"line":6,"column":48},"end":{"line":6,"column":62}},"2":{"start":{"line":8,"column":2},"end":{"line":37,"column":4}},"3":{"start":{"line":15,"column":16},"end":{"line":15,"column":53}},"4":{"start":{"line":22,"column":14},"end":{"line":24,"column":16}},"5":{"start":{"line":29,"column":18},"end":{"line":29,"column":55}}},"fnMap":{"0":{"name":"(anonymous_0)","decl":{"start":{"line":5,"column":20},"end":{"line":5,"column":21}},"loc":{"start":{"line":5,"column":48},"end":{"line":38,"column":1}},"line":5},"1":{"name":"(anonymous_1)","decl":{"start":{"line":14,"column":23},"end":{"line":14,"column":24}},"loc":{"start":{"line":14,"column":29},"end":{"line":16,"column":15}},"line":14},"2":{"name":"(anonymous_2)","decl":{"start":{"line":21,"column":37},"end":{"line":21,"column":38}},"loc":{"start":{"line":21,"column":49},"end":{"line":25,"column":13}},"line":21},"3":{"name":"(anonymous_3)","decl":{"start":{"line":28,"column":25},"end":{"line":28,"column":26}},"loc":{"start":{"line":28,"column":31},"end":{"line":30,"column":17}},"line":28}},"branchMap":{"0":{"loc":{"start":{"line":11,"column":8},"end":{"line":34,"column":16}},"type":"cond-expr","locations":[{"start":{"line":12,"column":12},"end":{"line":19,"column":16}},{"start":{"line":20,"column":12},"end":{"line":34,"column":16}}],"line":11}},"s":{"0":1,"1":0,"2":0,"3":0,"4":0,"5":0},"f":{"0":0,"1":0,"2":0,"3":0},"b":{"0":[0,0]},"_coverageSchema":"1a1c01bbd47fc00a2c39e90264f33305004495a9","hash":"88c3abe32390064cc4fd1fadddee93e9b5b51e4a"}
,"/Users/josephrivera/HackReactor/FEC/client/src/QA/QAcomponents/MoreQuestions.jsx": {"path":"/Users/josephrivera/HackReactor/FEC/client/src/QA/QAcomponents/MoreQuestions.jsx","statementMap":{"0":{"start":{"line":5,"column":22},"end":{"line":49,"column":1}},"1":{"start":{"line":6,"column":52},"end":{"line":6,"column":66}},"2":{"start":{"line":8,"column":2},"end":{"line":48,"column":4}},"3":{"start":{"line":22,"column":14},"end":{"line":22,"column":55}},"4":{"start":{"line":29,"column":14},"end":{"line":31,"column":16}},"5":{"start":{"line":40,"column":16},"end":{"line":40,"column":57}}},"fnMap":{"0":{"name":"(anonymous_0)","decl":{"start":{"line":5,"column":22},"end":{"line":5,"column":23}},"loc":{"start":{"line":5,"column":41},"end":{"line":49,"column":1}},"line":5},"1":{"name":"(anonymous_1)","decl":{"start":{"line":21,"column":21},"end":{"line":21,"column":22}},"loc":{"start":{"line":21,"column":27},"end":{"line":23,"column":13}},"line":21},"2":{"name":"(anonymous_2)","decl":{"start":{"line":28,"column":36},"end":{"line":28,"column":37}},"loc":{"start":{"line":28,"column":50},"end":{"line":32,"column":13}},"line":28},"3":{"name":"(anonymous_3)","decl":{"start":{"line":39,"column":23},"end":{"line":39,"column":24}},"loc":{"start":{"line":39,"column":29},"end":{"line":41,"column":15}},"line":39}},"branchMap":{"0":{"loc":{"start":{"line":11,"column":8},"end":{"line":45,"column":16}},"type":"cond-expr","locations":[{"start":{"line":12,"column":12},"end":{"line":26,"column":16}},{"start":{"line":27,"column":12},"end":{"line":45,"column":16}}],"line":11}},"s":{"0":1,"1":0,"2":0,"3":0,"4":0,"5":0},"f":{"0":0,"1":0,"2":0,"3":0},"b":{"0":[0,0]},"_coverageSchema":"1a1c01bbd47fc00a2c39e90264f33305004495a9","hash":"1a45d6f6c65df2c0716f138b078c40b185c25373"}
,"/Users/josephrivera/HackReactor/FEC/client/src/QA/QAcomponents/Question.jsx": {"path":"/Users/josephrivera/HackReactor/FEC/client/src/QA/QAcomponents/Question.jsx","statementMap":{"0":{"start":{"line":6,"column":17},"end":{"line":29,"column":1}},"1":{"start":{"line":7,"column":18},"end":{"line":7,"column":47}},"2":{"start":{"line":8,"column":19},"end":{"line":8,"column":62}},"3":{"start":{"line":8,"column":40},"end":{"line":8,"column":61}},"4":{"start":{"line":10,"column":2},"end":{"line":28,"column":4}},"5":{"start":{"line":23,"column":34},"end":{"line":25,"column":56}}},"fnMap":{"0":{"name":"(anonymous_0)","decl":{"start":{"line":6,"column":17},"end":{"line":6,"column":18}},"loc":{"start":{"line":6,"column":46},"end":{"line":29,"column":1}},"line":6},"1":{"name":"(anonymous_1)","decl":{"start":{"line":8,"column":33},"end":{"line":8,"column":34}},"loc":{"start":{"line":8,"column":40},"end":{"line":8,"column":61}},"line":8},"2":{"name":"(anonymous_2)","decl":{"start":{"line":23,"column":15},"end":{"line":23,"column":16}},"loc":{"start":{"line":23,"column":34},"end":{"line":25,"column":56}},"line":23}},"branchMap":{"0":{"loc":{"start":{"line":23,"column":34},"end":{"line":25,"column":56}},"type":"cond-expr","locations":[{"start":{"line":24,"column":14},"end":{"line":24,"column":76}},{"start":{"line":25,"column":14},"end":{"line":25,"column":56}}],"line":23}},"s":{"0":1,"1":0,"2":0,"3":0,"4":0,"5":0},"f":{"0":0,"1":0,"2":0},"b":{"0":[0,0]},"_coverageSchema":"1a1c01bbd47fc00a2c39e90264f33305004495a9","hash":"88bf97b1bb371a8c798a8b4470119c8cb8ecfecf"}
,"/Users/josephrivera/HackReactor/FEC/client/src/QA/QAcomponents/QuestionList.jsx": {"path":"/Users/josephrivera/HackReactor/FEC/client/src/QA/QAcomponents/QuestionList.jsx","statementMap":{"0":{"start":{"line":5,"column":21},"end":{"line":45,"column":1}},"1":{"start":{"line":6,"column":2},"end":{"line":44,"column":8}},"2":{"start":{"line":13,"column":12},"end":{"line":21,"column":45}},"3":{"start":{"line":25,"column":10},"end":{"line":28,"column":11}},"4":{"start":{"line":27,"column":12},"end":{"line":27,"column":21}},"5":{"start":{"line":32,"column":12},"end":{"line":41,"column":16}}},"fnMap":{"0":{"name":"(anonymous_0)","decl":{"start":{"line":5,"column":21},"end":{"line":5,"column":22}},"loc":{"start":{"line":6,"column":2},"end":{"line":44,"column":8}},"line":6},"1":{"name":"(anonymous_1)","decl":{"start":{"line":12,"column":15},"end":{"line":12,"column":16}},"loc":{"start":{"line":13,"column":12},"end":{"line":21,"column":45}},"line":13},"2":{"name":"(anonymous_2)","decl":{"start":{"line":24,"column":25},"end":{"line":24,"column":26}},"loc":{"start":{"line":24,"column":30},"end":{"line":29,"column":9}},"line":24},"3":{"name":"(anonymous_3)","decl":{"start":{"line":31,"column":15},"end":{"line":31,"column":16}},"loc":{"start":{"line":32,"column":12},"end":{"line":41,"column":16}},"line":32}},"branchMap":{"0":{"loc":{"start":{"line":8,"column":6},"end":{"line":42,"column":12}},"type":"cond-expr","locations":[{"start":{"line":10,"column":8},"end":{"line":22,"column":12}},{"start":{"line":24,"column":8},"end":{"line":42,"column":12}}],"line":8},"1":{"loc":{"start":{"line":13,"column":12},"end":{"line":21,"column":45}},"type":"cond-expr","locations":[{"start":{"line":14,"column":16},"end":{"line":17,"column":16}},{"start":{"line":18,"column":16},"end":{"line":21,"column":45}}],"line":13},"2":{"loc":{"start":{"line":25,"column":10},"end":{"line":28,"column":11}},"type":"if","locations":[{"start":{"line":25,"column":10},"end":{"line":28,"column":11}},{"start":{"line":25,"column":10},"end":{"line":28,"column":11}}],"line":25},"3":{"loc":{"start":{"line":32,"column":12},"end":{"line":41,"column":16}},"type":"cond-expr","locations":[{"start":{"line":33,"column":16},"end":{"line":36,"column":16}},{"start":{"line":37,"column":16},"end":{"line":41,"column":16}}],"line":32}},"s":{"0":1,"1":0,"2":0,"3":0,"4":0,"5":0},"f":{"0":0,"1":0,"2":0,"3":0},"b":{"0":[0,0],"1":[0,0],"2":[0,0],"3":[0,0]},"_coverageSchema":"1a1c01bbd47fc00a2c39e90264f33305004495a9","hash":"5206e0ae877bf6d5a5d8e6b6bd9bdb06a2eb4388"}
,"/Users/josephrivera/HackReactor/FEC/client/src/QA/QAcomponents/Search.jsx": {"path":"/Users/josephrivera/HackReactor/FEC/client/src/QA/QAcomponents/Search.jsx","statementMap":{"0":{"start":{"line":3,"column":15},"end":{"line":22,"column":1}},"1":{"start":{"line":5,"column":22},"end":{"line":9,"column":3}},"2":{"start":{"line":6,"column":4},"end":{"line":6,"column":27}},"3":{"start":{"line":7,"column":23},"end":{"line":7,"column":28}},"4":{"start":{"line":8,"column":4},"end":{"line":8,"column":53}},"5":{"start":{"line":11,"column":2},"end":{"line":21,"column":4}},"6":{"start":{"line":17,"column":29},"end":{"line":17,"column":61}}},"fnMap":{"0":{"name":"(anonymous_0)","decl":{"start":{"line":3,"column":15},"end":{"line":3,"column":16}},"loc":{"start":{"line":3,"column":50},"end":{"line":22,"column":1}},"line":3},"1":{"name":"(anonymous_1)","decl":{"start":{"line":5,"column":22},"end":{"line":5,"column":23}},"loc":{"start":{"line":5,"column":33},"end":{"line":9,"column":3}},"line":5},"2":{"name":"(anonymous_2)","decl":{"start":{"line":17,"column":20},"end":{"line":17,"column":21}},"loc":{"start":{"line":17,"column":29},"end":{"line":17,"column":61}},"line":17}},"branchMap":{},"s":{"0":1,"1":2,"2":0,"3":0,"4":0,"5":2,"6":0},"f":{"0":2,"1":0,"2":0},"b":{},"_coverageSchema":"1a1c01bbd47fc00a2c39e90264f33305004495a9","hash":"1da3a887cbef89797f81d52b1fa13527f8eda7b8"}
,"/Users/josephrivera/HackReactor/FEC/client/src/Reviews/components/RatingEntry.jsx": {"path":"/Users/josephrivera/HackReactor/FEC/client/src/Reviews/components/RatingEntry.jsx","statementMap":{"0":{"start":{"line":10,"column":20},"end":{"line":316,"column":1}},"1":{"start":{"line":11,"column":46},"end":{"line":11,"column":58}},"2":{"start":{"line":12,"column":44},"end":{"line":12,"column":56}},"3":{"start":{"line":15,"column":2},"end":{"line":21,"column":25}},"4":{"start":{"line":16,"column":4},"end":{"line":20,"column":9}},"5":{"start":{"line":18,"column":8},"end":{"line":18,"column":41}},"6":{"start":{"line":19,"column":8},"end":{"line":19,"column":27}},"7":{"start":{"line":24,"column":18},"end":{"line":33,"column":3}},"8":{"start":{"line":25,"column":14},"end":{"line":25,"column":15}},"9":{"start":{"line":26,"column":16},"end":{"line":26,"column":17}},"10":{"start":{"line":27,"column":4},"end":{"line":30,"column":5}},"11":{"start":{"line":28,"column":6},"end":{"line":28,"column":54}},"12":{"start":{"line":29,"column":6},"end":{"line":29,"column":35}},"13":{"start":{"line":31,"column":17},"end":{"line":31,"column":28}},"14":{"start":{"line":32,"column":4},"end":{"line":32,"column":59}},"15":{"start":{"line":35,"column":2},"end":{"line":37,"column":23}},"16":{"start":{"line":36,"column":4},"end":{"line":36,"column":49}},"17":{"start":{"line":39,"column":29},"end":{"line":46,"column":3}},"18":{"start":{"line":40,"column":16},"end":{"line":40,"column":17}},"19":{"start":{"line":41,"column":4},"end":{"line":43,"column":5}},"20":{"start":{"line":42,"column":6},"end":{"line":42,"column":35}},"21":{"start":{"line":44,"column":17},"end":{"line":44,"column":46}},"22":{"start":{"line":45,"column":4},"end":{"line":45,"column":24}},"23":{"start":{"line":48,"column":20},"end":{"line":56,"column":3}},"24":{"start":{"line":49,"column":22},"end":{"line":49,"column":24}},"25":{"start":{"line":50,"column":4},"end":{"line":54,"column":7}},"26":{"start":{"line":51,"column":6},"end":{"line":53,"column":7}},"27":{"start":{"line":52,"column":8},"end":{"line":52,"column":34}},"28":{"start":{"line":55,"column":4},"end":{"line":55,"column":23}},"29":{"start":{"line":58,"column":27},"end":{"line":68,"column":3}},"30":{"start":{"line":59,"column":14},"end":{"line":59,"column":53}},"31":{"start":{"line":60,"column":4},"end":{"line":60,"column":38}},"32":{"start":{"line":61,"column":20},"end":{"line":61,"column":22}},"33":{"start":{"line":62,"column":4},"end":{"line":66,"column":7}},"34":{"start":{"line":63,"column":6},"end":{"line":65,"column":7}},"35":{"start":{"line":64,"column":8},"end":{"line":64,"column":32}},"36":{"start":{"line":67,"column":4},"end":{"line":67,"column":35}},"37":{"start":{"line":70,"column":24},"end":{"line":172,"column":3}},"38":{"start":{"line":71,"column":17},"end":{"line":71,"column":79}},"39":{"start":{"line":72,"column":4},"end":{"line":75,"column":5}},"40":{"start":{"line":73,"column":6},"end":{"line":73,"column":30}},"41":{"start":{"line":74,"column":6},"end":{"line":74,"column":33}},"42":{"start":{"line":74,"column":29},"end":{"line":74,"column":31}},"43":{"start":{"line":77,"column":22},"end":{"line":77,"column":58}},"44":{"start":{"line":78,"column":21},"end":{"line":78,"column":67}},"45":{"start":{"line":79,"column":22},"end":{"line":79,"column":70}},"46":{"start":{"line":81,"column":4},"end":{"line":167,"column":5}},"47":{"start":{"line":82,"column":6},"end":{"line":82,"column":44}},"48":{"start":{"line":83,"column":6},"end":{"line":92,"column":7}},"49":{"start":{"line":84,"column":8},"end":{"line":90,"column":9}},"50":{"start":{"line":85,"column":10},"end":{"line":85,"column":102}},"51":{"start":{"line":85,"column":49},"end":{"line":85,"column":100}},"52":{"start":{"line":86,"column":10},"end":{"line":86,"column":75}},"53":{"start":{"line":86,"column":46},"end":{"line":86,"column":73}},"54":{"start":{"line":88,"column":10},"end":{"line":88,"column":102}},"55":{"start":{"line":88,"column":49},"end":{"line":88,"column":100}},"56":{"start":{"line":89,"column":10},"end":{"line":89,"column":75}},"57":{"start":{"line":89,"column":46},"end":{"line":89,"column":73}},"58":{"start":{"line":91,"column":8},"end":{"line":91,"column":35}},"59":{"start":{"line":94,"column":6},"end":{"line":104,"column":7}},"60":{"start":{"line":95,"column":8},"end":{"line":102,"column":9}},"61":{"start":{"line":96,"column":10},"end":{"line":96,"column":102}},"62":{"start":{"line":96,"column":49},"end":{"line":96,"column":100}},"63":{"start":{"line":97,"column":10},"end":{"line":97,"column":75}},"64":{"start":{"line":97,"column":46},"end":{"line":97,"column":73}},"65":{"start":{"line":99,"column":10},"end":{"line":99,"column":102}},"66":{"start":{"line":99,"column":49},"end":{"line":99,"column":100}},"67":{"start":{"line":100,"column":10},"end":{"line":100,"column":75}},"68":{"start":{"line":100,"column":46},"end":{"line":100,"column":73}},"69":{"start":{"line":103,"column":8},"end":{"line":103,"column":35}},"70":{"start":{"line":106,"column":6},"end":{"line":115,"column":7}},"71":{"start":{"line":107,"column":8},"end":{"line":113,"column":9}},"72":{"start":{"line":108,"column":10},"end":{"line":108,"column":102}},"73":{"start":{"line":108,"column":49},"end":{"line":108,"column":100}},"74":{"start":{"line":109,"column":10},"end":{"line":109,"column":75}},"75":{"start":{"line":109,"column":46},"end":{"line":109,"column":73}},"76":{"start":{"line":111,"column":10},"end":{"line":111,"column":102}},"77":{"start":{"line":111,"column":49},"end":{"line":111,"column":100}},"78":{"start":{"line":112,"column":10},"end":{"line":112,"column":75}},"79":{"start":{"line":112,"column":46},"end":{"line":112,"column":73}},"80":{"start":{"line":114,"column":8},"end":{"line":114,"column":35}},"81":{"start":{"line":118,"column":6},"end":{"line":127,"column":7}},"82":{"start":{"line":119,"column":8},"end":{"line":125,"column":9}},"83":{"start":{"line":120,"column":10},"end":{"line":120,"column":102}},"84":{"start":{"line":120,"column":49},"end":{"line":120,"column":100}},"85":{"start":{"line":121,"column":10},"end":{"line":121,"column":75}},"86":{"start":{"line":121,"column":46},"end":{"line":121,"column":73}},"87":{"start":{"line":123,"column":10},"end":{"line":123,"column":102}},"88":{"start":{"line":123,"column":49},"end":{"line":123,"column":100}},"89":{"start":{"line":124,"column":10},"end":{"line":124,"column":75}},"90":{"start":{"line":124,"column":46},"end":{"line":124,"column":73}},"91":{"start":{"line":126,"column":8},"end":{"line":126,"column":35}},"92":{"start":{"line":129,"column":6},"end":{"line":138,"column":7}},"93":{"start":{"line":130,"column":8},"end":{"line":136,"column":9}},"94":{"start":{"line":131,"column":10},"end":{"line":131,"column":102}},"95":{"start":{"line":131,"column":49},"end":{"line":131,"column":100}},"96":{"start":{"line":132,"column":10},"end":{"line":132,"column":75}},"97":{"start":{"line":132,"column":46},"end":{"line":132,"column":73}},"98":{"start":{"line":134,"column":10},"end":{"line":134,"column":102}},"99":{"start":{"line":134,"column":49},"end":{"line":134,"column":100}},"100":{"start":{"line":135,"column":10},"end":{"line":135,"column":75}},"101":{"start":{"line":135,"column":46},"end":{"line":135,"column":73}},"102":{"start":{"line":137,"column":8},"end":{"line":137,"column":35}},"103":{"start":{"line":141,"column":6},"end":{"line":141,"column":41}},"104":{"start":{"line":143,"column":6},"end":{"line":146,"column":7}},"105":{"start":{"line":144,"column":8},"end":{"line":144,"column":83}},"106":{"start":{"line":144,"column":44},"end":{"line":144,"column":81}},"107":{"start":{"line":145,"column":8},"end":{"line":145,"column":48}},"108":{"start":{"line":148,"column":6},"end":{"line":151,"column":7}},"109":{"start":{"line":149,"column":8},"end":{"line":149,"column":83}},"110":{"start":{"line":149,"column":44},"end":{"line":149,"column":81}},"111":{"start":{"line":150,"column":8},"end":{"line":150,"column":48}},"112":{"start":{"line":153,"column":6},"end":{"line":156,"column":7}},"113":{"start":{"line":154,"column":8},"end":{"line":154,"column":83}},"114":{"start":{"line":154,"column":44},"end":{"line":154,"column":81}},"115":{"start":{"line":155,"column":8},"end":{"line":155,"column":48}},"116":{"start":{"line":158,"column":6},"end":{"line":161,"column":7}},"117":{"start":{"line":159,"column":8},"end":{"line":159,"column":83}},"118":{"start":{"line":159,"column":44},"end":{"line":159,"column":81}},"119":{"start":{"line":160,"column":8},"end":{"line":160,"column":48}},"120":{"start":{"line":163,"column":6},"end":{"line":166,"column":7}},"121":{"start":{"line":164,"column":8},"end":{"line":164,"column":83}},"122":{"start":{"line":164,"column":44},"end":{"line":164,"column":81}},"123":{"start":{"line":165,"column":8},"end":{"line":165,"column":48}},"124":{"start":{"line":169,"column":4},"end":{"line":171,"column":5}},"125":{"start":{"line":170,"column":6},"end":{"line":170,"column":20}},"126":{"start":{"line":174,"column":20},"end":{"line":183,"column":3}},"127":{"start":{"line":175,"column":26},"end":{"line":175,"column":74}},"128":{"start":{"line":176,"column":4},"end":{"line":180,"column":5}},"129":{"start":{"line":177,"column":6},"end":{"line":177,"column":53}},"130":{"start":{"line":179,"column":6},"end":{"line":179,"column":53}},"131":{"start":{"line":181,"column":4},"end":{"line":181,"column":30}},"132":{"start":{"line":182,"column":4},"end":{"line":182,"column":23}},"133":{"start":{"line":185,"column":25},"end":{"line":197,"column":3}},"134":{"start":{"line":186,"column":4},"end":{"line":186,"column":25}},"135":{"start":{"line":187,"column":21},"end":{"line":187,"column":54}},"136":{"start":{"line":188,"column":21},"end":{"line":188,"column":54}},"137":{"start":{"line":189,"column":22},"end":{"line":189,"column":55}},"138":{"start":{"line":190,"column":20},"end":{"line":190,"column":53}},"139":{"start":{"line":191,"column":20},"end":{"line":191,"column":53}},"140":{"start":{"line":192,"column":4},"end":{"line":192,"column":39}},"141":{"start":{"line":193,"column":4},"end":{"line":193,"column":39}},"142":{"start":{"line":194,"column":4},"end":{"line":194,"column":40}},"143":{"start":{"line":195,"column":4},"end":{"line":195,"column":38}},"144":{"start":{"line":196,"column":4},"end":{"line":196,"column":38}},"145":{"start":{"line":200,"column":2},"end":{"line":315,"column":4}}},"fnMap":{"0":{"name":"(anonymous_0)","decl":{"start":{"line":10,"column":20},"end":{"line":10,"column":21}},"loc":{"start":{"line":10,"column":274},"end":{"line":316,"column":1}},"line":10},"1":{"name":"(anonymous_1)","decl":{"start":{"line":15,"column":12},"end":{"line":15,"column":13}},"loc":{"start":{"line":15,"column":18},"end":{"line":21,"column":3}},"line":15},"2":{"name":"(anonymous_2)","decl":{"start":{"line":17,"column":12},"end":{"line":17,"column":13}},"loc":{"start":{"line":17,"column":26},"end":{"line":20,"column":7}},"line":17},"3":{"name":"(anonymous_3)","decl":{"start":{"line":24,"column":18},"end":{"line":24,"column":19}},"loc":{"start":{"line":24,"column":36},"end":{"line":33,"column":3}},"line":24},"4":{"name":"(anonymous_4)","decl":{"start":{"line":35,"column":12},"end":{"line":35,"column":13}},"loc":{"start":{"line":35,"column":18},"end":{"line":37,"column":3}},"line":35},"5":{"name":"(anonymous_5)","decl":{"start":{"line":39,"column":29},"end":{"line":39,"column":30}},"loc":{"start":{"line":39,"column":56},"end":{"line":46,"column":3}},"line":39},"6":{"name":"(anonymous_6)","decl":{"start":{"line":48,"column":20},"end":{"line":48,"column":21}},"loc":{"start":{"line":48,"column":39},"end":{"line":56,"column":3}},"line":48},"7":{"name":"(anonymous_7)","decl":{"start":{"line":50,"column":18},"end":{"line":50,"column":19}},"loc":{"start":{"line":50,"column":31},"end":{"line":54,"column":5}},"line":50},"8":{"name":"(anonymous_8)","decl":{"start":{"line":58,"column":27},"end":{"line":58,"column":28}},"loc":{"start":{"line":58,"column":51},"end":{"line":68,"column":3}},"line":58},"9":{"name":"(anonymous_9)","decl":{"start":{"line":62,"column":18},"end":{"line":62,"column":19}},"loc":{"start":{"line":62,"column":31},"end":{"line":66,"column":5}},"line":62},"10":{"name":"(anonymous_10)","decl":{"start":{"line":70,"column":24},"end":{"line":70,"column":25}},"loc":{"start":{"line":70,"column":41},"end":{"line":172,"column":3}},"line":70},"11":{"name":"(anonymous_11)","decl":{"start":{"line":74,"column":23},"end":{"line":74,"column":24}},"loc":{"start":{"line":74,"column":29},"end":{"line":74,"column":31}},"line":74},"12":{"name":"(anonymous_12)","decl":{"start":{"line":85,"column":30},"end":{"line":85,"column":31}},"loc":{"start":{"line":85,"column":49},"end":{"line":85,"column":100}},"line":85},"13":{"name":"(anonymous_13)","decl":{"start":{"line":86,"column":27},"end":{"line":86,"column":28}},"loc":{"start":{"line":86,"column":46},"end":{"line":86,"column":73}},"line":86},"14":{"name":"(anonymous_14)","decl":{"start":{"line":88,"column":30},"end":{"line":88,"column":31}},"loc":{"start":{"line":88,"column":49},"end":{"line":88,"column":100}},"line":88},"15":{"name":"(anonymous_15)","decl":{"start":{"line":89,"column":27},"end":{"line":89,"column":28}},"loc":{"start":{"line":89,"column":46},"end":{"line":89,"column":73}},"line":89},"16":{"name":"(anonymous_16)","decl":{"start":{"line":96,"column":30},"end":{"line":96,"column":31}},"loc":{"start":{"line":96,"column":49},"end":{"line":96,"column":100}},"line":96},"17":{"name":"(anonymous_17)","decl":{"start":{"line":97,"column":27},"end":{"line":97,"column":28}},"loc":{"start":{"line":97,"column":46},"end":{"line":97,"column":73}},"line":97},"18":{"name":"(anonymous_18)","decl":{"start":{"line":99,"column":30},"end":{"line":99,"column":31}},"loc":{"start":{"line":99,"column":49},"end":{"line":99,"column":100}},"line":99},"19":{"name":"(anonymous_19)","decl":{"start":{"line":100,"column":27},"end":{"line":100,"column":28}},"loc":{"start":{"line":100,"column":46},"end":{"line":100,"column":73}},"line":100},"20":{"name":"(anonymous_20)","decl":{"start":{"line":108,"column":30},"end":{"line":108,"column":31}},"loc":{"start":{"line":108,"column":49},"end":{"line":108,"column":100}},"line":108},"21":{"name":"(anonymous_21)","decl":{"start":{"line":109,"column":27},"end":{"line":109,"column":28}},"loc":{"start":{"line":109,"column":46},"end":{"line":109,"column":73}},"line":109},"22":{"name":"(anonymous_22)","decl":{"start":{"line":111,"column":30},"end":{"line":111,"column":31}},"loc":{"start":{"line":111,"column":49},"end":{"line":111,"column":100}},"line":111},"23":{"name":"(anonymous_23)","decl":{"start":{"line":112,"column":27},"end":{"line":112,"column":28}},"loc":{"start":{"line":112,"column":46},"end":{"line":112,"column":73}},"line":112},"24":{"name":"(anonymous_24)","decl":{"start":{"line":120,"column":30},"end":{"line":120,"column":31}},"loc":{"start":{"line":120,"column":49},"end":{"line":120,"column":100}},"line":120},"25":{"name":"(anonymous_25)","decl":{"start":{"line":121,"column":27},"end":{"line":121,"column":28}},"loc":{"start":{"line":121,"column":46},"end":{"line":121,"column":73}},"line":121},"26":{"name":"(anonymous_26)","decl":{"start":{"line":123,"column":30},"end":{"line":123,"column":31}},"loc":{"start":{"line":123,"column":49},"end":{"line":123,"column":100}},"line":123},"27":{"name":"(anonymous_27)","decl":{"start":{"line":124,"column":27},"end":{"line":124,"column":28}},"loc":{"start":{"line":124,"column":46},"end":{"line":124,"column":73}},"line":124},"28":{"name":"(anonymous_28)","decl":{"start":{"line":131,"column":30},"end":{"line":131,"column":31}},"loc":{"start":{"line":131,"column":49},"end":{"line":131,"column":100}},"line":131},"29":{"name":"(anonymous_29)","decl":{"start":{"line":132,"column":27},"end":{"line":132,"column":28}},"loc":{"start":{"line":132,"column":46},"end":{"line":132,"column":73}},"line":132},"30":{"name":"(anonymous_30)","decl":{"start":{"line":134,"column":30},"end":{"line":134,"column":31}},"loc":{"start":{"line":134,"column":49},"end":{"line":134,"column":100}},"line":134},"31":{"name":"(anonymous_31)","decl":{"start":{"line":135,"column":27},"end":{"line":135,"column":28}},"loc":{"start":{"line":135,"column":46},"end":{"line":135,"column":73}},"line":135},"32":{"name":"(anonymous_32)","decl":{"start":{"line":144,"column":25},"end":{"line":144,"column":26}},"loc":{"start":{"line":144,"column":44},"end":{"line":144,"column":81}},"line":144},"33":{"name":"(anonymous_33)","decl":{"start":{"line":149,"column":25},"end":{"line":149,"column":26}},"loc":{"start":{"line":149,"column":44},"end":{"line":149,"column":81}},"line":149},"34":{"name":"(anonymous_34)","decl":{"start":{"line":154,"column":25},"end":{"line":154,"column":26}},"loc":{"start":{"line":154,"column":44},"end":{"line":154,"column":81}},"line":154},"35":{"name":"(anonymous_35)","decl":{"start":{"line":159,"column":25},"end":{"line":159,"column":26}},"loc":{"start":{"line":159,"column":44},"end":{"line":159,"column":81}},"line":159},"36":{"name":"(anonymous_36)","decl":{"start":{"line":164,"column":25},"end":{"line":164,"column":26}},"loc":{"start":{"line":164,"column":44},"end":{"line":164,"column":81}},"line":164},"37":{"name":"(anonymous_37)","decl":{"start":{"line":174,"column":20},"end":{"line":174,"column":21}},"loc":{"start":{"line":174,"column":26},"end":{"line":183,"column":3}},"line":174},"38":{"name":"(anonymous_38)","decl":{"start":{"line":185,"column":25},"end":{"line":185,"column":26}},"loc":{"start":{"line":185,"column":31},"end":{"line":197,"column":3}},"line":185}},"branchMap":{"0":{"loc":{"start":{"line":51,"column":6},"end":{"line":53,"column":7}},"type":"if","locations":[{"start":{"line":51,"column":6},"end":{"line":53,"column":7}},{"start":{"line":51,"column":6},"end":{"line":53,"column":7}}],"line":51},"1":{"loc":{"start":{"line":63,"column":6},"end":{"line":65,"column":7}},"type":"if","locations":[{"start":{"line":63,"column":6},"end":{"line":65,"column":7}},{"start":{"line":63,"column":6},"end":{"line":65,"column":7}}],"line":63},"2":{"loc":{"start":{"line":72,"column":4},"end":{"line":75,"column":5}},"type":"if","locations":[{"start":{"line":72,"column":4},"end":{"line":75,"column":5}},{"start":{"line":72,"column":4},"end":{"line":75,"column":5}}],"line":72},"3":{"loc":{"start":{"line":81,"column":4},"end":{"line":167,"column":5}},"type":"if","locations":[{"start":{"line":81,"column":4},"end":{"line":167,"column":5}},{"start":{"line":81,"column":4},"end":{"line":167,"column":5}}],"line":81},"4":{"loc":{"start":{"line":83,"column":6},"end":{"line":92,"column":7}},"type":"if","locations":[{"start":{"line":83,"column":6},"end":{"line":92,"column":7}},{"start":{"line":83,"column":6},"end":{"line":92,"column":7}}],"line":83},"5":{"loc":{"start":{"line":84,"column":8},"end":{"line":90,"column":9}},"type":"if","locations":[{"start":{"line":84,"column":8},"end":{"line":90,"column":9}},{"start":{"line":84,"column":8},"end":{"line":90,"column":9}}],"line":84},"6":{"loc":{"start":{"line":94,"column":6},"end":{"line":104,"column":7}},"type":"if","locations":[{"start":{"line":94,"column":6},"end":{"line":104,"column":7}},{"start":{"line":94,"column":6},"end":{"line":104,"column":7}}],"line":94},"7":{"loc":{"start":{"line":95,"column":8},"end":{"line":102,"column":9}},"type":"if","locations":[{"start":{"line":95,"column":8},"end":{"line":102,"column":9}},{"start":{"line":95,"column":8},"end":{"line":102,"column":9}}],"line":95},"8":{"loc":{"start":{"line":106,"column":6},"end":{"line":115,"column":7}},"type":"if","locations":[{"start":{"line":106,"column":6},"end":{"line":115,"column":7}},{"start":{"line":106,"column":6},"end":{"line":115,"column":7}}],"line":106},"9":{"loc":{"start":{"line":107,"column":8},"end":{"line":113,"column":9}},"type":"if","locations":[{"start":{"line":107,"column":8},"end":{"line":113,"column":9}},{"start":{"line":107,"column":8},"end":{"line":113,"column":9}}],"line":107},"10":{"loc":{"start":{"line":118,"column":6},"end":{"line":127,"column":7}},"type":"if","locations":[{"start":{"line":118,"column":6},"end":{"line":127,"column":7}},{"start":{"line":118,"column":6},"end":{"line":127,"column":7}}],"line":118},"11":{"loc":{"start":{"line":119,"column":8},"end":{"line":125,"column":9}},"type":"if","locations":[{"start":{"line":119,"column":8},"end":{"line":125,"column":9}},{"start":{"line":119,"column":8},"end":{"line":125,"column":9}}],"line":119},"12":{"loc":{"start":{"line":129,"column":6},"end":{"line":138,"column":7}},"type":"if","locations":[{"start":{"line":129,"column":6},"end":{"line":138,"column":7}},{"start":{"line":129,"column":6},"end":{"line":138,"column":7}}],"line":129},"13":{"loc":{"start":{"line":130,"column":8},"end":{"line":136,"column":9}},"type":"if","locations":[{"start":{"line":130,"column":8},"end":{"line":136,"column":9}},{"start":{"line":130,"column":8},"end":{"line":136,"column":9}}],"line":130},"14":{"loc":{"start":{"line":143,"column":6},"end":{"line":146,"column":7}},"type":"if","locations":[{"start":{"line":143,"column":6},"end":{"line":146,"column":7}},{"start":{"line":143,"column":6},"end":{"line":146,"column":7}}],"line":143},"15":{"loc":{"start":{"line":148,"column":6},"end":{"line":151,"column":7}},"type":"if","locations":[{"start":{"line":148,"column":6},"end":{"line":151,"column":7}},{"start":{"line":148,"column":6},"end":{"line":151,"column":7}}],"line":148},"16":{"loc":{"start":{"line":153,"column":6},"end":{"line":156,"column":7}},"type":"if","locations":[{"start":{"line":153,"column":6},"end":{"line":156,"column":7}},{"start":{"line":153,"column":6},"end":{"line":156,"column":7}}],"line":153},"17":{"loc":{"start":{"line":158,"column":6},"end":{"line":161,"column":7}},"type":"if","locations":[{"start":{"line":158,"column":6},"end":{"line":161,"column":7}},{"start":{"line":158,"column":6},"end":{"line":161,"column":7}}],"line":158},"18":{"loc":{"start":{"line":163,"column":6},"end":{"line":166,"column":7}},"type":"if","locations":[{"start":{"line":163,"column":6},"end":{"line":166,"column":7}},{"start":{"line":163,"column":6},"end":{"line":166,"column":7}}],"line":163},"19":{"loc":{"start":{"line":169,"column":4},"end":{"line":171,"column":5}},"type":"if","locations":[{"start":{"line":169,"column":4},"end":{"line":171,"column":5}},{"start":{"line":169,"column":4},"end":{"line":171,"column":5}}],"line":169},"20":{"loc":{"start":{"line":176,"column":4},"end":{"line":180,"column":5}},"type":"if","locations":[{"start":{"line":176,"column":4},"end":{"line":180,"column":5}},{"start":{"line":176,"column":4},"end":{"line":180,"column":5}}],"line":176},"21":{"loc":{"start":{"line":204,"column":7},"end":{"line":313,"column":12}},"type":"cond-expr","locations":[{"start":{"line":205,"column":8},"end":{"line":312,"column":14}},{"start":{"line":313,"column":8},"end":{"line":313,"column":12}}],"line":204},"22":{"loc":{"start":{"line":219,"column":18},"end":{"line":221,"column":21}},"type":"cond-expr","locations":[{"start":{"line":220,"column":20},"end":{"line":220,"column":77}},{"start":{"line":221,"column":20},"end":{"line":221,"column":21}}],"line":219},"23":{"loc":{"start":{"line":229,"column":16},"end":{"line":231,"column":19}},"type":"cond-expr","locations":[{"start":{"line":230,"column":18},"end":{"line":230,"column":75}},{"start":{"line":231,"column":18},"end":{"line":231,"column":19}}],"line":229},"24":{"loc":{"start":{"line":238,"column":16},"end":{"line":240,"column":19}},"type":"cond-expr","locations":[{"start":{"line":239,"column":18},"end":{"line":239,"column":75}},{"start":{"line":240,"column":18},"end":{"line":240,"column":19}}],"line":238},"25":{"loc":{"start":{"line":247,"column":16},"end":{"line":249,"column":19}},"type":"cond-expr","locations":[{"start":{"line":248,"column":18},"end":{"line":248,"column":75}},{"start":{"line":249,"column":18},"end":{"line":249,"column":19}}],"line":247},"26":{"loc":{"start":{"line":255,"column":38},"end":{"line":257,"column":17}},"type":"cond-expr","locations":[{"start":{"line":256,"column":16},"end":{"line":256,"column":73}},{"start":{"line":257,"column":16},"end":{"line":257,"column":17}}],"line":255},"27":{"loc":{"start":{"line":259,"column":13},"end":{"line":270,"column":20}},"type":"cond-expr","locations":[{"start":{"line":260,"column":14},"end":{"line":264,"column":20}},{"start":{"line":265,"column":14},"end":{"line":270,"column":20}}],"line":259},"28":{"loc":{"start":{"line":277,"column":13},"end":{"line":285,"column":18}},"type":"cond-expr","locations":[{"start":{"line":278,"column":14},"end":{"line":284,"column":20}},{"start":{"line":285,"column":14},"end":{"line":285,"column":18}}],"line":277},"29":{"loc":{"start":{"line":287,"column":13},"end":{"line":293,"column":18}},"type":"cond-expr","locations":[{"start":{"line":288,"column":14},"end":{"line":292,"column":28}},{"start":{"line":293,"column":14},"end":{"line":293,"column":18}}],"line":287},"30":{"loc":{"start":{"line":295,"column":13},"end":{"line":301,"column":18}},"type":"cond-expr","locations":[{"start":{"line":296,"column":14},"end":{"line":300,"column":28}},{"start":{"line":301,"column":14},"end":{"line":301,"column":18}}],"line":295},"31":{"loc":{"start":{"line":303,"column":13},"end":{"line":309,"column":18}},"type":"cond-expr","locations":[{"start":{"line":304,"column":14},"end":{"line":308,"column":28}},{"start":{"line":309,"column":14},"end":{"line":309,"column":18}}],"line":303}},"s":{"0":1,"1":2,"2":2,"3":2,"4":1,"5":0,"6":0,"7":2,"8":1,"9":1,"10":1,"11":0,"12":0,"13":1,"14":1,"15":2,"16":1,"17":2,"18":0,"19":0,"20":0,"21":0,"22":0,"23":2,"24":0,"25":0,"26":0,"27":0,"28":0,"29":2,"30":0,"31":0,"32":0,"33":0,"34":0,"35":0,"36":0,"37":2,"38":0,"39":0,"40":0,"41":0,"42":0,"43":0,"44":0,"45":0,"46":0,"47":0,"48":0,"49":0,"50":0,"51":0,"52":0,"53":0,"54":0,"55":0,"56":0,"57":0,"58":0,"59":0,"60":0,"61":0,"62":0,"63":0,"64":0,"65":0,"66":0,"67":0,"68":0,"69":0,"70":0,"71":0,"72":0,"73":0,"74":0,"75":0,"76":0,"77":0,"78":0,"79":0,"80":0,"81":0,"82":0,"83":0,"84":0,"85":0,"86":0,"87":0,"88":0,"89":0,"90":0,"91":0,"92":0,"93":0,"94":0,"95":0,"96":0,"97":0,"98":0,"99":0,"100":0,"101":0,"102":0,"103":0,"104":0,"105":0,"106":0,"107":0,"108":0,"109":0,"110":0,"111":0,"112":0,"113":0,"114":0,"115":0,"116":0,"117":0,"118":0,"119":0,"120":0,"121":0,"122":0,"123":0,"124":0,"125":0,"126":2,"127":0,"128":0,"129":0,"130":0,"131":0,"132":0,"133":2,"134":0,"135":0,"136":0,"137":0,"138":0,"139":0,"140":0,"141":0,"142":0,"143":0,"144":0,"145":2},"f":{"0":2,"1":1,"2":0,"3":1,"4":1,"5":0,"6":0,"7":0,"8":0,"9":0,"10":0,"11":0,"12":0,"13":0,"14":0,"15":0,"16":0,"17":0,"18":0,"19":0,"20":0,"21":0,"22":0,"23":0,"24":0,"25":0,"26":0,"27":0,"28":0,"29":0,"30":0,"31":0,"32":0,"33":0,"34":0,"35":0,"36":0,"37":0,"38":0},"b":{"0":[0,0],"1":[0,0],"2":[0,0],"3":[0,0],"4":[0,0],"5":[0,0],"6":[0,0],"7":[0,0],"8":[0,0],"9":[0,0],"10":[0,0],"11":[0,0],"12":[0,0],"13":[0,0],"14":[0,0],"15":[0,0],"16":[0,0],"17":[0,0],"18":[0,0],"19":[0,0],"20":[0,0],"21":[0,2],"22":[0,0],"23":[0,0],"24":[0,0],"25":[0,0],"26":[0,0],"27":[0,0],"28":[0,0],"29":[0,0],"30":[0,0],"31":[0,0]},"_coverageSchema":"1a1c01bbd47fc00a2c39e90264f33305004495a9","hash":"a84ff89abd1aba1aca464182ffd1842f1dec7c97"}
,"/Users/josephrivera/HackReactor/FEC/client/src/Reviews/components/ReviewEntry.jsx": {"path":"/Users/josephrivera/HackReactor/FEC/client/src/Reviews/components/ReviewEntry.jsx","statementMap":{"0":{"start":{"line":6,"column":20},"end":{"line":325,"column":1}},"1":{"start":{"line":7,"column":46},"end":{"line":7,"column":58}},"2":{"start":{"line":8,"column":56},"end":{"line":8,"column":68}},"3":{"start":{"line":9,"column":44},"end":{"line":9,"column":56}},"4":{"start":{"line":10,"column":50},"end":{"line":10,"column":62}},"5":{"start":{"line":11,"column":44},"end":{"line":11,"column":56}},"6":{"start":{"line":12,"column":48},"end":{"line":12,"column":60}},"7":{"start":{"line":13,"column":48},"end":{"line":13,"column":60}},"8":{"start":{"line":14,"column":50},"end":{"line":14,"column":62}},"9":{"start":{"line":15,"column":46},"end":{"line":15,"column":58}},"10":{"start":{"line":16,"column":46},"end":{"line":16,"column":58}},"11":{"start":{"line":17,"column":38},"end":{"line":17,"column":50}},"12":{"start":{"line":18,"column":54},"end":{"line":18,"column":66}},"13":{"start":{"line":20,"column":2},"end":{"line":54,"column":18}},"14":{"start":{"line":21,"column":4},"end":{"line":53,"column":9}},"15":{"start":{"line":23,"column":8},"end":{"line":23,"column":22}},"16":{"start":{"line":24,"column":8},"end":{"line":44,"column":11}},"17":{"start":{"line":25,"column":10},"end":{"line":27,"column":11}},"18":{"start":{"line":26,"column":12},"end":{"line":26,"column":81}},"19":{"start":{"line":26,"column":50},"end":{"line":26,"column":79}},"20":{"start":{"line":29,"column":10},"end":{"line":31,"column":11}},"21":{"start":{"line":30,"column":12},"end":{"line":30,"column":81}},"22":{"start":{"line":30,"column":50},"end":{"line":30,"column":79}},"23":{"start":{"line":33,"column":10},"end":{"line":35,"column":11}},"24":{"start":{"line":34,"column":12},"end":{"line":34,"column":82}},"25":{"start":{"line":34,"column":51},"end":{"line":34,"column":80}},"26":{"start":{"line":37,"column":10},"end":{"line":39,"column":11}},"27":{"start":{"line":38,"column":12},"end":{"line":38,"column":80}},"28":{"start":{"line":38,"column":49},"end":{"line":38,"column":78}},"29":{"start":{"line":41,"column":10},"end":{"line":43,"column":11}},"30":{"start":{"line":42,"column":12},"end":{"line":42,"column":80}},"31":{"start":{"line":42,"column":49},"end":{"line":42,"column":78}},"32":{"start":{"line":45,"column":8},"end":{"line":45,"column":111}},"33":{"start":{"line":45,"column":73},"end":{"line":45,"column":106}},"34":{"start":{"line":46,"column":8},"end":{"line":46,"column":57}},"35":{"start":{"line":47,"column":8},"end":{"line":47,"column":63}},"36":{"start":{"line":48,"column":8},"end":{"line":48,"column":63}},"37":{"start":{"line":51,"column":8},"end":{"line":51,"column":25}},"38":{"start":{"line":52,"column":8},"end":{"line":52,"column":15}},"39":{"start":{"line":56,"column":2},"end":{"line":58,"column":22}},"40":{"start":{"line":57,"column":4},"end":{"line":57,"column":41}},"41":{"start":{"line":60,"column":20},"end":{"line":67,"column":3}},"42":{"start":{"line":61,"column":4},"end":{"line":61,"column":44}},"43":{"start":{"line":62,"column":4},"end":{"line":62,"column":43}},"44":{"start":{"line":63,"column":4},"end":{"line":63,"column":43}},"45":{"start":{"line":64,"column":4},"end":{"line":64,"column":44}},"46":{"start":{"line":65,"column":4},"end":{"line":65,"column":42}},"47":{"start":{"line":66,"column":4},"end":{"line":66,"column":42}},"48":{"start":{"line":69,"column":25},"end":{"line":74,"column":3}},"49":{"start":{"line":70,"column":16},"end":{"line":70,"column":50}},"50":{"start":{"line":71,"column":19},"end":{"line":71,"column":51}},"51":{"start":{"line":72,"column":4},"end":{"line":72,"column":34}},"52":{"start":{"line":73,"column":4},"end":{"line":73,"column":36}},"53":{"start":{"line":76,"column":25},"end":{"line":80,"column":3}},"54":{"start":{"line":77,"column":16},"end":{"line":77,"column":50}},"55":{"start":{"line":78,"column":15},"end":{"line":78,"column":58}},"56":{"start":{"line":79,"column":4},"end":{"line":79,"column":33}},"57":{"start":{"line":82,"column":31},"end":{"line":90,"column":3}},"58":{"start":{"line":83,"column":19},"end":{"line":83,"column":45}},"59":{"start":{"line":84,"column":13},"end":{"line":84,"column":57}},"60":{"start":{"line":85,"column":4},"end":{"line":89,"column":5}},"61":{"start":{"line":86,"column":6},"end":{"line":86,"column":71}},"62":{"start":{"line":87,"column":6},"end":{"line":87,"column":21}},"63":{"start":{"line":88,"column":6},"end":{"line":88,"column":46}},"64":{"start":{"line":92,"column":26},"end":{"line":101,"column":3}},"65":{"start":{"line":93,"column":25},"end":{"line":93,"column":43}},"66":{"start":{"line":94,"column":27},"end":{"line":94,"column":75}},"67":{"start":{"line":95,"column":24},"end":{"line":95,"column":47}},"68":{"start":{"line":96,"column":4},"end":{"line":100,"column":5}},"69":{"start":{"line":97,"column":6},"end":{"line":97,"column":59}},"70":{"start":{"line":98,"column":11},"end":{"line":100,"column":5}},"71":{"start":{"line":99,"column":6},"end":{"line":99,"column":59}},"72":{"start":{"line":103,"column":30},"end":{"line":116,"column":3}},"73":{"start":{"line":104,"column":16},"end":{"line":104,"column":17}},"74":{"start":{"line":105,"column":4},"end":{"line":115,"column":5}},"75":{"start":{"line":105,"column":17},"end":{"line":105,"column":18}},"76":{"start":{"line":106,"column":33},"end":{"line":106,"column":65}},"77":{"start":{"line":107,"column":34},"end":{"line":107,"column":83}},"78":{"start":{"line":108,"column":6},"end":{"line":111,"column":7}},"79":{"start":{"line":109,"column":8},"end":{"line":109,"column":94}},"80":{"start":{"line":109,"column":47},"end":{"line":109,"column":92}},"81":{"start":{"line":110,"column":8},"end":{"line":110,"column":16}},"82":{"start":{"line":112,"column":6},"end":{"line":114,"column":7}},"83":{"start":{"line":113,"column":8},"end":{"line":113,"column":14}},"84":{"start":{"line":118,"column":20},"end":{"line":128,"column":3}},"85":{"start":{"line":119,"column":26},"end":{"line":119,"column":74}},"86":{"start":{"line":121,"column":4},"end":{"line":125,"column":5}},"87":{"start":{"line":122,"column":6},"end":{"line":122,"column":53}},"88":{"start":{"line":124,"column":6},"end":{"line":124,"column":53}},"89":{"start":{"line":126,"column":4},"end":{"line":126,"column":30}},"90":{"start":{"line":127,"column":4},"end":{"line":127,"column":23}},"91":{"start":{"line":130,"column":25},"end":{"line":141,"column":3}},"92":{"start":{"line":131,"column":21},"end":{"line":131,"column":54}},"93":{"start":{"line":132,"column":21},"end":{"line":132,"column":54}},"94":{"start":{"line":133,"column":22},"end":{"line":133,"column":55}},"95":{"start":{"line":134,"column":20},"end":{"line":134,"column":53}},"96":{"start":{"line":135,"column":20},"end":{"line":135,"column":53}},"97":{"start":{"line":136,"column":4},"end":{"line":136,"column":39}},"98":{"start":{"line":137,"column":4},"end":{"line":137,"column":39}},"99":{"start":{"line":138,"column":4},"end":{"line":138,"column":40}},"100":{"start":{"line":139,"column":4},"end":{"line":139,"column":38}},"101":{"start":{"line":140,"column":4},"end":{"line":140,"column":38}},"102":{"start":{"line":145,"column":24},"end":{"line":148,"column":3}},"103":{"start":{"line":146,"column":16},"end":{"line":146,"column":54}},"104":{"start":{"line":147,"column":4},"end":{"line":147,"column":34}},"105":{"start":{"line":150,"column":31},"end":{"line":153,"column":3}},"106":{"start":{"line":151,"column":16},"end":{"line":151,"column":54}},"107":{"start":{"line":152,"column":4},"end":{"line":152,"column":33}},"108":{"start":{"line":155,"column":31},"end":{"line":157,"column":3}},"109":{"start":{"line":156,"column":4},"end":{"line":156,"column":27}},"110":{"start":{"line":159,"column":20},"end":{"line":164,"column":3}},"111":{"start":{"line":160,"column":18},"end":{"line":160,"column":41}},"112":{"start":{"line":161,"column":23},"end":{"line":161,"column":40}},"113":{"start":{"line":162,"column":23},"end":{"line":162,"column":63}},"114":{"start":{"line":163,"column":4},"end":{"line":163,"column":24}},"115":{"start":{"line":166,"column":17},"end":{"line":180,"column":3}},"116":{"start":{"line":167,"column":31},"end":{"line":167,"column":69}},"117":{"start":{"line":168,"column":31},"end":{"line":168,"column":73}},"118":{"start":{"line":169,"column":15},"end":{"line":169,"column":45}},"119":{"start":{"line":170,"column":4},"end":{"line":170,"column":68}},"120":{"start":{"line":171,"column":4},"end":{"line":171,"column":42}},"121":{"start":{"line":173,"column":4},"end":{"line":177,"column":5}},"122":{"start":{"line":174,"column":6},"end":{"line":174,"column":59}},"123":{"start":{"line":174,"column":32},"end":{"line":174,"column":57}},"124":{"start":{"line":176,"column":6},"end":{"line":176,"column":59}},"125":{"start":{"line":176,"column":32},"end":{"line":176,"column":57}},"126":{"start":{"line":178,"column":4},"end":{"line":178,"column":30}},"127":{"start":{"line":179,"column":4},"end":{"line":179,"column":18}},"128":{"start":{"line":182,"column":26},"end":{"line":182,"column":28}},"129":{"start":{"line":183,"column":20},"end":{"line":183,"column":22}},"130":{"start":{"line":184,"column":19},"end":{"line":193,"column":3}},"131":{"start":{"line":185,"column":4},"end":{"line":185,"column":74}},"132":{"start":{"line":186,"column":4},"end":{"line":186,"column":82}},"133":{"start":{"line":187,"column":4},"end":{"line":187,"column":76}},"134":{"start":{"line":188,"column":4},"end":{"line":188,"column":82}},"135":{"start":{"line":189,"column":4},"end":{"line":189,"column":78}},"136":{"start":{"line":190,"column":4},"end":{"line":190,"column":84}},"137":{"start":{"line":191,"column":4},"end":{"line":191,"column":51}},"138":{"start":{"line":192,"column":4},"end":{"line":192,"column":27}},"139":{"start":{"line":195,"column":23},"end":{"line":198,"column":3}},"140":{"start":{"line":196,"column":4},"end":{"line":196,"column":25}},"141":{"start":{"line":197,"column":4},"end":{"line":197,"column":46}},"142":{"start":{"line":203,"column":2},"end":{"line":324,"column":4}},"143":{"start":{"line":230,"column":12},"end":{"line":262,"column":18}},"144":{"start":{"line":253,"column":18},"end":{"line":259,"column":24}},"145":{"start":{"line":288,"column":91},"end":{"line":288,"column":112}},"146":{"start":{"line":290,"column":90},"end":{"line":290,"column":111}}},"fnMap":{"0":{"name":"(anonymous_0)","decl":{"start":{"line":6,"column":20},"end":{"line":6,"column":21}},"loc":{"start":{"line":6,"column":66},"end":{"line":325,"column":1}},"line":6},"1":{"name":"(anonymous_1)","decl":{"start":{"line":20,"column":12},"end":{"line":20,"column":13}},"loc":{"start":{"line":20,"column":18},"end":{"line":54,"column":3}},"line":20},"2":{"name":"(anonymous_2)","decl":{"start":{"line":22,"column":12},"end":{"line":22,"column":13}},"loc":{"start":{"line":22,"column":26},"end":{"line":49,"column":7}},"line":22},"3":{"name":"(anonymous_3)","decl":{"start":{"line":24,"column":34},"end":{"line":24,"column":35}},"loc":{"start":{"line":24,"column":47},"end":{"line":44,"column":9}},"line":24},"4":{"name":"(anonymous_4)","decl":{"start":{"line":26,"column":31},"end":{"line":26,"column":32}},"loc":{"start":{"line":26,"column":50},"end":{"line":26,"column":79}},"line":26},"5":{"name":"(anonymous_5)","decl":{"start":{"line":30,"column":31},"end":{"line":30,"column":32}},"loc":{"start":{"line":30,"column":50},"end":{"line":30,"column":79}},"line":30},"6":{"name":"(anonymous_6)","decl":{"start":{"line":34,"column":32},"end":{"line":34,"column":33}},"loc":{"start":{"line":34,"column":51},"end":{"line":34,"column":80}},"line":34},"7":{"name":"(anonymous_7)","decl":{"start":{"line":38,"column":30},"end":{"line":38,"column":31}},"loc":{"start":{"line":38,"column":49},"end":{"line":38,"column":78}},"line":38},"8":{"name":"(anonymous_8)","decl":{"start":{"line":42,"column":30},"end":{"line":42,"column":31}},"loc":{"start":{"line":42,"column":49},"end":{"line":42,"column":78}},"line":42},"9":{"name":"(anonymous_9)","decl":{"start":{"line":45,"column":61},"end":{"line":45,"column":62}},"loc":{"start":{"line":45,"column":71},"end":{"line":45,"column":108}},"line":45},"10":{"name":"(anonymous_10)","decl":{"start":{"line":50,"column":13},"end":{"line":50,"column":14}},"loc":{"start":{"line":50,"column":22},"end":{"line":53,"column":7}},"line":50},"11":{"name":"(anonymous_11)","decl":{"start":{"line":56,"column":12},"end":{"line":56,"column":13}},"loc":{"start":{"line":56,"column":18},"end":{"line":58,"column":3}},"line":56},"12":{"name":"(anonymous_12)","decl":{"start":{"line":60,"column":20},"end":{"line":60,"column":21}},"loc":{"start":{"line":60,"column":26},"end":{"line":67,"column":3}},"line":60},"13":{"name":"(anonymous_13)","decl":{"start":{"line":69,"column":25},"end":{"line":69,"column":26}},"loc":{"start":{"line":69,"column":42},"end":{"line":74,"column":3}},"line":69},"14":{"name":"(anonymous_14)","decl":{"start":{"line":76,"column":25},"end":{"line":76,"column":26}},"loc":{"start":{"line":76,"column":36},"end":{"line":80,"column":3}},"line":76},"15":{"name":"(anonymous_15)","decl":{"start":{"line":82,"column":31},"end":{"line":82,"column":32}},"loc":{"start":{"line":82,"column":42},"end":{"line":90,"column":3}},"line":82},"16":{"name":"(anonymous_16)","decl":{"start":{"line":92,"column":26},"end":{"line":92,"column":27}},"loc":{"start":{"line":92,"column":32},"end":{"line":101,"column":3}},"line":92},"17":{"name":"(anonymous_17)","decl":{"start":{"line":103,"column":30},"end":{"line":103,"column":31}},"loc":{"start":{"line":103,"column":87},"end":{"line":116,"column":3}},"line":103},"18":{"name":"(anonymous_18)","decl":{"start":{"line":109,"column":28},"end":{"line":109,"column":29}},"loc":{"start":{"line":109,"column":47},"end":{"line":109,"column":92}},"line":109},"19":{"name":"(anonymous_19)","decl":{"start":{"line":118,"column":20},"end":{"line":118,"column":21}},"loc":{"start":{"line":118,"column":26},"end":{"line":128,"column":3}},"line":118},"20":{"name":"(anonymous_20)","decl":{"start":{"line":130,"column":25},"end":{"line":130,"column":26}},"loc":{"start":{"line":130,"column":31},"end":{"line":141,"column":3}},"line":130},"21":{"name":"(anonymous_21)","decl":{"start":{"line":145,"column":24},"end":{"line":145,"column":25}},"loc":{"start":{"line":145,"column":30},"end":{"line":148,"column":3}},"line":145},"22":{"name":"(anonymous_22)","decl":{"start":{"line":150,"column":31},"end":{"line":150,"column":32}},"loc":{"start":{"line":150,"column":37},"end":{"line":153,"column":3}},"line":150},"23":{"name":"(anonymous_23)","decl":{"start":{"line":155,"column":31},"end":{"line":155,"column":32}},"loc":{"start":{"line":155,"column":42},"end":{"line":157,"column":3}},"line":155},"24":{"name":"(anonymous_24)","decl":{"start":{"line":159,"column":20},"end":{"line":159,"column":21}},"loc":{"start":{"line":159,"column":32},"end":{"line":164,"column":3}},"line":159},"25":{"name":"(anonymous_25)","decl":{"start":{"line":166,"column":17},"end":{"line":166,"column":18}},"loc":{"start":{"line":166,"column":28},"end":{"line":180,"column":3}},"line":166},"26":{"name":"(anonymous_26)","decl":{"start":{"line":174,"column":26},"end":{"line":174,"column":27}},"loc":{"start":{"line":174,"column":32},"end":{"line":174,"column":57}},"line":174},"27":{"name":"(anonymous_27)","decl":{"start":{"line":176,"column":26},"end":{"line":176,"column":27}},"loc":{"start":{"line":176,"column":32},"end":{"line":176,"column":57}},"line":176},"28":{"name":"(anonymous_28)","decl":{"start":{"line":184,"column":19},"end":{"line":184,"column":20}},"loc":{"start":{"line":184,"column":30},"end":{"line":193,"column":3}},"line":184},"29":{"name":"(anonymous_29)","decl":{"start":{"line":195,"column":23},"end":{"line":195,"column":24}},"loc":{"start":{"line":195,"column":35},"end":{"line":198,"column":3}},"line":195},"30":{"name":"(anonymous_30)","decl":{"start":{"line":229,"column":31},"end":{"line":229,"column":32}},"loc":{"start":{"line":230,"column":12},"end":{"line":262,"column":18}},"line":230},"31":{"name":"(anonymous_31)","decl":{"start":{"line":252,"column":34},"end":{"line":252,"column":35}},"loc":{"start":{"line":253,"column":18},"end":{"line":259,"column":24}},"line":253},"32":{"name":"(anonymous_32)","decl":{"start":{"line":288,"column":77},"end":{"line":288,"column":78}},"loc":{"start":{"line":288,"column":89},"end":{"line":288,"column":114}},"line":288},"33":{"name":"(anonymous_33)","decl":{"start":{"line":290,"column":76},"end":{"line":290,"column":77}},"loc":{"start":{"line":290,"column":88},"end":{"line":290,"column":113}},"line":290}},"branchMap":{"0":{"loc":{"start":{"line":25,"column":10},"end":{"line":27,"column":11}},"type":"if","locations":[{"start":{"line":25,"column":10},"end":{"line":27,"column":11}},{"start":{"line":25,"column":10},"end":{"line":27,"column":11}}],"line":25},"1":{"loc":{"start":{"line":29,"column":10},"end":{"line":31,"column":11}},"type":"if","locations":[{"start":{"line":29,"column":10},"end":{"line":31,"column":11}},{"start":{"line":29,"column":10},"end":{"line":31,"column":11}}],"line":29},"2":{"loc":{"start":{"line":33,"column":10},"end":{"line":35,"column":11}},"type":"if","locations":[{"start":{"line":33,"column":10},"end":{"line":35,"column":11}},{"start":{"line":33,"column":10},"end":{"line":35,"column":11}}],"line":33},"3":{"loc":{"start":{"line":37,"column":10},"end":{"line":39,"column":11}},"type":"if","locations":[{"start":{"line":37,"column":10},"end":{"line":39,"column":11}},{"start":{"line":37,"column":10},"end":{"line":39,"column":11}}],"line":37},"4":{"loc":{"start":{"line":41,"column":10},"end":{"line":43,"column":11}},"type":"if","locations":[{"start":{"line":41,"column":10},"end":{"line":43,"column":11}},{"start":{"line":41,"column":10},"end":{"line":43,"column":11}}],"line":41},"5":{"loc":{"start":{"line":85,"column":4},"end":{"line":89,"column":5}},"type":"if","locations":[{"start":{"line":85,"column":4},"end":{"line":89,"column":5}},{"start":{"line":85,"column":4},"end":{"line":89,"column":5}}],"line":85},"6":{"loc":{"start":{"line":96,"column":4},"end":{"line":100,"column":5}},"type":"if","locations":[{"start":{"line":96,"column":4},"end":{"line":100,"column":5}},{"start":{"line":96,"column":4},"end":{"line":100,"column":5}}],"line":96},"7":{"loc":{"start":{"line":98,"column":11},"end":{"line":100,"column":5}},"type":"if","locations":[{"start":{"line":98,"column":11},"end":{"line":100,"column":5}},{"start":{"line":98,"column":11},"end":{"line":100,"column":5}}],"line":98},"8":{"loc":{"start":{"line":108,"column":6},"end":{"line":111,"column":7}},"type":"if","locations":[{"start":{"line":108,"column":6},"end":{"line":111,"column":7}},{"start":{"line":108,"column":6},"end":{"line":111,"column":7}}],"line":108},"9":{"loc":{"start":{"line":112,"column":6},"end":{"line":114,"column":7}},"type":"if","locations":[{"start":{"line":112,"column":6},"end":{"line":114,"column":7}},{"start":{"line":112,"column":6},"end":{"line":114,"column":7}}],"line":112},"10":{"loc":{"start":{"line":121,"column":4},"end":{"line":125,"column":5}},"type":"if","locations":[{"start":{"line":121,"column":4},"end":{"line":125,"column":5}},{"start":{"line":121,"column":4},"end":{"line":125,"column":5}}],"line":121},"11":{"loc":{"start":{"line":173,"column":4},"end":{"line":177,"column":5}},"type":"if","locations":[{"start":{"line":173,"column":4},"end":{"line":177,"column":5}},{"start":{"line":173,"column":4},"end":{"line":177,"column":5}}],"line":173},"12":{"loc":{"start":{"line":228,"column":9},"end":{"line":263,"column":14}},"type":"cond-expr","locations":[{"start":{"line":229,"column":10},"end":{"line":262,"column":19}},{"start":{"line":263,"column":10},"end":{"line":263,"column":14}}],"line":228},"13":{"loc":{"start":{"line":242,"column":15},"end":{"line":245,"column":20}},"type":"cond-expr","locations":[{"start":{"line":243,"column":16},"end":{"line":244,"column":197}},{"start":{"line":245,"column":16},"end":{"line":245,"column":20}}],"line":242},"14":{"loc":{"start":{"line":251,"column":45},"end":{"line":261,"column":20}},"type":"cond-expr","locations":[{"start":{"line":252,"column":16},"end":{"line":260,"column":18}},{"start":{"line":261,"column":16},"end":{"line":261,"column":20}}],"line":251}},"s":{"0":1,"1":2,"2":2,"3":2,"4":2,"5":2,"6":2,"7":2,"8":2,"9":2,"10":2,"11":2,"12":2,"13":2,"14":1,"15":0,"16":0,"17":0,"18":0,"19":0,"20":0,"21":0,"22":0,"23":0,"24":0,"25":0,"26":0,"27":0,"28":0,"29":0,"30":0,"31":0,"32":0,"33":0,"34":0,"35":0,"36":0,"37":0,"38":0,"39":2,"40":1,"41":2,"42":0,"43":0,"44":0,"45":0,"46":0,"47":0,"48":2,"49":0,"50":0,"51":0,"52":0,"53":2,"54":0,"55":0,"56":0,"57":2,"58":0,"59":0,"60":0,"61":0,"62":0,"63":0,"64":2,"65":0,"66":0,"67":0,"68":0,"69":0,"70":0,"71":0,"72":2,"73":0,"74":0,"75":0,"76":0,"77":0,"78":0,"79":0,"80":0,"81":0,"82":0,"83":0,"84":2,"85":0,"86":0,"87":0,"88":0,"89":0,"90":0,"91":2,"92":0,"93":0,"94":0,"95":0,"96":0,"97":0,"98":0,"99":0,"100":0,"101":0,"102":2,"103":0,"104":0,"105":2,"106":0,"107":0,"108":2,"109":0,"110":2,"111":0,"112":0,"113":0,"114":0,"115":2,"116":0,"117":0,"118":0,"119":0,"120":0,"121":0,"122":0,"123":0,"124":0,"125":0,"126":0,"127":0,"128":2,"129":2,"130":2,"131":0,"132":0,"133":0,"134":0,"135":0,"136":0,"137":0,"138":0,"139":2,"140":0,"141":0,"142":2,"143":0,"144":0,"145":0,"146":0},"f":{"0":2,"1":1,"2":0,"3":0,"4":0,"5":0,"6":0,"7":0,"8":0,"9":0,"10":0,"11":1,"12":0,"13":0,"14":0,"15":0,"16":0,"17":0,"18":0,"19":0,"20":0,"21":0,"22":0,"23":0,"24":0,"25":0,"26":0,"27":0,"28":0,"29":0,"30":0,"31":0,"32":0,"33":0},"b":{"0":[0,0],"1":[0,0],"2":[0,0],"3":[0,0],"4":[0,0],"5":[0,0],"6":[0,0],"7":[0,0],"8":[0,0],"9":[0,0],"10":[0,0],"11":[0,0],"12":[0,2],"13":[0,0],"14":[0,0]},"_coverageSchema":"1a1c01bbd47fc00a2c39e90264f33305004495a9","hash":"2ca657265f755ec5cd9c5e7f4f32d005bd2f9fb9"}
,"/Users/josephrivera/HackReactor/FEC/client/src/Reviews/components/stars.jsx": {"path":"/Users/josephrivera/HackReactor/FEC/client/src/Reviews/components/stars.jsx","statementMap":{"0":{"start":{"line":4,"column":14},"end":{"line":10,"column":1}},"1":{"start":{"line":5,"column":2},"end":{"line":9,"column":4}}},"fnMap":{"0":{"name":"(anonymous_0)","decl":{"start":{"line":4,"column":14},"end":{"line":4,"column":15}},"loc":{"start":{"line":4,"column":25},"end":{"line":10,"column":1}},"line":4}},"branchMap":{},"s":{"0":1,"1":0},"f":{"0":0},"b":{},"_coverageSchema":"1a1c01bbd47fc00a2c39e90264f33305004495a9","hash":"c67997774dd9da71a49623dc2a91b6a176c90067"}
,"/Users/josephrivera/HackReactor/FEC/client/src/productOverview/cart.jsx": {"path":"/Users/josephrivera/HackReactor/FEC/client/src/productOverview/cart.jsx","statementMap":{"0":{"start":{"line":3,"column":13},"end":{"line":10,"column":1}},"1":{"start":{"line":4,"column":2},"end":{"line":9,"column":4}}},"fnMap":{"0":{"name":"(anonymous_0)","decl":{"start":{"line":3,"column":13},"end":{"line":3,"column":14}},"loc":{"start":{"line":3,"column":24},"end":{"line":10,"column":1}},"line":3}},"branchMap":{},"s":{"0":2,"1":3},"f":{"0":3},"b":{},"_coverageSchema":"1a1c01bbd47fc00a2c39e90264f33305004495a9","hash":"327a0631edbe67979657b9c7d4a3bd2a7de4057a"}
,"/Users/josephrivera/HackReactor/FEC/client/src/productOverview/description.jsx": {"path":"/Users/josephrivera/HackReactor/FEC/client/src/productOverview/description.jsx","statementMap":{"0":{"start":{"line":3,"column":20},"end":{"line":10,"column":1}},"1":{"start":{"line":4,"column":2},"end":{"line":9,"column":4}}},"fnMap":{"0":{"name":"(anonymous_0)","decl":{"start":{"line":3,"column":20},"end":{"line":3,"column":21}},"loc":{"start":{"line":3,"column":31},"end":{"line":10,"column":1}},"line":3}},"branchMap":{},"s":{"0":2,"1":3},"f":{"0":3},"b":{},"_coverageSchema":"1a1c01bbd47fc00a2c39e90264f33305004495a9","hash":"05e945217b9db0c421bbb017f78e2cfadb43334f"}
,"/Users/josephrivera/HackReactor/FEC/client/src/productOverview/feature.jsx": {"path":"/Users/josephrivera/HackReactor/FEC/client/src/productOverview/feature.jsx","statementMap":{"0":{"start":{"line":3,"column":16},"end":{"line":13,"column":1}},"1":{"start":{"line":4,"column":2},"end":{"line":12,"column":4}},"2":{"start":{"line":8,"column":39},"end":{"line":8,"column":130}}},"fnMap":{"0":{"name":"(anonymous_0)","decl":{"start":{"line":3,"column":16},"end":{"line":3,"column":17}},"loc":{"start":{"line":3,"column":27},"end":{"line":13,"column":1}},"line":3},"1":{"name":"(anonymous_1)","decl":{"start":{"line":8,"column":32},"end":{"line":8,"column":33}},"loc":{"start":{"line":8,"column":39},"end":{"line":8,"column":130}},"line":8}},"branchMap":{"0":{"loc":{"start":{"line":6,"column":7},"end":{"line":9,"column":16}},"type":"binary-expr","locations":[{"start":{"line":6,"column":7},"end":{"line":6,"column":21}},{"start":{"line":7,"column":10},"end":{"line":9,"column":16}}],"line":6}},"s":{"0":2,"1":3,"2":0},"f":{"0":3,"1":0},"b":{"0":[3,0]},"_coverageSchema":"1a1c01bbd47fc00a2c39e90264f33305004495a9","hash":"313575042a26303ae07757d508f68ff33fcca194"}
,"/Users/josephrivera/HackReactor/FEC/client/src/productOverview/image.jsx": {"path":"/Users/josephrivera/HackReactor/FEC/client/src/productOverview/image.jsx","statementMap":{"0":{"start":{"line":3,"column":14},"end":{"line":127,"column":1}},"1":{"start":{"line":4,"column":21},"end":{"line":4,"column":39}},"2":{"start":{"line":5,"column":30},"end":{"line":5,"column":57}},"3":{"start":{"line":6,"column":34},"end":{"line":6,"column":45}},"4":{"start":{"line":7,"column":34},"end":{"line":7,"column":92}},"5":{"start":{"line":8,"column":28},"end":{"line":8,"column":39}},"6":{"start":{"line":9,"column":24},"end":{"line":9,"column":35}},"7":{"start":{"line":10,"column":34},"end":{"line":10,"column":46}},"8":{"start":{"line":11,"column":46},"end":{"line":11,"column":58}},"9":{"start":{"line":12,"column":30},"end":{"line":12,"column":45}},"10":{"start":{"line":14,"column":2},"end":{"line":17,"column":3}},"11":{"start":{"line":15,"column":4},"end":{"line":15,"column":42}},"12":{"start":{"line":16,"column":4},"end":{"line":16,"column":33}},"13":{"start":{"line":19,"column":2},"end":{"line":23,"column":27}},"14":{"start":{"line":20,"column":4},"end":{"line":20,"column":16}},"15":{"start":{"line":21,"column":4},"end":{"line":21,"column":14}},"16":{"start":{"line":22,"column":4},"end":{"line":22,"column":19}},"17":{"start":{"line":25,"column":2},"end":{"line":27,"column":17}},"18":{"start":{"line":26,"column":4},"end":{"line":26,"column":38}},"19":{"start":{"line":29,"column":2},"end":{"line":37,"column":25}},"20":{"start":{"line":30,"column":4},"end":{"line":36,"column":5}},"21":{"start":{"line":31,"column":6},"end":{"line":31,"column":37}},"22":{"start":{"line":32,"column":6},"end":{"line":32,"column":43}},"23":{"start":{"line":34,"column":6},"end":{"line":34,"column":22}},"24":{"start":{"line":35,"column":6},"end":{"line":35,"column":41}},"25":{"start":{"line":40,"column":22},"end":{"line":46,"column":3}},"26":{"start":{"line":41,"column":4},"end":{"line":45,"column":5}},"27":{"start":{"line":42,"column":6},"end":{"line":42,"column":42}},"28":{"start":{"line":42,"column":29},"end":{"line":42,"column":40}},"29":{"start":{"line":44,"column":6},"end":{"line":44,"column":53}},"30":{"start":{"line":48,"column":26},"end":{"line":56,"column":3}},"31":{"start":{"line":49,"column":4},"end":{"line":49,"column":21}},"32":{"start":{"line":50,"column":4},"end":{"line":55,"column":5}},"33":{"start":{"line":50,"column":17},"end":{"line":50,"column":18}},"34":{"start":{"line":51,"column":6},"end":{"line":54,"column":7}},"35":{"start":{"line":52,"column":8},"end":{"line":52,"column":23}},"36":{"start":{"line":53,"column":8},"end":{"line":53,"column":15}},"37":{"start":{"line":58,"column":23},"end":{"line":67,"column":3}},"38":{"start":{"line":59,"column":4},"end":{"line":62,"column":5}},"39":{"start":{"line":60,"column":6},"end":{"line":60,"column":43}},"40":{"start":{"line":60,"column":28},"end":{"line":60,"column":41}},"41":{"start":{"line":61,"column":6},"end":{"line":61,"column":37}},"42":{"start":{"line":61,"column":24},"end":{"line":61,"column":35}},"43":{"start":{"line":63,"column":4},"end":{"line":66,"column":5}},"44":{"start":{"line":64,"column":6},"end":{"line":64,"column":43}},"45":{"start":{"line":64,"column":28},"end":{"line":64,"column":41}},"46":{"start":{"line":65,"column":6},"end":{"line":65,"column":37}},"47":{"start":{"line":65,"column":24}
[...]
oc":{"start":{"line":41,"column":15},"end":{"line":41,"column":64}},"type":"binary-expr","locations":[{"start":{"line":41,"column":15},"end":{"line":41,"column":31}},{"start":{"line":41,"column":35},"end":{"line":41,"column":64}}],"line":41},"10":{"loc":{"start":{"line":49,"column":18},"end":{"line":49,"column":72}},"type":"cond-expr","locations":[{"start":{"line":49,"column":45},"end":{"line":49,"column":55}},{"start":{"line":49,"column":58},"end":{"line":49,"column":72}}],"line":49},"11":{"loc":{"start":{"line":53,"column":18},"end":{"line":53,"column":54}},"type":"cond-expr","locations":[{"start":{"line":53,"column":36},"end":{"line":53,"column":37}},{"start":{"line":53,"column":40},"end":{"line":53,"column":54}}],"line":53},"12":{"loc":{"start":{"line":58,"column":6},"end":{"line":60,"column":7}},"type":"if","locations":[{"start":{"line":58,"column":6},"end":{"line":60,"column":7}},{"start":{"line":58,"column":6},"end":{"line":60,"column":7}}],"line":58},"13":{"loc":{"start":{"line":96,"column":7},"end":{"line":98,"column":14}},"type":"cond-expr","locations":[{"start":{"line":97,"column":8},"end":{"line":97,"column":72}},{"start":{"line":98,"column":10},"end":{"line":98,"column":14}}],"line":96},"14":{"loc":{"start":{"line":100,"column":7},"end":{"line":102,"column":14}},"type":"cond-expr","locations":[{"start":{"line":101,"column":8},"end":{"line":101,"column":74}},{"start":{"line":102,"column":10},"end":{"line":102,"column":14}}],"line":100},"15":{"loc":{"start":{"line":105,"column":10},"end":{"line":120,"column":16}},"type":"cond-expr","locations":[{"start":{"line":106,"column":10},"end":{"line":119,"column":12}},{"start":{"line":120,"column":12},"end":{"line":120,"column":16}}],"line":105},"16":{"loc":{"start":{"line":105,"column":10},"end":{"line":105,"column":33}},"type":"binary-expr","locations":[{"start":{"line":105,"column":10},"end":{"line":105,"column":22}},{"start":{"line":105,"column":26},"end":{"line":105,"column":33}}],"line":105},"17":{"loc":{"start":{"line":108,"column":14},"end":{"line":117,"column":22}},"type":"cond-expr","locations":[{"start":{"line":109,"column":16},"end":{"line":116,"column":18}},{"start":{"line":117,"column":18},"end":{"line":117,"column":22}}],"line":108},"18":{"loc":{"start":{"line":108,"column":14},"end":{"line":108,"column":61}},"type":"binary-expr","locations":[{"start":{"line":108,"column":14},"end":{"line":108,"column":33}},{"start":{"line":108,"column":37},"end":{"line":108,"column":61}}],"line":108},"19":{"loc":{"start":{"line":122,"column":9},"end":{"line":127,"column":16}},"type":"cond-expr","locations":[{"start":{"line":123,"column":10},"end":{"line":126,"column":16}},{"start":{"line":127,"column":12},"end":{"line":127,"column":16}}],"line":122},"20":{"loc":{"start":{"line":128,"column":10},"end":{"line":143,"column":16}},"type":"cond-expr","locations":[{"start":{"line":129,"column":10},"end":{"line":142,"column":12}},{"start":{"line":143,"column":12},"end":{"line":143,"column":16}}],"line":128},"21":{"loc":{"start":{"line":128,"column":10},"end":{"line":128,"column":34}},"type":"binary-expr","locations":[{"start":{"line":128,"column":10},"end":{"line":128,"column":22}},{"start":{"line":128,"column":26},"end":{"line":128,"column":34}}],"line":128},"22":{"loc":{"start":{"line":131,"column":14},"end":{"line":140,"column":22}},"type":"cond-expr","locations":[{"start":{"line":132,"column":16},"end":{"line":139,"column":18}},{"start":{"line":140,"column":18},"end":{"line":140,"column":22}}],"line":131},"23":{"loc":{"start":{"line":131,"column":14},"end":{"line":131,"column":61}},"type":"binary-expr","locations":[{"start":{"line":131,"column":14},"end":{"line":131,"column":33}},{"start":{"line":131,"column":37},"end":{"line":131,"column":61}}],"line":131}},"s":{"0":3,"1":1,"2":1,"3":1,"4":1,"5":1,"6":0,"7":0,"8":0,"9":0,"10":1,"11":0,"12":0,"13":0,"14":0,"15":1,"16":0,"17":0,"18":0,"19":0,"20":0,"21":0,"22":0,"23":0,"24":1,"25":0,"26":1,"27":0,"28":1,"29":0,"30":0,"31":0,"32":0,"33":1,"34":0,"35":0,"36":0,"37":0,"38":0,"39":0,"40":0,"41":1,"42":0,"43":0,"44":0,"45":0,"46":1,"47":0,"48":0,"49":0,"50":0,"51":0,"52":1,"53":0,"54":0,"55":0},"f":{"0":1,"1":0,"2":0,"3":0,"4":0,"5":0,"6":0,"7":0,"8":0,"9":0,"10":0,"11":0,"12":0,"13":0,"14":0,"15":0},"b":{"0":[0,0],"1":[0,0],"2":[0,0],"3":[0,0],"4":[0,0],"5":[0,0],"6":[0,0],"7":[0,0],"8":[0,0],"9":[0,0],"10":[0,0],"11":[0,0],"12":[0,0],"13":[0,1],"14":[0,1],"15":[0,1],"16":[1,0],"17":[0,0],"18":[0,0],"19":[1,0],"20":[0,1],"21":[1,0],"22":[0,0],"23":[0,0]},"_coverageSchema":"1a1c01bbd47fc00a2c39e90264f33305004495a9","hash":"b5a499e94f49949ecd17015d7ac16d0d005a3f00"}
,"/Users/josephrivera/HackReactor/FEC/client/src/relatedItems/CompareModal/CompareModal.jsx": {"path":"/Users/josephrivera/HackReactor/FEC/client/src/relatedItems/CompareModal/CompareModal.jsx","statementMap":{"0":{"start":{"line":5,"column":21},"end":{"line":75,"column":1}},"1":{"start":{"line":6,"column":2},"end":{"line":8,"column":3}},"2":{"start":{"line":7,"column":4},"end":{"line":7,"column":16}},"3":{"start":{"line":10,"column":48},"end":{"line":10,"column":60}},"4":{"start":{"line":11,"column":50},"end":{"line":11,"column":64}},"5":{"start":{"line":13,"column":2},"end":{"line":22,"column":18}},"6":{"start":{"line":14,"column":4},"end":{"line":21,"column":9}},"7":{"start":{"line":16,"column":8},"end":{"line":16,"column":51}},"8":{"start":{"line":19,"column":8},"end":{"line":19,"column":25}},"9":{"start":{"line":20,"column":8},"end":{"line":20,"column":15}},"10":{"start":{"line":24,"column":2},"end":{"line":26,"column":24}},"11":{"start":{"line":25,"column":4},"end":{"line":25,"column":72}},"12":{"start":{"line":28,"column":25},"end":{"line":41,"column":3}},"13":{"start":{"line":29,"column":22},"end":{"line":29,"column":24}},"14":{"start":{"line":30,"column":4},"end":{"line":32,"column":7}},"15":{"start":{"line":31,"column":6},"end":{"line":31,"column":50}},"16":{"start":{"line":33,"column":4},"end":{"line":39,"column":7}},"17":{"start":{"line":34,"column":6},"end":{"line":38,"column":7}},"18":{"start":{"line":35,"column":8},"end":{"line":35,"column":50}},"19":{"start":{"line":37,"column":8},"end":{"line":37,"column":52}},"20":{"start":{"line":40,"column":4},"end":{"line":40,"column":37}},"21":{"start":{"line":43,"column":2},"end":{"line":74,"column":4}},"22":{"start":{"line":59,"column":16},"end":{"line":65,"column":18}}},"fnMap":{"0":{"name":"(anonymous_0)","decl":{"start":{"line":5,"column":21},"end":{"line":5,"column":22}},"loc":{"start":{"line":5,"column":71},"end":{"line":75,"column":1}},"line":5},"1":{"name":"(anonymous_1)","decl":{"start":{"line":13,"column":12},"end":{"line":13,"column":13}},"loc":{"start":{"line":13,"column":18},"end":{"line":22,"column":3}},"line":13},"2":{"name":"(anonymous_2)","decl":{"start":{"line":15,"column":12},"end":{"line":15,"column":13}},"loc":{"start":{"line":15,"column":26},"end":{"line":17,"column":7}},"line":15},"3":{"name":"(anonymous_3)","decl":{"start":{"line":18,"column":13},"end":{"line":18,"column":14}},"loc":{"start":{"line":18,"column":22},"end":{"line":21,"column":7}},"line":18},"4":{"name":"(anonymous_4)","decl":{"start":{"line":24,"column":12},"end":{"line":24,"column":13}},"loc":{"start":{"line":24,"column":18},"end":{"line":26,"column":3}},"line":24},"5":{"name":"(anonymous_5)","decl":{"start":{"line":28,"column":25},"end":{"line":28,"column":26}},"loc":{"start":{"line":28,"column":31},"end":{"line":41,"column":3}},"line":28},"6":{"name":"(anonymous_6)","decl":{"start":{"line":30,"column":37},"end":{"line":30,"column":38}},"loc":{"start":{"line":30,"column":46},"end":{"line":32,"column":5}},"line":30},"7":{"name":"(anonymous_7)","decl":{"start":{"line":33,"column":45},"end":{"line":33,"column":46}},"loc":{"start":{"line":33,"column":54},"end":{"line":39,"column":5}},"line":33},"8":{"name":"(anonymous_8)","decl":{"start":{"line":58,"column":48},"end":{"line":58,"column":49}},"loc":{"start":{"line":58,"column":68},"end":{"line":66,"column":15}},"line":58}},"branchMap":{"0":{"loc":{"start":{"line":6,"column":2},"end":{"line":8,"column":3}},"type":"if","locations":[{"start":{"line":6,"column":2},"end":{"line":8,"column":3}},{"start":{"line":6,"column":2},"end":{"line":8,"column":3}}],"line":6},"1":{"loc":{"start":{"line":25,"column":4},"end":{"line":25,"column":71}},"type":"cond-expr","locations":[{"start":{"line":25,"column":48},"end":{"line":25,"column":64}},{"start":{"line":25,"column":67},"end":{"line":25,"column":71}}],"line":25},"2":{"loc":{"start":{"line":34,"column":6},"end":{"line":38,"column":7}},"type":"if","locations":[{"start":{"line":34,"column":6},"end":{"line":38,"column":7}},{"start":{"line":34,"column":6},"end":{"line":38,"column":7}}],"line":34},"3":{"loc":{"start":{"line":57,"column":13},"end":{"line":67,"column":20}},"type":"cond-expr","locations":[{"start":{"line":58,"column":14},"end":{"line":66,"column":16}},{"start":{"line":67,"column":16},"end":{"line":67,"column":20}}],"line":57}},"s":{"0":5,"1":1,"2":1,"3":0,"4":0,"5":0,"6":0,"7":0,"8":0,"9":0,"10":0,"11":0,"12":0,"13":0,"14":0,"15":0,"16":0,"17":0,"18":0,"19":0,"20":0,"21":0,"22":0},"f":{"0":1,"1":0,"2":0,"3":0,"4":0,"5":0,"6":0,"7":0,"8":0},"b":{"0":[1,0],"1":[0,0],"2":[0,0],"3":[0,0]},"_coverageSchema":"1a1c01bbd47fc00a2c39e90264f33305004495a9","hash":"130fca65748b3c0030fb6c526f40fafe7907f6f5"}
,"/Users/josephrivera/HackReactor/FEC/client/src/relatedItems/OutfitCard/OutfitCard.jsx": {"path":"/Users/josephrivera/HackReactor/FEC/client/src/relatedItems/OutfitCard/OutfitCard.jsx","statementMap":{"0":{"start":{"line":5,"column":19},"end":{"line":40,"column":1}},"1":{"start":{"line":6,"column":42},"end":{"line":6,"column":54}},"2":{"start":{"line":7,"column":19},"end":{"line":7,"column":67}},"3":{"start":{"line":9,"column":2},"end":{"line":14,"column":15}},"4":{"start":{"line":10,"column":4},"end":{"line":13,"column":9}},"5":{"start":{"line":11,"column":18},"end":{"line":11,"column":47}},"6":{"start":{"line":12,"column":6},"end":{"line":12,"column":29}},"7":{"start":{"line":16,"column":2},"end":{"line":39,"column":4}},"8":{"start":{"line":19,"column":70},"end":{"line":19,"column":102}},"9":{"start":{"line":20,"column":60},"end":{"line":20,"column":92}}},"fnMap":{"0":{"name":"(anonymous_0)","decl":{"start":{"line":5,"column":19},"end":{"line":5,"column":20}},"loc":{"start":{"line":5,"column":89},"end":{"line":40,"column":1}},"line":5},"1":{"name":"(anonymous_1)","decl":{"start":{"line":9,"column":12},"end":{"line":9,"column":13}},"loc":{"start":{"line":9,"column":18},"end":{"line":14,"column":3}},"line":9},"2":{"name":"(anonymous_2)","decl":{"start":{"line":10,"column":5},"end":{"line":10,"column":6}},"loc":{"start":{"line":10,"column":17},"end":{"line":13,"column":5}},"line":10},"3":{"name":"(anonymous_3)","decl":{"start":{"line":19,"column":64},"end":{"line":19,"column":65}},"loc":{"start":{"line":19,"column":70},"end":{"line":19,"column":102}},"line":19},"4":{"name":"(anonymous_4)","decl":{"start":{"line":20,"column":54},"end":{"line":20,"column":55}},"loc":{"start":{"line":20,"column":60},"end":{"line":20,"column":92}},"line":20}},"branchMap":{"0":{"loc":{"start":{"line":22,"column":45},"end":{"line":22,"column":100}},"type":"cond-expr","locations":[{"start":{"line":22,"column":65},"end":{"line":22,"column":73}},{"start":{"line":22,"column":76},"end":{"line":22,"column":100}}],"line":22},"1":{"loc":{"start":{"line":26,"column":12},"end":{"line":31,"column":82}},"type":"cond-expr","locations":[{"start":{"line":27,"column":12},"end":{"line":30,"column":18}},{"start":{"line":31,"column":14},"end":{"line":31,"column":82}}],"line":26}},"s":{"0":4,"1":2,"2":2,"3":0,"4":0,"5":0,"6":0,"7":0,"8":0,"9":0},"f":{"0":2,"1":0,"2":0,"3":0,"4":0},"b":{"0":[0,0],"1":[0,0]},"_coverageSchema":"1a1c01bbd47fc00a2c39e90264f33305004495a9","hash":"bc5d3a940fe470d4cd893d7e17d6bd9b8ef22f47"}
,"/Users/josephrivera/HackReactor/FEC/client/src/relatedItems/RelatedCard/RelatedCard.jsx": {"path":"/Users/josephrivera/HackReactor/FEC/client/src/relatedItems/RelatedCard/RelatedCard.jsx","statementMap":{"0":{"start":{"line":6,"column":20},"end":{"line":49,"column":1}},"1":{"start":{"line":7,"column":42},"end":{"line":7,"column":54}},"2":{"start":{"line":8,"column":44},"end":{"line":8,"column":55}},"3":{"start":{"line":9,"column":36},"end":{"line":9,"column":51}},"4":{"start":{"line":10,"column":19},"end":{"line":10,"column":68}},"5":{"start":{"line":12,"column":2},"end":{"line":19,"column":16}},"6":{"start":{"line":13,"column":4},"end":{"line":18,"column":9}},"7":{"start":{"line":14,"column":18},"end":{"line":14,"column":48}},"8":{"start":{"line":15,"column":6},"end":{"line":15,"column":29}},"9":{"start":{"line":16,"column":23},"end":{"line":16,"column":63}},"10":{"start":{"line":17,"column":6},"end":{"line":17,"column":35}},"11":{"start":{"line":21,"column":33},"end":{"line":24,"column":3}},"12":{"start":{"line":22,"column":4},"end":{"line":22,"column":44}},"13":{"start":{"line":23,"column":4},"end":{"line":23,"column":55}},"14":{"start":{"line":26,"column":2},"end":{"line":48,"column":4}},"15":{"start":{"line":28,"column":58},"end":{"line":28,"column":76}},"16":{"start":{"line":29,"column":99},"end":{"line":29,"column":118}},"17":{"start":{"line":30,"column":58},"end":{"line":30,"column":82}}},"fnMap":{"0":{"name":"(anonymous_0)","decl":{"start":{"line":6,"column":20},"end":{"line":6,"column":21}},"loc":{"start":{"line":6,"column":94},"end":{"line":49,"column":1}},"line":6},"1":{"name":"(anonymous_1)","decl":{"start":{"line":12,"column":12},"end":{"line":12,"column":13}},"loc":{"start":{"line":12,"column":18},"end":{"line":19,"column":3}},"line":12},"2":{"name":"(anonymous_2)","decl":{"start":{"line":13,"column":5},"end":{"line":13,"column":6}},"loc":{"start":{"line":13,"column":17},"end":{"line":18,"column":5}},"line":13},"3":{"name":"(anonymous_3)","decl":{"start":{"line":21,"column":33},"end":{"line":21,"column":34}},"loc":{"start":{"line":21,"column":45},"end":{"line":24,"column":3}},"line":21},"4":{"name":"(anonymous_4)","decl":{"start":{"line":28,"column":52},"end":{"line":28,"column":53}},"loc":{"start":{"line":28,"column":58},"end":{"line":28,"column":76}},"line":28},"5":{"name":"(anonymous_5)","decl":{"start":{"line":29,"column":93},"end":{"line":29,"column":94}},"loc":{"start":{"line":29,"column":99},"end":{"line":29,"column":118}},"line":29},"6":{"name":"(anonymous_6)","decl":{"start":{"line":30,"column":52},"end":{"line":30,"column":53}},"loc":{"start":{"line":30,"column":58},"end":{"line":30,"column":82}},"line":30}},"branchMap":{"0":{"loc":{"start":{"line":32,"column":43},"end":{"line":32,"column":98}},"type":"cond-expr","locations":[{"start":{"line":32,"column":63},"end":{"line":32,"column":71}},{"start":{"line":32,"column":74},"end":{"line":32,"column":98}}],"line":32},"1":{"loc":{"start":{"line":36,"column":10},"end":{"line":41,"column":80}},"type":"cond-expr","locations":[{"start":{"line":37,"column":10},"end":{"line":40,"column":16}},{"start":{"line":41,"column":12},"end":{"line":41,"column":80}}],"line":36}},"s":{"0":4,"1":2,"2":2,"3":2,"4":2,"5":0,"6":0,"7":0,"8":0,"9":0,"10":0,"11":0,"12":0,"13":0,"14":0,"15":0,"16":0,"17":0},"f":{"0":2,"1":0,"2":0,"3":0,"4":0,"5":0,"6":0},"b":{"0":[0,0],"1":[0,0]},"_coverageSchema":"1a1c01bbd47fc00a2c39e90264f33305004495a9","hash":"9c17a679ecf52db317101a6991f077bca59b8deb"}
,"/Users/josephrivera/HackReactor/FEC/client/src/relatedItems/RelatedEntry/RelatedEntry.jsx": {"path":"/Users/josephrivera/HackReactor/FEC/client/src/relatedItems/RelatedEntry/RelatedEntry.jsx","statementMap":{"0":{"start":{"line":6,"column":34},"end":{"line":97,"column":1}},"1":{"start":{"line":7,"column":48},"end":{"line":7,"column":60}},"2":{"start":{"line":8,"column":32},"end":{"line":8,"column":44}},"3":{"start":{"line":9,"column":32},"end":{"line":9,"column":47}},"4":{"start":{"line":12,"column":2},"end":{"line":15,"column":18}},"5":{"start":{"line":13,"column":25},"end":{"line":13,"column":77}},"6":{"start":{"line":14,"column":4},"end":{"line":14,"column":51}},"7":{"start":{"line":18,"column":2},"end":{"line":28,"column":18}},"8":{"start":{"line":19,"column":4},"end":{"line":27,"column":9}},"9":{"start":{"line":21,"column":25},"end":{"line":21,"column":38}},"10":{"start":{"line":22,"column":8},"end":{"line":22,"column":46}},"11":{"start":{"line":25,"column":8},"end":{"line":25,"column":25}},"12":{"start":{"line":26,"column":8},"end":{"line":26,"column":15}},"13":{"start":{"line":31,"column":29},"end":{"line":42,"column":3}},"14":{"start":{"line":32,"column":4},"end":{"line":41,"column":5}},"15":{"start":{"line":33,"column":18},"end":{"line":35,"column":8}},"16":{"start":{"line":34,"column":8},"end":{"line":34,"column":41}},"17":{"start":{"line":36,"column":25},"end":{"line":36,"column":49}},"18":{"start":{"line":37,"column":6},"end":{"line":37,"column":39}},"19":{"start":{"line":38,"column":6},"end":{"line":38,"column":23}},"20":{"start":{"line":40,"column":6},"end":{"line":40,"column":23}},"21":{"start":{"line":45,"column":32},"end":{"line":56,"column":3}},"22":{"start":{"line":46,"column":25},"end":{"line":46,"column":27}},"23":{"start":{"line":47,"column":4},"end":{"line":54,"column":9}},"24":{"start":{"line":49,"column":8},"end":{"line":49,"column":39}},"25":{"start":{"line":52,"column":8},"end":{"line":52,"column":25}},"26":{"start":{"line":53,"column":8},"end":{"line":53,"column":15}},"27":{"start":{"line":55,"column":4},"end":{"line":55,"column":26}},"28":{"start":{"line":58,"column":2},"end":{"line":96,"column":4}}},"fnMap":{"0":{"name":"(anonymous_0)","decl":{"start":{"line":6,"column":34},"end":{"line":6,"column":35}},"loc":{"start":{"line":6,"column":98},"end":{"line":97,"column":1}},"line":6},"1":{"name":"(anonymous_1)","decl":{"start":{"line":12,"column":12},"end":{"line":12,"column":13}},"loc":{"start":{"line":12,"column":18},"end":{"line":15,"column":3}},"line":12},"2":{"name":"(anonymous_2)","decl":{"start":{"line":18,"column":12},"end":{"line":18,"column":13}},"loc":{"start":{"line":18,"column":18},"end":{"line":28,"column":3}},"line":18},"3":{"name":"(anonymous_3)","decl":{"start":{"line":20,"column":12},"end":{"line":20,"column":13}},"loc":{"start":{"line":20,"column":26},"end":{"line":23,"column":7}},"line":20},"4":{"name":"(anonymous_4)","decl":{"start":{"line":24,"column":13},"end":{"line":24,"column":14}},"loc":{"start":{"line":24,"column":22},"end":{"line":27,"column":7}},"line":24},"5":{"name":"(anonymous_5)","decl":{"start":{"line":31,"column":29},"end":{"line":31,"column":30}},"loc":{"start":{"line":31,"column":44},"end":{"line":42,"column":3}},"line":31},"6":{"name":"(anonymous_6)","decl":{"start":{"line":33,"column":32},"end":{"line":33,"column":33}},"loc":{"start":{"line":33,"column":38},"end":{"line":35,"column":7}},"line":33},"7":{"name":"(anonymous_7)","decl":{"start":{"line":45,"column":32},"end":{"line":45,"column":33}},"loc":{"start":{"line":45,"column":46},"end":{"line":56,"column":3}},"line":45},"8":{"name":"(anonymous_8)","decl":{"start":{"line":48,"column":12},"end":{"line":48,"column":13}},"loc":{"start":{"line":48,"column":26},"end":{"line":50,"column":7}},"line":48},"9":{"name":"(anonymous_9)","decl":{"start":{"line":51,"column":13},"end":{"line":51,"column":14}},"loc":{"start":{"line":51,"column":22},"end":{"line":54,"column":7}},"line":51}},"branchMap":{"0":{"loc":{"start":{"line":14,"column":4},"end":{"line":14,"column":50}},"type":"cond-expr","locations":[{"start":{"line":14,"column":19},"end":{"line":14,"column":43}},{"start":{"line":14,"column":46},"end":{"line":14,"column":50}}],"line":14}},"s":{"0":2,"1":3,"2":3,"3":3,"4":3,"5":1,"6":1,"7":3,"8":1,"9":0,"10":0,"11":0,"12":0,"13":3,"14":0,"15":0,"16":0,"17":0,"18":0,"19":0,"20":0,"21":3,"22":0,"23":0,"24":0,"25":0,"26":0,"27":0,"28":3},"f":{"0":3,"1":1,"2":1,"3":0,"4":0,"5":0,"6":0,"7":0,"8":0,"9":0},"b":{"0":[0,1]},"_coverageSchema":"1a1c01bbd47fc00a2c39e90264f33305004495a9","hash":"3f95dcad708dd83561d2d9fab1d91ab982857f93"}
}
