{"/Users/josephrivera/HackReactor/FEC/client/src/App.jsx": {"path":"/Users/josephrivera/HackReactor/FEC/client/src/App.jsx","statementMap":{"0":{"start":{"line":11,"column":28},"end":{"line":11,"column":49}},"1":{"start":{"line":13,"column":12},"end":{"line":80,"column":1}},"2":{"start":{"line":14,"column":36},"end":{"line":14,"column":51}},"3":{"start":{"line":15,"column":40},"end":{"line":15,"column":51}},"4":{"start":{"line":16,"column":30},"end":{"line":16,"column":41}},"5":{"start":{"line":17,"column":46},"end":{"line":17,"column":58}},"6":{"start":{"line":18,"column":36},"end":{"line":18,"column":51}},"7":{"start":{"line":19,"column":22},"end":{"line":23,"column":3}},"8":{"start":{"line":25,"column":2},"end":{"line":79,"column":4}},"9":{"start":{"line":31,"column":14},"end":{"line":38,"column":16}},"10":{"start":{"line":44,"column":14},"end":{"line":50,"column":16}},"11":{"start":{"line":56,"column":14},"end":{"line":60,"column":16}},"12":{"start":{"line":67,"column":14},"end":{"line":72,"column":16}}},"fnMap":{"0":{"name":"(anonymous_0)","decl":{"start":{"line":13,"column":12},"end":{"line":13,"column":13}},"loc":{"start":{"line":13,"column":18},"end":{"line":80,"column":1}},"line":13},"1":{"name":"(anonymous_1)","decl":{"start":{"line":30,"column":77},"end":{"line":30,"column":78}},"loc":{"start":{"line":31,"column":14},"end":{"line":38,"column":16}},"line":31},"2":{"name":"(anonymous_2)","decl":{"start":{"line":43,"column":89},"end":{"line":43,"column":90}},"loc":{"start":{"line":44,"column":14},"end":{"line":50,"column":16}},"line":44},"3":{"name":"(anonymous_3)","decl":{"start":{"line":55,"column":82},"end":{"line":55,"column":83}},"loc":{"start":{"line":56,"column":14},"end":{"line":60,"column":16}},"line":56},"4":{"name":"(anonymous_4)","decl":{"start":{"line":66,"column":80},"end":{"line":66,"column":81}},"loc":{"start":{"line":67,"column":14},"end":{"line":72,"column":16}},"line":67}},"branchMap":{"0":{"loc":{"start":{"line":20,"column":21},"end":{"line":20,"column":48}},"type":"cond-expr","locations":[{"start":{"line":20,"column":33},"end":{"line":20,"column":39}},{"start":{"line":20,"column":42},"end":{"line":20,"column":48}}],"line":20},"1":{"loc":{"start":{"line":21,"column":11},"end":{"line":21,"column":38}},"type":"cond-expr","locations":[{"start":{"line":21,"column":23},"end":{"line":21,"column":29}},{"start":{"line":21,"column":32},"end":{"line":21,"column":38}}],"line":21},"2":{"loc":{"start":{"line":22,"column":17},"end":{"line":22,"column":44}},"type":"cond-expr","locations":[{"start":{"line":22,"column":29},"end":{"line":22,"column":35}},{"start":{"line":22,"column":38},"end":{"line":22,"column":44}}],"line":22}},"s":{"0":7,"1":7,"2":1,"3":1,"4":1,"5":1,"6":1,"7":1,"8":1,"9":1,"10":1,"11":1,"12":1},"f":{"0":1,"1":1,"2":1,"3":1,"4":1},"b":{"0":[0,1],"1":[0,1],"2":[0,1]},"_coverageSchema":"1a1c01bbd47fc00a2c39e90264f33305004495a9","hash":"58c77cd4e972f9dec2156fe48965c4b9e2828d06"}
,"/Users/josephrivera/HackReactor/FEC/client/src/QA/QAwidget.jsx": {"path":"/Users/josephrivera/HackReactor/FEC/client/src/QA/QAwidget.jsx","statementMap":{"0":{"start":{"line":8,"column":17},"end":{"line":53,"column":1}},"1":{"start":{"line":9,"column":36},"end":{"line":9,"column":48}},"2":{"start":{"line":10,"column":40},"end":{"line":10,"column":54}},"3":{"start":{"line":11,"column":32},"end":{"line":11,"column":44}},"4":{"start":{"line":12,"column":36},"end":{"line":12,"column":51}},"5":{"start":{"line":14,"column":2},"end":{"line":20,"column":18}},"6":{"start":{"line":15,"column":4},"end":{"line":19,"column":38}},"7":{"start":{"line":17,"column":8},"end":{"line":17,"column":36}},"8":{"start":{"line":19,"column":20},"end":{"line":19,"column":36}},"9":{"start":{"line":22,"column":23},"end":{"line":26,"column":3}},"10":{"start":{"line":23,"column":4},"end":{"line":25,"column":27}},"11":{"start":{"line":28,"column":26},"end":{"line":28,"column":50}},"12":{"start":{"line":28,"column":32},"end":{"line":28,"column":50}},"13":{"start":{"line":29,"column":27},"end":{"line":29,"column":52}},"14":{"start":{"line":29,"column":33},"end":{"line":29,"column":52}},"15":{"start":{"line":31,"column":2},"end":{"line":52,"column":4}}},"fnMap":{"0":{"name":"(anonymous_0)","decl":{"start":{"line":8,"column":17},"end":{"line":8,"column":18}},"loc":{"start":{"line":8,"column":38},"end":{"line":53,"column":1}},"line":8},"1":{"name":"(anonymous_1)","decl":{"start":{"line":14,"column":12},"end":{"line":14,"column":13}},"loc":{"start":{"line":14,"column":18},"end":{"line":20,"column":3}},"line":14},"2":{"name":"(anonymous_2)","decl":{"start":{"line":16,"column":12},"end":{"line":16,"column":13}},"loc":{"start":{"line":16,"column":24},"end":{"line":18,"column":7}},"line":16},"3":{"name":"(anonymous_3)","decl":{"start":{"line":19,"column":13},"end":{"line":19,"column":14}},"loc":{"start":{"line":19,"column":20},"end":{"line":19,"column":36}},"line":19},"4":{"name":"(anonymous_4)","decl":{"start":{"line":22,"column":23},"end":{"line":22,"column":24}},"loc":{"start":{"line":22,"column":40},"end":{"line":26,"column":3}},"line":22},"5":{"name":"(anonymous_5)","decl":{"start":{"line":28,"column":26},"end":{"line":28,"column":27}},"loc":{"start":{"line":28,"column":32},"end":{"line":28,"column":50}},"line":28},"6":{"name":"(anonymous_6)","decl":{"start":{"line":29,"column":27},"end":{"line":29,"column":28}},"loc":{"start":{"line":29,"column":33},"end":{"line":29,"column":52}},"line":29}},"branchMap":{"0":{"loc":{"start":{"line":23,"column":4},"end":{"line":25,"column":26}},"type":"cond-expr","locations":[{"start":{"line":24,"column":8},"end":{"line":24,"column":35}},{"start":{"line":25,"column":8},"end":{"line":25,"column":26}}],"line":23},"1":{"loc":{"start":{"line":39,"column":9},"end":{"line":48,"column":16}},"type":"cond-expr","locations":[{"start":{"line":40,"column":10},"end":{"line":47,"column":12}},{"start":{"line":48,"column":12},"end":{"line":48,"column":16}}],"line":39},"2":{"loc":{"start":{"line":39,"column":9},"end":{"line":39,"column":71}},"type":"binary-expr","locations":[{"start":{"line":39,"column":9},"end":{"line":39,"column":32}},{"start":{"line":39,"column":36},"end":{"line":39,"column":71}}],"line":39}},"s":{"0":7,"1":1,"2":1,"3":1,"4":1,"5":1,"6":1,"7":0,"8":0,"9":1,"10":0,"11":1,"12":0,"13":1,"14":0,"15":1},"f":{"0":1,"1":1,"2":0,"3":0,"4":0,"5":0,"6":0},"b":{"0":[0,0],"1":[0,1],"2":[1,1]},"_coverageSchema":"1a1c01bbd47fc00a2c39e90264f33305004495a9","hash":"bdc403438691c5aaf773d254936152b34328fe70"}
,"/Users/josephrivera/HackReactor/FEC/client/src/QA/QAcomponents/AddQuestion.jsx": {"path":"/Users/josephrivera/HackReactor/FEC/client/src/QA/QAcomponents/AddQuestion.jsx","statementMap":{"0":{"start":{"line":4,"column":20},"end":{"line":128,"column":1}},"1":{"start":{"line":5,"column":26},"end":{"line":5,"column":38}},"2":{"start":{"line":6,"column":28},"end":{"line":6,"column":40}},"3":{"start":{"line":7,"column":42},"end":{"line":7,"column":54}},"4":{"start":{"line":9,"column":22},"end":{"line":12,"column":3}},"5":{"start":{"line":10,"column":4},"end":{"line":10,"column":28}},"6":{"start":{"line":11,"column":4},"end":{"line":11,"column":23}},"7":{"start":{"line":14,"column":27},"end":{"line":17,"column":3}},"8":{"start":{"line":15,"column":26},"end":{"line":15,"column":177}},"9":{"start":{"line":16,"column":4},"end":{"line":16,"column":37}},"10":{"start":{"line":19,"column":19},"end":{"line":25,"column":3}},"11":{"start":{"line":20,"column":4},"end":{"line":24,"column":46}},"12":{"start":{"line":27,"column":31},"end":{"line":45,"column":3}},"13":{"start":{"line":28,"column":4},"end":{"line":28,"column":27}},"14":{"start":{"line":30,"column":4},"end":{"line":44,"column":13}},"15":{"start":{"line":38,"column":10},"end":{"line":38,"column":64}},"16":{"start":{"line":39,"column":10},"end":{"line":39,"column":29}},"17":{"start":{"line":42,"column":10},"end":{"line":42,"column":27}},"18":{"start":{"line":47,"column":4},"end":{"line":119,"column":10}},"19":{"start":{"line":49,"column":24},"end":{"line":49,"column":42}},"20":{"start":{"line":53,"column":26},"end":{"line":53,"column":49}},"21":{"start":{"line":57,"column":28},"end":{"line":57,"column":46}},"22":{"start":{"line":69,"column":35},"end":{"line":69,"column":51}},"23":{"start":{"line":85,"column":35},"end":{"line":85,"column":51}},"24":{"start":{"line":101,"column":35},"end":{"line":101,"column":51}},"25":{"start":{"line":113,"column":32},"end":{"line":113,"column":59}},"26":{"start":{"line":122,"column":2},"end":{"line":127,"column":4}}},"fnMap":{"0":{"name":"(anonymous_0)","decl":{"start":{"line":4,"column":20},"end":{"line":4,"column":21}},"loc":{"start":{"line":4,"column":68},"end":{"line":128,"column":1}},"line":4},"1":{"name":"(anonymous_1)","decl":{"start":{"line":9,"column":22},"end":{"line":9,"column":23}},"loc":{"start":{"line":9,"column":33},"end":{"line":12,"column":3}},"line":9},"2":{"name":"(anonymous_2)","decl":{"start":{"line":14,"column":27},"end":{"line":14,"column":28}},"loc":{"start":{"line":14,"column":38},"end":{"line":17,"column":3}},"line":14},"3":{"name":"(anonymous_3)","decl":{"start":{"line":19,"column":19},"end":{"line":19,"column":20}},"loc":{"start":{"line":19,"column":30},"end":{"line":25,"column":3}},"line":19},"4":{"name":"(anonymous_4)","decl":{"start":{"line":27,"column":31},"end":{"line":27,"column":32}},"loc":{"start":{"line":27,"column":42},"end":{"line":45,"column":3}},"line":27},"5":{"name":"(anonymous_5)","decl":{"start":{"line":37,"column":14},"end":{"line":37,"column":15}},"loc":{"start":{"line":37,"column":28},"end":{"line":40,"column":9}},"line":37},"6":{"name":"(anonymous_6)","decl":{"start":{"line":41,"column":15},"end":{"line":41,"column":16}},"loc":{"start":{"line":41,"column":22},"end":{"line":43,"column":9}},"line":41},"7":{"name":"(anonymous_7)","decl":{"start":{"line":49,"column":15},"end":{"line":49,"column":16}},"loc":{"start":{"line":49,"column":24},"end":{"line":49,"column":42}},"line":49},"8":{"name":"(anonymous_8)","decl":{"start":{"line":53,"column":17},"end":{"line":53,"column":18}},"loc":{"start":{"line":53,"column":26},"end":{"line":53,"column":49}},"line":53},"9":{"name":"(anonymous_9)","decl":{"start":{"line":57,"column":19},"end":{"line":57,"column":20}},"loc":{"start":{"line":57,"column":28},"end":{"line":57,"column":46}},"line":57},"10":{"name":"(anonymous_10)","decl":{"start":{"line":69,"column":22},"end":{"line":69,"column":23}},"loc":{"start":{"line":69,"column":33},"end":{"line":69,"column":53}},"line":69},"11":{"name":"(anonymous_11)","decl":{"start":{"line":85,"column":22},"end":{"line":85,"column":23}},"loc":{"start":{"line":85,"column":33},"end":{"line":85,"column":53}},"line":85},"12":{"name":"(anonymous_12)","decl":{"start":{"line":101,"column":22},"end":{"line":101,"column":23}},"loc":{"start":{"line":101,"column":33},"end":{"line":101,"column":53}},"line":101},"13":{"name":"(anonymous_13)","decl":{"start":{"line":113,"column":21},"end":{"line":113,"column":22}},"loc":{"start":{"line":113,"column":32},"end":{"line":113,"column":59}},"line":113}},"branchMap":{"0":{"loc":{"start":{"line":20,"column":4},"end":{"line":24,"column":45}},"type":"cond-expr","locations":[{"start":{"line":21,"column":8},"end":{"line":21,"column":36}},{"start":{"line":22,"column":8},"end":{"line":24,"column":45}}],"line":20},"1":{"loc":{"start":{"line":22,"column":8},"end":{"line":24,"column":45}},"type":"cond-expr","locations":[{"start":{"line":23,"column":10},"end":{"line":23,"column":37}},{"start":{"line":24,"column":10},"end":{"line":24,"column":45}}],"line":22},"2":{"loc":{"start":{"line":30,"column":4},"end":{"line":44,"column":12}},"type":"cond-expr","locations":[{"start":{"line":31,"column":8},"end":{"line":43,"column":10}},{"start":{"line":44,"column":8},"end":{"line":44,"column":12}}],"line":30},"3":{"loc":{"start":{"line":124,"column":7},"end":{"line":124,"column":43}},"type":"cond-expr","locations":[{"start":{"line":124,"column":19},"end":{"line":124,"column":36}},{"start":{"line":124,"column":39},"end":{"line":124,"column":43}}],"line":124}},"s":{"0":7,"1":0,"2":0,"3":0,"4":0,"5":0,"6":0,"7":0,"8":0,"9":0,"10":0,"11":0,"12":0,"13":0,"14":0,"15":0,"16":0,"17":0,"18":0,"19":0,"20":0,"21":0,"22":0,"23":0,"24":0,"25":0,"26":0},"f":{"0":0,"1":0,"2":0,"3":0,"4":0,"5":0,"6":0,"7":0,"8":0,"9":0,"10":0,"11":0,"12":0,"13":0},"b":{"0":[0,0],"1":[0,0],"2":[0,0],"3":[0,0]},"_coverageSchema":"1a1c01bbd47fc00a2c39e90264f33305004495a9","hash":"d7ed1aea8612ce88a554d6ed83b7cb53b2bd9ebe"}
,"/Users/josephrivera/HackReactor/FEC/client/src/QA/QAcomponents/AnswerHelpful.jsx": {"path":"/Users/josephrivera/HackReactor/FEC/client/src/QA/QAcomponents/AnswerHelpful.jsx","statementMap":{"0":{"start":{"line":4,"column":22},"end":{"line":67,"column":1}},"1":{"start":{"line":5,"column":44},"end":{"line":5,"column":59}},"2":{"start":{"line":6,"column":42},"end":{"line":6,"column":57}},"3":{"start":{"line":8,"column":22},"end":{"line":12,"column":3}},"4":{"start":{"line":9,"column":4},"end":{"line":11,"column":24}},"5":{"start":{"line":15,"column":25},"end":{"line":35,"column":3}},"6":{"start":{"line":16,"column":4},"end":{"line":34,"column":15}},"7":{"start":{"line":22,"column":26},"end":{"line":22,"column":43}},"8":{"start":{"line":23,"column":22},"end":{"line":23,"column":38}},"9":{"start":{"line":31,"column":28},"end":{"line":31,"column":45}},"10":{"start":{"line":32,"column":24},"end":{"line":32,"column":40}},"11":{"start":{"line":36,"column":2},"end":{"line":66,"column":4}},"12":{"start":{"line":49,"column":28},"end":{"line":49,"column":50}},"13":{"start":{"line":59,"column":28},"end":{"line":59,"column":50}}},"fnMap":{"0":{"name":"(anonymous_0)","decl":{"start":{"line":4,"column":22},"end":{"line":4,"column":23}},"loc":{"start":{"line":4,"column":83},"end":{"line":67,"column":1}},"line":4},"1":{"name":"(anonymous_1)","decl":{"start":{"line":8,"column":22},"end":{"line":8,"column":23}},"loc":{"start":{"line":8,"column":34},"end":{"line":12,"column":3}},"line":8},"2":{"name":"(anonymous_2)","decl":{"start":{"line":15,"column":25},"end":{"line":15,"column":26}},"loc":{"start":{"line":15,"column":36},"end":{"line":35,"column":3}},"line":15},"3":{"name":"(anonymous_3)","decl":{"start":{"line":22,"column":14},"end":{"line":22,"column":15}},"loc":{"start":{"line":22,"column":26},"end":{"line":22,"column":43}},"line":22},"4":{"name":"(anonymous_4)","decl":{"start":{"line":23,"column":15},"end":{"line":23,"column":16}},"loc":{"start":{"line":23,"column":22},"end":{"line":23,"column":38}},"line":23},"5":{"name":"(anonymous_5)","decl":{"start":{"line":31,"column":16},"end":{"line":31,"column":17}},"loc":{"start":{"line":31,"column":28},"end":{"line":31,"column":45}},"line":31},"6":{"name":"(anonymous_6)","decl":{"start":{"line":32,"column":17},"end":{"line":32,"column":18}},"loc":{"start":{"line":32,"column":24},"end":{"line":32,"column":40}},"line":32},"7":{"name":"(anonymous_7)","decl":{"start":{"line":49,"column":17},"end":{"line":49,"column":18}},"loc":{"start":{"line":49,"column":26},"end":{"line":49,"column":52}},"line":49},"8":{"name":"(anonymous_8)","decl":{"start":{"line":59,"column":17},"end":{"line":59,"column":18}},"loc":{"start":{"line":59,"column":26},"end":{"line":59,"column":52}},"line":59}},"branchMap":{"0":{"loc":{"start":{"line":16,"column":4},"end":{"line":34,"column":14}},"type":"cond-expr","locations":[{"start":{"line":18,"column":9},"end":{"line":23,"column":63}},{"start":{"line":25,"column":8},"end":{"line":34,"column":14}}],"line":16},"1":{"loc":{"start":{"line":16,"column":4},"end":{"line":16,"column":69}},"type":"binary-expr","locations":[{"start":{"line":16,"column":4},"end":{"line":16,"column":18}},{"start":{"line":16,"column":22},"end":{"line":16,"column":69}}],"line":16},"2":{"loc":{"start":{"line":25,"column":8},"end":{"line":34,"column":14}},"type":"cond-expr","locations":[{"start":{"line":27,"column":11},"end":{"line":32,"column":64}},{"start":{"line":34,"column":10},"end":{"line":34,"column":14}}],"line":25},"3":{"loc":{"start":{"line":25,"column":8},"end":{"line":25,"column":71}},"type":"binary-expr","locations":[{"start":{"line":25,"column":8},"end":{"line":25,"column":21}},{"start":{"line":25,"column":25},"end":{"line":25,"column":71}}],"line":25},"4":{"loc":{"start":{"line":55,"column":14},"end":{"line":55,"column":71}},"type":"cond-expr","locations":[{"start":{"line":55,"column":30},"end":{"line":55,"column":51}},{"start":{"line":55,"column":54},"end":{"line":55,"column":71}}],"line":55},"5":{"loc":{"start":{"line":64,"column":8},"end":{"line":64,"column":45}},"type":"cond-expr","locations":[{"start":{"line":64,"column":23},"end":{"line":64,"column":34}},{"start":{"line":64,"column":37},"end":{"line":64,"column":45}}],"line":64}},"s":{"0":7,"1":0,"2":0,"3":0,"4":0,"5":0,"6":0,"7":0,"8":0,"9":0,"10":0,"11":0,"12":0,"13":0},"f":{"0":0,"1":0,"2":0,"3":0,"4":0,"5":0,"6":0,"7":0,"8":0},"b":{"0":[0,0],"1":[0,0],"2":[0,0],"3":[0,0],"4":[0,0],"5":[0,0]},"_coverageSchema":"1a1c01bbd47fc00a2c39e90264f33305004495a9","hash":"9cf2288d04de974c5a3e1d040e50b17fd596a040"}
,"/Users/josephrivera/HackReactor/FEC/client/src/QA/QAcomponents/AnswerPhotos.jsx": {"path":"/Users/josephrivera/HackReactor/FEC/client/src/QA/QAcomponents/AnswerPhotos.jsx","statementMap":{"0":{"start":{"line":3,"column":21},"end":{"line":36,"column":1}},"1":{"start":{"line":4,"column":28},"end":{"line":4,"column":43}},"2":{"start":{"line":6,"column":27},"end":{"line":8,"column":3}},"3":{"start":{"line":7,"column":4},"end":{"line":7,"column":21}},"4":{"start":{"line":11,"column":4},"end":{"line":19,"column":10}},"5":{"start":{"line":17,"column":26},"end":{"line":17,"column":49}},"6":{"start":{"line":22,"column":2},"end":{"line":34,"column":4}}},"fnMap":{"0":{"name":"(anonymous_0)","decl":{"start":{"line":3,"column":21},"end":{"line":3,"column":22}},"loc":{"start":{"line":3,"column":36},"end":{"line":36,"column":1}},"line":3},"1":{"name":"(anonymous_1)","decl":{"start":{"line":6,"column":27},"end":{"line":6,"column":28}},"loc":{"start":{"line":6,"column":38},"end":{"line":8,"column":3}},"line":6},"2":{"name":"(anonymous_2)","decl":{"start":{"line":17,"column":17},"end":{"line":17,"column":18}},"loc":{"start":{"line":17,"column":26},"end":{"line":17,"column":49}},"line":17}},"branchMap":{"0":{"loc":{"start":{"line":31,"column":9},"end":{"line":31,"column":40}},"type":"cond-expr","locations":[{"start":{"line":31,"column":17},"end":{"line":31,"column":33}},{"start":{"line":31,"column":36},"end":{"line":31,"column":40}}],"line":31}},"s":{"0":8,"1":1,"2":1,"3":0,"4":1,"5":0,"6":1},"f":{"0":1,"1":0,"2":0},"b":{"0":[0,1]},"_coverageSchema":"1a1c01bbd47fc00a2c39e90264f33305004495a9","hash":"d6f67e2ea78e0ba0e4788960fd573de329f49135"}
,"/Users/josephrivera/HackReactor/FEC/client/src/QA/QAcomponents/Answers.jsx": {"path":"/Users/josephrivera/HackReactor/FEC/client/src/QA/QAcomponents/Answers.jsx","statementMap":{"0":{"start":{"line":6,"column":16},"end":{"line":21,"column":1}},"1":{"start":{"line":7,"column":2},"end":{"line":20,"column":8}},"2":{"start":{"line":10,"column":6},"end":{"line":12,"column":12}}},"fnMap":{"0":{"name":"(anonymous_0)","decl":{"start":{"line":6,"column":16},"end":{"line":6,"column":17}},"loc":{"start":{"line":7,"column":2},"end":{"line":20,"column":8}},"line":7},"1":{"name":"(anonymous_1)","decl":{"start":{"line":9,"column":46},"end":{"line":9,"column":47}},"loc":{"start":{"line":10,"column":6},"end":{"line":12,"column":12}},"line":10}},"branchMap":{"0":{"loc":{"start":{"line":9,"column":5},"end":{"line":13,"column":13}},"type":"cond-expr","locations":[{"start":{"line":9,"column":28},"end":{"line":13,"column":6}},{"start":{"line":13,"column":9},"end":{"line":13,"column":13}}],"line":9}},"s":{"0":7,"1":0,"2":0},"f":{"0":0,"1":0},"b":{"0":[0,0]},"_coverageSchema":"1a1c01bbd47fc00a2c39e90264f33305004495a9","hash":"a94f971d9a75e1a6e89856c9631dfed79bf999ac"}
,"/Users/josephrivera/HackReactor/FEC/client/src/QA/QAcomponents/MoreAnswers.jsx": {"path":"/Users/josephrivera/HackReactor/FEC/client/src/QA/QAcomponents/MoreAnswers.jsx","statementMap":{"0":{"start":{"line":4,"column":20},"end":{"line":37,"column":1}},"1":{"start":{"line":5,"column":48},"end":{"line":5,"column":62}},"2":{"start":{"line":7,"column":2},"end":{"line":36,"column":4}},"3":{"start":{"line":14,"column":16},"end":{"line":14,"column":53}},"4":{"start":{"line":21,"column":14},"end":{"line":23,"column":16}},"5":{"start":{"line":28,"column":18},"end":{"line":28,"column":55}}},"fnMap":{"0":{"name":"(anonymous_0)","decl":{"start":{"line":4,"column":20},"end":{"line":4,"column":21}},"loc":{"start":{"line":4,"column":48},"end":{"line":37,"column":1}},"line":4},"1":{"name":"(anonymous_1)","decl":{"start":{"line":13,"column":23},"end":{"line":13,"column":24}},"loc":{"start":{"line":13,"column":29},"end":{"line":15,"column":15}},"line":13},"2":{"name":"(anonymous_2)","decl":{"start":{"line":20,"column":37},"end":{"line":20,"column":38}},"loc":{"start":{"line":20,"column":49},"end":{"line":24,"column":13}},"line":20},"3":{"name":"(anonymous_3)","decl":{"start":{"line":27,"column":25},"end":{"line":27,"column":26}},"loc":{"start":{"line":27,"column":31},"end":{"line":29,"column":17}},"line":27}},"branchMap":{"0":{"loc":{"start":{"line":10,"column":8},"end":{"line":33,"column":16}},"type":"cond-expr","locations":[{"start":{"line":11,"column":12},"end":{"line":18,"column":16}},{"start":{"line":19,"column":12},"end":{"line":33,"column":16}}],"line":10}},"s":{"0":7,"1":0,"2":0,"3":0,"4":0,"5":0},"f":{"0":0,"1":0,"2":0,"3":0},"b":{"0":[0,0]},"_coverageSchema":"1a1c01bbd47fc00a2c39e90264f33305004495a9","hash":"edf3aaedf128addbf4ad8004088c57f684624a16"}
,"/Users/josephrivera/HackReactor/FEC/client/src/QA/QAcomponents/MoreQuestions.jsx": {"path":"/Users/josephrivera/HackReactor/FEC/client/src/QA/QAcomponents/MoreQuestions.jsx","statementMap":{"0":{"start":{"line":4,"column":22},"end":{"line":37,"column":1}},"1":{"start":{"line":5,"column":52},"end":{"line":5,"column":66}},"2":{"start":{"line":7,"column":2},"end":{"line":36,"column":4}},"3":{"start":{"line":14,"column":16},"end":{"line":14,"column":57}},"4":{"start":{"line":21,"column":14},"end":{"line":23,"column":16}},"5":{"start":{"line":28,"column":18},"end":{"line":28,"column":59}}},"fnMap":{"0":{"name":"(anonymous_0)","decl":{"start":{"line":4,"column":22},"end":{"line":4,"column":23}},"loc":{"start":{"line":4,"column":41},"end":{"line":37,"column":1}},"line":4},"1":{"name":"(anonymous_1)","decl":{"start":{"line":13,"column":23},"end":{"line":13,"column":24}},"loc":{"start":{"line":13,"column":29},"end":{"line":15,"column":15}},"line":13},"2":{"name":"(anonymous_2)","decl":{"start":{"line":20,"column":36},"end":{"line":20,"column":37}},"loc":{"start":{"line":20,"column":50},"end":{"line":24,"column":13}},"line":20},"3":{"name":"(anonymous_3)","decl":{"start":{"line":27,"column":25},"end":{"line":27,"column":26}},"loc":{"start":{"line":27,"column":31},"end":{"line":29,"column":17}},"line":27}},"branchMap":{"0":{"loc":{"start":{"line":10,"column":8},"end":{"line":33,"column":16}},"type":"cond-expr","locations":[{"start":{"line":11,"column":12},"end":{"line":18,"column":16}},{"start":{"line":19,"column":12},"end":{"line":33,"column":16}}],"line":10}},"s":{"0":7,"1":0,"2":0,"3":0,"4":0,"5":0},"f":{"0":0,"1":0,"2":0,"3":0},"b":{"0":[0,0]},"_coverageSchema":"1a1c01bbd47fc00a2c39e90264f33305004495a9","hash":"d2d313e5dcc77bd89837b930cd6fcdfc99c69454"}
,"/Users/josephrivera/HackReactor/FEC/client/src/QA/QAcomponents/Question.jsx": {"path":"/Users/josephrivera/HackReactor/FEC/client/src/QA/QAcomponents/Question.jsx","statementMap":{"0":{"start":{"line":6,"column":17},"end":{"line":30,"column":1}},"1":{"start":{"line":7,"column":18},"end":{"line":7,"column":47}},"2":{"start":{"line":8,"column":19},"end":{"line":8,"column":62}},"3":{"start":{"line":8,"column":40},"end":{"line":8,"column":61}},"4":{"start":{"line":10,"column":2},"end":{"line":29,"column":4}},"5":{"start":{"line":24,"column":34},"end":{"line":26,"column":56}}},"fnMap":{"0":{"name":"(anonymous_0)","decl":{"start":{"line":6,"column":17},"end":{"line":6,"column":18}},"loc":{"start":{"line":6,"column":46},"end":{"line":30,"column":1}},"line":6},"1":{"name":"(anonymous_1)","decl":{"start":{"line":8,"column":33},"end":{"line":8,"column":34}},"loc":{"start":{"line":8,"column":40},"end":{"line":8,"column":61}},"line":8},"2":{"name":"(anonymous_2)","decl":{"start":{"line":24,"column":15},"end":{"line":24,"column":16}},"loc":{"start":{"line":24,"column":34},"end":{"line":26,"column":56}},"line":24}},"branchMap":{"0":{"loc":{"start":{"line":24,"column":34},"end":{"line":26,"column":56}},"type":"cond-expr","locations":[{"start":{"line":25,"column":14},"end":{"line":25,"column":76}},{"start":{"line":26,"column":14},"end":{"line":26,"column":56}}],"line":24}},"s":{"0":7,"1":0,"2":0,"3":0,"4":0,"5":0},"f":{"0":0,"1":0,"2":0},"b":{"0":[0,0]},"_coverageSchema":"1a1c01bbd47fc00a2c39e90264f33305004495a9","hash":"8bd2b6915b0ba0c9c1a0278dbbb92c8eddeb6c0c"}
,"/Users/josephrivera/HackReactor/FEC/client/src/QA/QAcomponents/QuestionHelpful.jsx": {"path":"/Users/josephrivera/HackReactor/FEC/client/src/QA/QAcomponents/QuestionHelpful.jsx","statementMap":{"0":{"start":{"line":4,"column":24},"end":{"line":155,"column":1}},"1":{"start":{"line":5,"column":44},"end":{"line":5,"column":59}},"2":{"start":{"line":6,"column":46},"end":{"line":6,"column":61}},"3":{"start":{"line":7,"column":26},"end":{"line":7,"column":38}},"4":{"start":{"line":8,"column":28},"end":{"line":8,"column":40}},"5":{"start":{"line":9,"column":38},"end":{"line":9,"column":50}},"6":{"start":{"line":10,"column":30},"end":{"line":10,"column":42}},"7":{"start":{"line":12,"column":28},"end":{"line":15,"column":3}},"8":{"start":{"line":13,"column":4},"end":{"line":13,"column":28}},"9":{"start":{"line":14,"column":4},"end":{"line":14,"column":29}},"10":{"start":{"line":17,"column":27},"end":{"line":20,"column":3}},"11":{"start":{"line":18,"column":26},"end":{"line":18,"column":177}},"12":{"start":{"line":19,"column":4},"end":{"line":19,"column":37}},"13":{"start":{"line":22,"column":32},"end":{"line":29,"column":3}},"14":{"start":{"line":23,"column":4},"end":{"line":27,"column":95}},"15":{"start":{"line":26,"column":20},"end":{"line":26,"column":37}},"16":{"start":{"line":27,"column":22},"end":{"line":27,"column":93}},"17":{"start":{"line":28,"column":4},"end":{"line":28,"column":27}},"18":{"start":{"line":31,"column":19},"end":{"line":37,"column":3}},"19":{"start":{"line":32,"column":4},"end":{"line":36,"column":44}},"20":{"start":{"line":39,"column":23},"end":{"line":43,"column":3}},"21":{"start":{"line":40,"column":19},"end":{"line":40,"column":21}},"22":{"start":{"line":41,"column":4},"end":{"line":41,"column":38}},"23":{"start":{"line":42,"column":4},"end":{"line":42,"column":22}},"24":{"start":{"line":45,"column":26},"end":{"line":63,"column":3}},"25":{"start":{"line":46,"column":4},"end":{"line":46,"column":27}},"26":{"start":{"line":47,"column":4},"end":{"line":62,"column":13}},"27":{"start":{"line":56,"column":10},"end":{"line":56,"column":62}},"28":{"start":{"line":57,"column":10},"end":{"line":57,"column":35}},"29":{"start":{"line":60,"column":10},"end":{"line":60,"column":27}},"30":{"start":{"line":66,"column":4},"end":{"line":122,"column":10}},"31":{"start":{"line":66,"column":52},"end":{"line":66,"column":75}},"32":{"start":{"line":67,"column":62},"end":{"line":67,"column":85}},"33":{"start":{"line":69,"column":28},"end":{"line":69,"column":51}},"34":{"start":{"line":81,"column":33},"end":{"line":81,"column":56}},"35":{"start":{"line":81,"column":57},"end":{"line":81,"column":73}},"36":{"start":{"line":92,"column":33},"end":{"line":92,"column":56}},"37":{"start":{"line":92,"column":57},"end":{"line":92,"column":73}},"38":{"start":{"line":104,"column":33},"end":{"line":104,"column":56}},"39":{"start":{"line":104,"column":57},"end":{"line":104,"column":73}},"40":{"start":{"line":112,"column":33},"end":{"line":112,"column":56}},"41":{"start":{"line":112,"column":57},"end":{"line":112,"column":77}},"42":{"start":{"line":115,"column":30},"end":{"line":115,"column":52}},"43":{"start":{"line":125,"column":2},"end":{"line":154,"column":4}},"44":{"start":{"line":135,"column":23},"end":{"line":135,"column":46}},"45":{"start":{"line":146,"column":23},"end":{"line":146,"column":46}}},"fnMap":{"0":{"name":"(anonymous_0)","decl":{"start":{"line":4,"column":24},"end":{"line":4,"column":25}},"loc":{"start":{"line":4,"column":82},"end":{"line":155,"column":1}},"line":4},"1":{"name":"(anonymous_1)","decl":{"start":{"line":12,"column":28},"end":{"line":12,"column":29}},"loc":{"start":{"line":12,"column":37},"end":{"line":15,"column":3}},"line":12},"2":{"name":"(anonymous_2)","decl":{"start":{"line":17,"column":27},"end":{"line":17,"column":28}},"loc":{"start":{"line":17,"column":38},"end":{"line":20,"column":3}},"line":17},"3":{"name":"(anonymous_3)","decl":{"start":{"line":22,"column":32},"end":{"line":22,"column":33}},"loc":{"start":{"line":22,"column":38},"end":{"line":29,"column":3}},"line":22},"4":{"name":"(anonymous_4)","decl":{"start":{"line":26,"column":14},"end":{"line":26,"column":15}},"loc":{"start":{"line":26,"column":20},"end":{"line":26,"column":37}},"line":26},"5":{"name":"(anonymous_5)","decl":{"start":{"line":27,"column":15},"end":{"line":27,"column":16}},"loc":{"start":{"line":27,"column":22},"end":{"line":27,"column":93}},"line":27},"6":{"name":"(anonymous_6)","decl":{"start":{"line":31,"column":19},"end":{"line":31,"column":20}},"loc":{"start":{"line":31,"column":30},"end":{"line":37,"column":3}},"line":31},"7":{"name":"(anonymous_7)","decl":{"start":{"line":39,"column":23},"end":{"line":39,"column":24}},"loc":{"start":{"line":39,"column":34},"end":{"line":43,"column":3}},"line":39},"8":{"name":"(anonymous_8)","decl":{"start":{"line":45,"column":26},"end":{"line":45,"column":27}},"loc":{"start":{"line":45,"column":37},"end":{"line":63,"column":3}},"line":45},"9":{"name":"(anonymous_9)","decl":{"start":{"line":55,"column":14},"end":{"line":55,"column":15}},"loc":{"start":{"line":55,"column":28},"end":{"line":58,"column":9}},"line":55},"10":{"name":"(anonymous_10)","decl":{"start":{"line":59,"column":15},"end":{"line":59,"column":16}},"loc":{"start":{"line":59,"column":22},"end":{"line":61,"column":9}},"line":59},"11":{"name":"(anonymous_11)","decl":{"start":{"line":66,"column":43},"end":{"line":66,"column":44}},"loc":{"start":{"line":66,"column":52},"end":{"line":66,"column":75}},"line":66},"12":{"name":"(anonymous_12)","decl":{"start":{"line":67,"column":53},"end":{"line":67,"column":54}},"loc":{"start":{"line":67,"column":62},"end":{"line":67,"column":85}},"line":67},"13":{"name":"(anonymous_13)","decl":{"start":{"line":69,"column":19},"end":{"line":69,"column":20}},"loc":{"start":{"line":69,"column":28},"end":{"line":69,"column":51}},"line":69},"14":{"name":"(anonymous_14)","decl":{"start":{"line":81,"column":22},"end":{"line":81,"column":23}},"loc":{"start":{"line":81,"column":31},"end":{"line":81,"column":75}},"line":81},"15":{"name":"(anonymous_15)","decl":{"start":{"line":92,"column":22},"end":{"line":92,"column":23}},"loc":{"start":{"line":92,"column":31},"end":{"line":92,"column":75}},"line":92},"16":{"name":"(anonymous_16)","decl":{"start":{"line":104,"column":22},"end":{"line":104,"column":23}},"loc":{"start":{"line":104,"column":31},"end":{"line":104,"column":75}},"line":104},"17":{"name":"(anonymous_17)","decl":{"start":{"line":112,"column":22},"end":{"line":112,"column":23}},"loc":{"start":{"line":112,"column":31},"end":{"line":112,"column":79}},"line":112},"18":{"name":"(anonymous_18)","decl":{"start":{"line":115,"column":21},"end":{"line":115,"column":22}},"loc":{"start":{"line":115,"column":30},"end":{"line":115,"column":52}},"line":115},"19":{"name":"(anonymous_19)","decl":{"start":{"line":135,"column":17},"end":{"line":135,"column":18}},"loc":{"start":{"line":135,"column":23},"end":{"line":135,"column":46}},"line":135},"20":{"name":"(anonymous_20)","decl":{"start":{"line":146,"column":17},"end":{"line":146,"column":18}},"loc":{"start":{"line":146,"column":23},"end":{"line":146,"column":46}},"line":146}},"branchMap":{"0":{"loc":{"start":{"line":23,"column":4},"end":{"line":27,"column":94}},"type":"cond-expr","locations":[{"start":{"line":24,"column":8},"end":{"line":24,"column":38}},{"start":{"line":25,"column":8},"end":{"line":27,"column":94}}],"line":23},"1":{"loc":{"start":{"line":32,"column":4},"end":{"line":36,"column":43}},"type":"cond-expr","locations":[{"start":{"line":33,"column":8},"end":{"line":33,"column":36}},{"start":{"line":34,"column":8},"end":{"line":36,"column":43}}],"line":32},"2":{"loc":{"start":{"line":34,"column":8},"end":{"line":36,"column":43}},"type":"cond-expr","locations":[{"start":{"line":35,"column":10},"end":{"line":35,"column":37}},{"start":{"line":36,"column":10},"end":{"line":36,"column":43}}],"line":34},"3":{"loc":{"start":{"line":47,"column":4},"end":{"line":62,"column":12}},"type":"cond-expr","locations":[{"start":{"line":48,"column":8},"end":{"line":61,"column":10}},{"start":{"line":62,"column":8},"end":{"line":62,"column":12}}],"line":47},"4":{"loc":{"start":{"line":142,"column":14},"end":{"line":142,"column":59}},"type":"cond-expr","locations":[{"start":{"line":142,"column":30},"end":{"line":142,"column":45}},{"start":{"line":142,"column":48},"end":{"line":142,"column":59}}],"line":142},"5":{"loc":{"start":{"line":152,"column":12},"end":{"line":152,"column":54}},"type":"cond-expr","locations":[{"start":{"line":152,"column":29},"end":{"line":152,"column":47}},{"start":{"line":152,"column":50},"end":{"line":152,"column":54}}],"line":152}},"s":{"0":7,"1":0,"2":0,"3":0,"4":0,"5":0,"6":0,"7":0,"8":0,"9":0,"10":0,"11":0,"12":0,"13":0,"14":0,"15":0,"16":0,"17":0,"18":0,"19":0,"20":0,"21":0,"22":0,"23":0,"24":0,"25":0,"26":0,"27":0,"28":0,"29":0,"30":0,"31":0,"32":0,"33":0,"34":0,"35":0,"36":0,"37":0,"38":0,"39":0,"40":0,"41":0,"42":0,"43":0,"44":0,"45":0},"f":{"0":0,"1":0,"2":0,"3":0,"4":0,"5":0,"6":0,"7":0,"8":0,"9":0,"10":0,"11":0,"12":0,"13":0,"14":0,"15":0,"16":0,"17":0,"18":0,"19":0,"20":0},"b":{"0":[0,0],"1":[0,0],"2":[0,0],"3":[0,0],"4":[0,0],"5":[0,0]},"_coverageSchema":"1a1c01bbd47fc00a2c39e90264f33305004495a9","hash":"c87841448b74a9dc8744f24dabbad348c49ef974"}
,"/Users/josephrivera/HackReactor/FEC/client/src/QA/QAcomponents/QuestionList.jsx": {"path":"/Users/josephrivera/HackReactor/FEC/client/src/QA/QAcomponents/QuestionList.jsx","statementMap":{"0":{"start":{"line":6,"column":21},"end":{"line":54,"column":1}},"1":{"start":{"line":7,"column":2},"end":{"line":53,"column":8}},"2":{"start":{"line":14,"column":12},"end":{"line":22,"column":45}},"3":{"start":{"line":26,"column":10},"end":{"line":29,"column":11}},"4":{"start":{"line":28,"column":12},"end":{"line":28,"column":21}},"5":{"start":{"line":33,"column":12},"end":{"line":42,"column":16}}},"fnMap":{"0":{"name":"(anonymous_0)","decl":{"start":{"line":6,"column":21},"end":{"line":6,"column":22}},"loc":{"start":{"line":7,"column":2},"end":{"line":53,"column":8}},"line":7},"1":{"name":"(anonymous_1)","decl":{"start":{"line":13,"column":15},"end":{"line":13,"column":16}},"loc":{"start":{"line":14,"column":12},"end":{"line":22,"column":45}},"line":14},"2":{"name":"(anonymous_2)","decl":{"start":{"line":25,"column":25},"end":{"line":25,"column":26}},"loc":{"start":{"line":25,"column":30},"end":{"line":30,"column":9}},"line":25},"3":{"name":"(anonymous_3)","decl":{"start":{"line":32,"column":15},"end":{"line":32,"column":16}},"loc":{"start":{"line":33,"column":12},"end":{"line":42,"column":16}},"line":33}},"branchMap":{"0":{"loc":{"start":{"line":9,"column":6},"end":{"line":43,"column":12}},"type":"cond-expr","locations":[{"start":{"line":11,"column":8},"end":{"line":23,"column":12}},{"start":{"line":25,"column":8},"end":{"line":43,"column":12}}],"line":9},"1":{"loc":{"start":{"line":14,"column":12},"end":{"line":22,"column":45}},"type":"cond-expr","locations":[{"start":{"line":15,"column":16},"end":{"line":18,"column":16}},{"start":{"line":19,"column":16},"end":{"line":22,"column":45}}],"line":14},"2":{"loc":{"start":{"line":26,"column":10},"end":{"line":29,"column":11}},"type":"if","locations":[{"start":{"line":26,"column":10},"end":{"line":29,"column":11}},{"start":{"line":26,"column":10},"end":{"line":29,"column":11}}],"line":26},"3":{"loc":{"start":{"line":33,"column":12},"end":{"line":42,"column":16}},"type":"cond-expr","locations":[{"start":{"line":34,"column":16},"end":{"line":37,"column":16}},{"start":{"line":38,"column":16},"end":{"line":42,"column":16}}],"line":33}},"s":{"0":7,"1":0,"2":0,"3":0,"4":0,"5":0},"f":{"0":0,"1":0,"2":0,"3":0},"b":{"0":[0,0],"1":[0,0],"2":[0,0],"3":[0,0]},"_coverageSchema":"1a1c01bbd47fc00a2c39e90264f33305004495a9","hash":"a756e5b6778fadb9949e9762b259161da2cd5f89"}
,"/Users/josephrivera/HackReactor/FEC/client/src/QA/QAcomponents/Search.jsx": {"path":"/Users/josephrivera/HackReactor/FEC/client/src/QA/QAcomponents/Search.jsx","statementMap":{"0":{"start":{"line":3,"column":15},"end":{"line":22,"column":1}},"1":{"start":{"line":5,"column":22},"end":{"line":9,"column":3}},"2":{"start":{"line":6,"column":4},"end":{"line":6,"column":27}},"3":{"start":{"line":7,"column":23},"end":{"line":7,"column":28}},"4":{"start":{"line":8,"column":4},"end":{"line":8,"column":53}},"5":{"start":{"line":11,"column":2},"end":{"line":21,"column":4}},"6":{"start":{"line":17,"column":29},"end":{"line":17,"column":61}}},"fnMap":{"0":{"name":"(anonymous_0)","decl":{"start":{"line":3,"column":15},"end":{"line":3,"column":16}},"loc":{"start":{"line":3,"column":50},"end":{"line":22,"column":1}},"line":3},"1":{"name":"(anonymous_1)","decl":{"start":{"line":5,"column":22},"end":{"line":5,"column":23}},"loc":{"start":{"line":5,"column":33},"end":{"line":9,"column":3}},"line":5},"2":{"name":"(anonymous_2)","decl":{"start":{"line":17,"column":20},"end":{"line":17,"column":21}},"loc":{"start":{"line":17,"column":29},"end":{"line":17,"column":61}},"line":17}},"branchMap":{},"s":{"0":7,"1":1,"2":0,"3":0,"4":0,"5":1,"6":0},"f":{"0":1,"1":0,"2":0},"b":{},"_coverageSchema":"1a1c01bbd47fc00a2c39e90264f33305004495a9","hash":"1da3a887cbef89797f81d52b1fa13527f8eda7b8"}
,"/Users/josephrivera/HackReactor/FEC/client/src/Reviews/components/RatingEntry.jsx": {"path":"/Users/josephrivera/HackReactor/FEC/client/src/Reviews/components/RatingEntry.jsx","statementMap":{"0":{"start":{"line":10,"column":20},"end":{"line":326,"column":1}},"1":{"start":{"line":11,"column":46},"end":{"line":11,"column":58}},"2":{"start":{"line":12,"column":44},"end":{"line":12,"column":56}},"3":{"start":{"line":15,"column":2},"end":{"line":21,"column":25}},"4":{"start":{"line":16,"column":4},"end":{"line":20,"column":9}},"5":{"start":{"line":18,"column":8},"end":{"line":18,"column":41}},"6":{"start":{"line":19,"column":8},"end":{"line":19,"column":27}},"7":{"start":{"line":24,"column":18},"end":{"line":33,"column":3}},"8":{"start":{"line":25,"column":14},"end":{"line":25,"column":15}},"9":{"start":{"line":26,"column":16},"end":{"line":26,"column":17}},"10":{"start":{"line":27,"column":4},"end":{"line":30,"column":5}},"11":{"start":{"line":28,"column":6},"end":{"line":28,"column":54}},"12":{"start":{"line":29,"column":6},"end":{"line":29,"column":35}},"13":{"start":{"line":31,"column":17},"end":{"line":31,"column":28}},"14":{"start":{"line":32,"column":4},"end":{"line":32,"column":59}},"15":{"start":{"line":35,"column":2},"end":{"line":37,"column":23}},"16":{"start":{"line":36,"column":4},"end":{"line":36,"column":49}},"17":{"start":{"line":39,"column":29},"end":{"line":46,"column":3}},"18":{"start":{"line":40,"column":16},"end":{"line":40,"column":17}},"19":{"start":{"line":41,"column":4},"end":{"line":43,"column":5}},"20":{"start":{"line":42,"column":6},"end":{"line":42,"column":35}},"21":{"start":{"line":44,"column":17},"end":{"line":44,"column":46}},"22":{"start":{"line":45,"column":4},"end":{"line":45,"column":24}},"23":{"start":{"line":48,"column":20},"end":{"line":56,"column":3}},"24":{"start":{"line":49,"column":22},"end":{"line":49,"column":24}},"25":{"start":{"line":50,"column":4},"end":{"line":54,"column":7}},"26":{"start":{"line":51,"column":6},"end":{"line":53,"column":7}},"27":{"start":{"line":52,"column":8},"end":{"line":52,"column":34}},"28":{"start":{"line":55,"column":4},"end":{"line":55,"column":23}},"29":{"start":{"line":58,"column":27},"end":{"line":68,"column":3}},"30":{"start":{"line":59,"column":14},"end":{"line":59,"column":53}},"31":{"start":{"line":60,"column":4},"end":{"line":60,"column":38}},"32":{"start":{"line":61,"column":20},"end":{"line":61,"column":22}},"33":{"start":{"line":62,"column":4},"end":{"line":66,"column":7}},"34":{"start":{"line":63,"column":6},"end":{"line":65,"column":7}},"35":{"start":{"line":64,"column":8},"end":{"line":64,"column":32}},"36":{"start":{"line":67,"column":4},"end":{"line":67,"column":35}},"37":{"start":{"line":70,"column":24},"end":{"line":175,"column":3}},"38":{"start":{"line":71,"column":17},"end":{"line":71,"column":79}},"39":{"start":{"line":72,"column":4},"end":{"line":75,"column":5}},"40":{"start":{"line":73,"column":6},"end":{"line":73,"column":30}},"41":{"start":{"line":74,"column":6},"end":{"line":74,"column":33}},"42":{"start":{"line":74,"column":29},"end":{"line":74,"column":31}},"43":{"start":{"line":77,"column":22},"end":{"line":77,"column":58}},"44":{"start":{"line":78,"column":21},"end":{"line":78,"column":67}},"45":{"start":{"line":79,"column":22},"end":{"line":79,"column":70}},"46":{"start":{"line":81,"column":4},"end":{"line":170,"column":5}},"47":{"start":{"line":82,"column":6},"end":{"line":82,"column":44}},"48":{"start":{"line":83,"column":6},"end":{"line":93,"column":7}},"49":{"start":{"line":84,"column":8},"end":{"line":90,"column":9}},"50":{"start":{"line":85,"column":10},"end":{"line":85,"column":102}},"51":{"start":{"line":85,"column":49},"end":{"line":85,"column":100}},"52":{"start":{"line":86,"column":15},"end":{"line":90,"column":9}},"53":{"start":{"line":87,"column":10},"end":{"line":87,"column":102}},"54":{"start":{"line":87,"column":49},"end":{"line":87,"column":100}},"55":{"start":{"line":89,"column":10},"end":{"line":89,"column":103}},"56":{"start":{"line":89,"column":49},"end":{"line":89,"column":101}},"57":{"start":{"line":91,"column":8},"end":{"line":91,"column":73}},"58":{"start":{"line":91,"column":44},"end":{"line":91,"column":71}},"59":{"start":{"line":92,"column":8},"end":{"line":92,"column":35}},"60":{"start":{"line":95,"column":6},"end":{"line":105,"column":7}},"61":{"start":{"line":96,"column":8},"end":{"line":102,"column":9}},"62":{"start":{"line":97,"column":10},"end":{"line":97,"column":102}},"63":{"start":{"line":97,"column":49},"end":{"line":97,"column":100}},"64":{"start":{"line":98,"column":15},"end":{"line":102,"column":9}},"65":{"start":{"line":99,"column":10},"end":{"line":99,"column":102}},"66":{"start":{"line":99,"column":49},"end":{"line":99,"column":100}},"67":{"start":{"line":101,"column":10},"end":{"line":101,"column":103}},"68":{"start":{"line":101,"column":49},"end":{"line":101,"column":101}},"69":{"start":{"line":103,"column":8},"end":{"line":103,"column":73}},"70":{"start":{"line":103,"column":44},"end":{"line":103,"column":71}},"71":{"start":{"line":104,"column":8},"end":{"line":104,"column":35}},"72":{"start":{"line":107,"column":6},"end":{"line":117,"column":7}},"73":{"start":{"line":108,"column":8},"end":{"line":114,"column":9}},"74":{"start":{"line":109,"column":10},"end":{"line":109,"column":102}},"75":{"start":{"line":109,"column":49},"end":{"line":109,"column":100}},"76":{"start":{"line":110,"column":15},"end":{"line":114,"column":9}},"77":{"start":{"line":111,"column":10},"end":{"line":111,"column":102}},"78":{"start":{"line":111,"column":49},"end":{"line":111,"column":100}},"79":{"start":{"line":113,"column":10},"end":{"line":113,"column":103}},"80":{"start":{"line":113,"column":49},"end":{"line":113,"column":101}},"81":{"start":{"line":115,"column":8},"end":{"line":115,"column":73}},"82":{"start":{"line":115,"column":44},"end":{"line":115,"column":71}},"83":{"start":{"line":116,"column":8},"end":{"line":116,"column":35}},"84":{"start":{"line":119,"column":6},"end":{"line":129,"column":7}},"85":{"start":{"line":120,"column":8},"end":{"line":126,"column":9}},"86":{"start":{"line":121,"column":10},"end":{"line":121,"column":102}},"87":{"start":{"line":121,"column":49},"end":{"line":121,"column":100}},"88":{"start":{"line":122,"column":15},"end":{"line":126,"column":9}},"89":{"start":{"line":123,"column":10},"end":{"line":123,"column":102}},"90":{"start":{"line":123,"column":49},"end":{"line":123,"column":100}},"91":{"start":{"line":125,"column":10},"end":{"line":125,"column":103}},"92":{"start":{"line":125,"column":49},"end":{"line":125,"column":101}},"93":{"start":{"line":127,"column":8},"end":{"line":127,"column":73}},"94":{"start":{"line":127,"column":44},"end":{"line":127,"column":71}},"95":{"start":{"line":128,"column":8},"end":{"line":128,"column":35}},"96":{"start":{"line":131,"column":6},"end":{"line":141,"column":7}},"97":{"start":{"line":132,"column":8},"end":{"line":138,"column":9}},"98":{"start":{"line":133,"column":10},"end":{"line":133,"column":102}},"99":{"start":{"line":133,"column":49},"end":{"line":133,"column":100}},"100":{"start":{"line":134,"column":15},"end":{"line":138,"column":9}},"101":{"start":{"line":135,"column":10},"end":{"line":135,"column":102}},"102":{"start":{"line":135,"column":49},"end":{"line":135,"column":100}},"103":{"start":{"line":137,"column":10},"end":{"line":137,"column":103}},"104":{"start":{"line":137,"column":49},"end":{"line":137,"column":101}},"105":{"start":{"line":139,"column":8},"end":{"line":139,"column":73}},"106":{"start":{"line":139,"column":44},"end":{"line":139,"column":71}},"107":{"start":{"line":140,"column":8},"end":{"line":140,"column":35}},"108":{"start":{"line":144,"column":6},"end":{"line":144,"column":41}},"109":{"start":{"line":146,"column":6},"end":{"line":149,"column":7}},"110":{"start":{"line":147,"column":8},"end":{"line":147,"column":83}},"111":{"start":{"line":147,"column":44},"end":{"line":147,"column":81}},"112":{"start":{"line":148,"column":8},"end":{"line":148,"column":48}},"113":{"start":{"line":151,"column":6},"end":{"line":154,"column":7}},"114":{"start":{"line":152,"column":8},"end":{"line":152,"column":83}},"115":{"start":{"line":152,"column":44},"end":{"line":152,"column":81}},"116":{"start":{"line":153,"column":8},"end":{"line":153,"column":48}},"117":{"start":{"line":156,"column":6},"end":{"line":159,"column":7}},"118":{"start":{"line":157,"column":8},"end":{"line":157,"column":83}},"119":{"start":{"line":157,"column":44},"end":{"line":157,"column":81}},"120":{"start":{"line":158,"column":8},"end":{"line":158,"column":48}},"121":{"start":{"line":161,"column":6},"end":{"line":164,"column":7}},"122":{"start":{"line":162,"column":8},"end":{"line":162,"column":83}},"123":{"start":{"line":162,"column":44},"end":{"line":162,"column":81}},"124":{"start":{"line":163,"column":8},"end":{"line":163,"column":48}},"125":{"start":{"line":166,"column":6},"end":{"line":169,"column":7}},"126":{"start":{"line":167,"column":8},"end":{"line":167,"column":83}},"127":{"start":{"line":167,"column":44},"end":{"line":167,"column":81}},"128":{"start":{"line":168,"column":8},"end":{"line":168,"column":48}},"129":{"start":{"line":172,"column":4},"end":{"line":174,"column":5}},"130":{"start":{"line":173,"column":6},"end":{"line":173,"column":20}},"131":{"start":{"line":177,"column":20},"end":{"line":186,"column":3}},"132":{"start":{"line":178,"column":26},"end":{"line":178,"column":74}},"133":{"start":{"line":179,"column":4},"end":{"line":183,"column":5}},"134":{"start":{"line":180,"column":6},"end":{"line":180,"column":53}},"135":{"start":{"line":182,"column":6},"end":{"line":182,"column":53}},"136":{"start":{"line":184,"column":4},"end":{"line":184,"column":30}},"137":{"start":{"line":185,"column":4},"end":{"line":185,"column":23}},"138":{"start":{"line":188,"column":25},"end":{"line":200,"column":3}},"139":{"start":{"line":189,"column":4},"end":{"line":189,"column":25}},"140":{"start":{"line":190,"column":21},"end":{"line":190,"column":54}},"141":{"start":{"line":191,"column":21},"end":{"line":191,"column":54}},"142":{"start":{"line":192,"column":22},"end":{"line":192,"column":55}},"143":{"start":{"line":193,"column":20},"end":{"line":193,"column":53}},"144":{"start":{"line":194,"column":20},"end":{"line":194,"column":53}},"145":{"start":{"line":195,"column":4},"end":{"line":195,"column":39}},"146":{"start":{"line":196,"column":4},"end":{"line":196,"column":39}},"147":{"start":{"line":197,"column":4},"end":{"line":197,"column":40}},"148":{"start":{"line":198,"column":4},"end":{"line":198,"column":38}},"149":{"start":{"line":199,"column":4},"end":{"line":199,"column":38}},"150":{"start":{"line":203,"column":2},"end":{"line":325,"column":4}}},"fnMap":{"0":{"name":"(anonymous_0)","decl":{"start":{"line":10,"column":20},"end":{"line":10,"column":21}},"loc":{"start":{"line":10,"column":309},"end":{"line":326,"column":1}},"line":10},"1":{"name":"(anonymous_1)","decl":{"start":{"line":15,"column":12},"end":{"line":15,"column":13}},"loc":{"start":{"line":15,"column":18},"end":{"line":21,"column":3}},"line":15},"2":{"name":"(anonymous_2)","decl":{"start":{"line":17,"column":12},"end":{"line":17,"column":13}},"loc":{"start":{"line":17,"column":26},"end":{"line":20,"column":7}},"line":17},"3":{"name":"(anonymous_3)","decl":{"start":{"line":24,"column":18},"end":{"line":24,"column":19}},"loc":{"start":{"line":24,"column":36},"end":{"line":33,"column":3}},"line":24},"4":{"name":"(anonymous_4)","decl":{"start":{"line":35,"column":12},"end":{"line":35,"column":13}},"loc":{"start":{"line":35,"column":18},"end":{"line":37,"column":3}},"line":35},"5":{"name":"(anonymous_5)","decl":{"start":{"line":39,"column":29},"end":{"line":39,"column":30}},"loc":{"start":{"line":39,"column":56},"end":{"line":46,"column":3}},"line":39},"6":{"name":"(anonymous_6)","decl":{"start":{"line":48,"column":20},"end":{"line":48,"column":21}},"loc":{"start":{"line":48,"column":39},"end":{"line":56,"column":3}},"line":48},"7":{"name":"(anonymous_7)","decl":{"start":{"line":50,"column":18},"end":{"line":50,"column":19}},"loc":{"start":{"line":50,"column":31},"end":{"line":54,"column":5}},"line":50},"8":{"name":"(anonymous_8)","decl":{"start":{"line":58,"column":27},"end":{"line":58,"column":28}},"loc":{"start":{"line":58,"column":51},"end":{"line":68,"column":3}},"line":58},"9":{"name":"(anonymous_9)","decl":{"start":{"line":62,"column":18},"end":{"line":62,"column":19}},"loc":{"start":{"line":62,"column":31},"end":{"line":66,"column":5}},"line":62},"10":{"name":"(anonymous_10)","decl":{"start":{"line":70,"column":24},"end":{"line":70,"column":25}},"loc":{"start":{"line":70,"column":41},"end":{"line":175,"column":3}},"line":70},"11":{"name":"(anonymous_11)","decl":{"start":{"line":74,"column":23},"end":{"line":74,"column":24}},"loc":{"start":{"line":74,"column":29},"end":{"line":74,"column":31}},"line":74},"12":{"name":"(anonymous_12)","decl":{"start":{"line":85,"column":30},"end":{"line":85,"column":31}},"loc":{"start":{"line":85,"column":49},"end":{"line":85,"column":100}},"line":85},"13":{"name":"(anonymous_13)","decl":{"start":{"line":87,"column":30},"end":{"line":87,"column":31}},"loc":{"start":{"line":87,"column":49},"end":{"line":87,"column":100}},"line":87},"14":{"name":"(anonymous_14)","decl":{"start":{"line":89,"column":30},"end":{"line":89,"column":31}},"loc":{"start":{"line":89,"column":49},"end":{"line":89,"column":101}},"line":89},"15":{"name":"(anonymous_15)","decl":{"start":{"line":91,"column":25},"end":{"line":91,"column":26}},"loc":{"start":{"line":91,"column":44},"end":{"line":91,"column":71}},"line":91},"16":{"name":"(anonymous_16)","decl":{"start":{"line":97,"column":30},"end":{"line":97,"column":31}},"loc":{"start":{"line":97,"column":49},"end":{"line":97,"column":100}},"line":97},"17":{"name":"(anonymous_17)","decl":{"start":{"line":99,"column":30},"end":{"line":99,"column":31}},"loc":{"start":{"line":99,"column":49},"end":{"line":99,"column":100}},"line":99},"18":{"name":"(anonymous_18)","decl":{"start":{"line":101,"column":30},"end":{"line":101,"column":31}},"loc":{"start":{"line":101,"column":49},"end":{"line":101,"column":101}},"line":101},"19":{"name":"(anonymous_19)","decl":{"start":{"line":103,"column":25},"end":{"line":103,"column":26}},"loc":{"start":{"line":103,"column":44},"end":{"line":103,"column":71}},"line":103},"20":{"name":"(anonymous_20)","decl":{"start":{"line":109,"column":30},"end":{"line":109,"column":31}},"loc":{"start":{"line":109,"column":49},"end":{"line":109,"column":100}},"line":109},"21":{"name":"(anonymous_21)","decl":{"start":{"line":111,"column":30},"end":{"line":111,"column":31}},"loc":{"start":{"line":111,"column":49},"end":{"line":111,"column":100}},"line":111},"22":{"name":"(anonymous_22)","decl":{"start":{"line":113,"column":30},"end":{"line":113,"column":31}},"loc":{"start":{"line":113,"column":49},"end":{"line":113,"column":101}},"line":113},"23":{"name":"(anonymous_23)","decl":{"start":{"line":115,"column":25},"end":{"line":115,"column":26}},"loc":{"start":{"line":115,"column":44},"end":{"line":115,"column":71}},"line":115},"24":{"name":"(anonymous_24)","decl":{"start":{"line":121,"column":30},"end":{"line":121,"column":31}},"loc":{"start":{"line":121,"column":49},"end":{"line":121,"column":100}},"line":121},"25":{"name":"(anonymous_25)","decl":{"start":{"line":123,"column":30},"end":{"line":123,"column":31}},"loc":{"start":{"line":123,"column":49},"end":{"line":123,"column":100}},"line":123},"26":{"name":"(anonymous_26)","decl":{"start":{"line":125,"column":30},"end":{"line":125,"column":31}},"loc":{"start":{"line":125,"column":49},"end":{"line":125,"column":101}},"line":125},"27":{"name":"(anonymous_27)","decl":{"start":{"line":127,"column":25},"end":{"line":127,"column":26}},"loc":{"start":{"line":127,"column":44},"end":{"line":127,"column":71}},"line":127},"28":{"name":"(anonymous_28)","decl":{"start":{"line":133,"column":30},"end":{"line":133,"column":31}},"loc":{"start":{"line":133,"column":49},"end":{"line":133,"column":100}},"line":133},"29":{"name":"(anonymous_29)","decl":{"start":{"line":135,"column":30},"end":{"line":135,"column":31}},"loc":{"start":{"line":135,"column":49},"end":{"line":135,"column":100}},"line":135},"30":{"name":"(anonymous_30)","decl":{"start":{"line":137,"column":30},"end":{"line":137,"column":31}},"loc":{"start":{"line":137,"column":49},"end":{"line":137,"column":101}},"line":137},"31":{"name":"(anonymous_31)","decl":{"start":{"line":139,"column":25},"end":{"line":139,"column":26}},"loc":{"start":{"line":139,"column":44},"end":{"line":139,"column":71}},"line":139},"32":{"name":"(anonymous_32)","decl":{"start":{"line":147,"column":25},"end":{"line":147,"column":26}},"loc":{"start":{"line":147,"column":44},"end":{"line":147,"column":81}},"line":147},"33":{"name":"(anonymous_33)","decl":{"start":{"line":152,"column":25},"end":{"line":152,"column":26}},"loc":{"start":{"line":152,"column":44},"end":{"line":152,"column":81}},"line":152},"34":{"name":"(anonymous_34)","decl":{"start":{"line":157,"column":25},"end":{"line":157,"column":26}},"loc":{"start":{"line":157,"column":44},"end":{"line":157,"column":81}},"line":157},"35":{"name":"(anonymous_35)","decl":{"start":{"line":162,"column":25},"end":{"line":162,"column":26}},"loc":{"start":{"line":162,"column":44},"end":{"line":162,"column":81}},"line":162},"36":{"name":"(anonymous_36)","decl":{"start":{"line":167,"column":25},"end":{"line":167,"column":26}},"loc":{"start":{"line":167,"column":44},"end":{"line":167,"column":81}},"line":167},"37":{"name":"(anonymous_37)","decl":{"start":{"line":177,"column":20},"end":{"line":177,"column":21}},"loc":{"start":{"line":177,"column":26},"end":{"line":186,"column":3}},"line":177},"38":{"name":"(anonymous_38)","decl":{"start":{"line":188,"column":25},"end":{"line":188,"column":26}},"loc":{"start":{"line":188,"column":31},"end":{"line":200,"column":3}},"line":188}},"branchMap":{"0":{"loc":{"start":{"line":51,"column":6},"end":{"line":53,"column":7}},"type":"if","locations":[{"start":{"line":51,"column":6},"end":{"line":53,"column":7}},{"start":{"line":51,"column":6},"end":{"line":53,"column":7}}],"line":51},"1":{"loc":{"start":{"line":63,"column":6},"end":{"line":65,"column":7}},"type":"if","locations":[{"start":{"line":63,"column":6},"end":{"line":65,"column":7}},{"start":{"line":63,"column":6},"end":{"line":65,"column":7}}],"line":63},"2":{"loc":{"start":{"line":72,"column":4},"end":{"line":75,"column":5}},"type":"if","locations":[{"start":{"line":72,"column":4},"end":{"line":75,"column":5}},{"start":{"line":72,"column":4},"end":{"line":75,"column":5}}],"line":72},"3":{"loc":{"start":{"line":81,"column":4},"end":{"line":170,"column":5}},"type":"if","locations":[{"start":{"line":81,"column":4},"end":{"line":170,"column":5}},{"start":{"line":81,"column":4},"end":{"line":170,"column":5}}],"line":81},"4":{"loc":{"start":{"line":83,"column":6},"end":{"line":93,"column":7}},"type":"if","locations":[{"start":{"line":83,"column":6},"end":{"line":93,"column":7}},{"start":{"line":83,"column":6},"end":{"line":93,"column":7}}],"line":83},"5":{"loc":{"start":{"line":84,"column":8},"end":{"line":90,"column":9}},"type":"if","locations":[{"start":{"line":84,"column":8},"end":{"line":90,"column":9}},{"start":{"line":84,"column":8},"end":{"line":90,"column":9}}],"line":84},"6":{"loc":{"start":{"line":86,"column":15},"end":{"line":90,"column":9}},"type":"if","locations":[{"start":{"line":86,"column":15},"end":{"line":90,"column":9}},{"start":{"line":86,"column":15},"end":{"line":90,"column":9}}],"line":86},"7":{"loc":{"start":{"line":95,"column":6},"end":{"line":105,"column":7}},"type":"if","locations":[{"start":{"line":95,"column":6},"end":{"line":105,"column":7}},{"start":{"line":95,"column":6},"end":{"line":105,"column":7}}],"line":95},"8":{"loc":{"start":{"line":96,"column":8},"end":{"line":102,"column":9}},"type":"if","locations":[{"start":{"line":96,"column":8},"end":{"line":102,"column":9}},{"start":{"line":96,"column":8},"end":{"line":102,"column":9}}],"line":96},"9":{"loc":{"start":{"line":98,"column":15},"end":{"line":102,"column":9}},"type":"if","locations":[{"start":{"line":98,"column":15},"end":{"line":102,"column":9}},{"start":{"line":98,"column":15},"end":{"line":102,"column":9}}],"line":98},"10":{"loc":{"start":{"line":107,"column":6},"end":{"line":117,"column":7}},"type":"if","locations":[{"start":{"line":107,"column":6},"end":{"line":117,"column":7}},{"start":{"line":107,"column":6},"end":{"line":117,"column":7}}],"line":107},"11":{"loc":{"start":{"line":108,"column":8},"end":{"line":114,"column":9}},"type":"if","locations":[{"start":{"line":108,"column":8},"end":{"line":114,"column":9}},{"start":{"line":108,"column":8},"end":{"line":114,"column":9}}],"line":108},"12":{"loc":{"start":{"line":110,"column":15},"end":{"line":114,"column":9}},"type":"if","locations":[{"start":{"line":110,"column":15},"end":{"line":114,"column":9}},{"start":{"line":110,"column":15},"end":{"line":114,"column":9}}],"line":110},"13":{"loc":{"start":{"line":119,"column":6},"end":{"line":129,"column":7}},"type":"if","locations":[{"start":{"line":119,"column":6},"end":{"line":129,"column":7}},{"start":{"line":119,"column":6},"end":{"line":129,"column":7}}],"line":119},"14":{"loc":{"start":{"line":120,"column":8},"end":{"line":126,"column":9}},"type":"if","locations":[{"start":{"line":120,"column":8},"end":{"line":126,"column":9}},{"start":{"line":120,"column":8},"end":{"line":126,"column":9}}],"line":120},"15":{"loc":{"start":{"line":122,"column":15},"end":{"line":126,"column":9}},"type":"if","locations":[{"start":{"line":122,"column":15},"end":{"line":126,"column":9}},{"start":{"line":122,"column":15},"end":{"line":126,"column":9}}],"line":122},"16":{"loc":{"start":{"line":131,"column":6},"end":{"line":141,"column":7}},"type":"if","locations":[{"start":{"line":131,"column":6},"end":{"line":141,"column":7}},{"start":{"line":131,"column":6},"end":{"line":141,"column":7}}],"line":131},"17":{"loc":{"start":{"line":132,"column":8},"end":{"line":138,"column":9}},"type":"if","locations":[{"start":{"line":132,"column":8},"end":{"line":138,"column":9}},{"start":{"line":132,"column":8},"end":{"line":138,"column":9}}],"line":132},"18":{"loc":{"start":{"line":134,"column":15},"end":{"line":138,"column":9}},"type":"if","locations":[{"start":{"line":134,"column":15},"end":{"line":138,"column":9}},{"start":{"line":134,"column":15},"end":{"line":138,"column":9}}],"line":134},"19":{"loc":{"start":{"line":146,"column":6},"end":{"line":149,"column":7}},"type":"if","locations":[{"start":{"line":146,"column":6},"end":{"line":149,"column":7}},{"start":{"line":146,"column":6},"end":{"line":149,"column":7}}],"line":146},"20":{"loc":{"start":{"line":151,"column":6},"end":{"line":154,"column":7}},"type":"if","locations":[{"start":{"line":151,"column":6},"end":{"line":154,"column":7}},{"start":{"line":151,"column":6},"end":{"line":154,"column":7}}],"line":151},"21":{"loc":{"start":{"line":156,"column":6},"end":{"line":159,"column":7}},"type":"if","locations":[{"start":{"line":156,"column":6},"end":{"line":159,"column":7}},{"start":{"line":156,"column":6},"end":{"line":159,"column":7}}],"line":156},"22":{"loc":{"start":{"line":161,"column":6},"end":{"line":164,"column":7}},"type":"if","locations":[{"start":{"line":161,"column":6},"end":{"line":164,"column":7}},{"start":{"line":161,"column":6},"end":{"line":164,"column":7}}],"line":161},"23":{"loc":{"start":{"line":166,"column":6},"end":{"line":169,"column":7}},"type":"if","locations":[{"start":{"line":166,"column":6},"end":{"line":169,"column":7}},{"start":{"line":166,"column":6},"end":{"line":169,"column":7}}],"line":166},"24":{"loc":{"start":{"line":172,"column":4},"end":{"line":174,"column":5}},"type":"if","locations":[{"start":{"line":172,"column":4},"end":{"line":174,"column":5}},{"start":{"line":172,"column":4},"end":{"line":174,"column":5}}],"line":172},"25":{"loc":{"start":{"line":179,"column":4},"end":{"line":183,"column":5}},"type":"if","locations":[{"start":{"line":179,"column":4},"end":{"line":183,"column":5}},{"start":{"line":179,"column":4},"end":{"line":183,"column":5}}],"line":179},"26":{"loc":{"start":{"line":207,"column":7},"end":{"line":323,"column":12}},"type":"cond-expr","locations":[{"start":{"line":208,"column":8},"end":{"line":322,"column":14}},{"start":{"line":323,"column":8},"end":{"line":323,"column":12}}],"line":207},"27":{"loc":{"start":{"line":222,"column":18},"end":{"line":224,"column":21}},"type":"cond-expr","locations":[{"start":{"line":223,"column":20},"end":{"line":223,"column":77}},{"start":{"line":224,"column":20},"end":{"line":224,"column":21}}],"line":222},"28":{"loc":{"start":{"line":232,"column":16},"end":{"line":234,"column":19}},"type":"cond-expr","locations":[{"start":{"line":233,"column":18},"end":{"line":233,"column":75}},{"start":{"line":234,"column":18},"end":{"line":234,"column":19}}],"line":232},"29":{"loc":{"start":{"line":241,"column":16},"end":{"line":243,"column":19}},"type":"cond-expr","locations":[{"start":{"line":242,"column":18},"end":{"line":242,"column":75}},{"start":{"line":243,"column":18},"end":{"line":243,"column":19}}],"line":241},"30":{"loc":{"start":{"line":250,"column":16},"end":{"line":252,"column":19}},"type":"cond-expr","locations":[{"start":{"line":251,"column":18},"end":{"line":251,"column":75}},{"start":{"line":252,"column":18},"end":{"line":252,"column":19}}],"line":250},"31":{"loc":{"start":{"line":258,"column":38},"end":{"line":260,"column":17}},"type":"cond-expr","locations":[{"start":{"line":259,"column":16},"end":{"line":259,"column":73}},{"start":{"line":260,"column":16},"end":{"line":260,"column":17}}],"line":258},"32":{"loc":{"start":{"line":262,"column":13},"end":{"line":273,"column":20}},"type":"cond-expr","locations":[{"start":{"line":263,"column":14},"end":{"line":267,"column":20}},{"start":{"line":268,"column":14},"end":{"line":273,"column":20}}],"line":262},"33":{"loc":{"start":{"line":280,"column":13},"end":{"line":288,"column":18}},"type":"cond-expr","locations":[{"start":{"line":281,"column":14},"end":{"line":287,"column":20}},{"start":{"line":288,"column":14},"end":{"line":288,"column":18}}],"line":280},"34":{"loc":{"start":{"line":290,"column":13},"end":{"line":296,"column":18}},"type":"cond-expr","locations":[{"start":{"line":291,"column":14},"end":{"line":295,"column":28}},{"start":{"line":296,"column":14},"end":{"line":296,"column":18}}],"line":290},"35":{"loc":{"start":{"line":298,"column":13},"end":{"line":304,"column":18}},"type":"cond-expr","locations":[{"start":{"line":299,"column":14},"end":{"line":303,"column":28}},{"start":{"line":304,"column":14},"end":{"line":304,"column":18}}],"line":298},"36":{"loc":{"start":{"line":306,"column":13},"end":{"line":319,"column":18}},"type":"cond-expr","locations":[{"start":{"line":307,"column":14},"end":{"line":318,"column":28}},{"start":{"line":319,"column":14},"end":{"line":319,"column":18}}],"line":306}},"s":{"0":7,"1":1,"2":1,"3":1,"4":1,"5":0,"6":0,"7":1,"8":1,"9":1,"10":1,"11":0,"12":0,"13":1,"14":1,"15":1,"16":1,"17":1,"18":0,"19":0,"20":0,"21":0,"22":0,"23":1,"24":0,"25":0,"26":0,"27":0,"28":0,"29":1,"30":0,"31":0,"32":0,"33":0,"34":0,"35":0,"36":0,"37":1,"38":0,"39":0,"40":0,"41":0,"42":0,"43":0,"44":0,"45":0,"46":0,"47":0,"48":0,"49":0,"50":0,"51":0,"52":0,"53":0,"54":0,"55":0,"56":0,"57":0,"58":0,"59":0,"60":0,"61":0,"62":0,"63":0,"64":0,"65":0,"66":0,"67":0,"68":0,"69":0,"70":0,"71":0,"72":0,"73":0,"74":0,"75":0,"76":0,"77":0,"78":0,"79":0,"80":0,"81":0,"82":0,"83":0,"84":0,"85":0,"86":0,"87":0,"88":0,"89":0,"90":0,"91":0,"92":0,"93":0,"94":0,"95":0,"96":0,"97":0,"98":0,"99":0,"100":0,"101":0,"102":0,"103":0,"104":0,"105":0,"106":0,"107":0,"108":0,"109":0,"110":0,"111":0,"112":0,"113":0,"114":0,"115":0,"116":0,"117":0,"118":0,"119":0,"120":0,"121":0,"122":0,"123":0,"124":0,"125":0,"126":0,"127":0,"128":0,"129":0,"130":0,"131":1,"132":0,"133":0,"134":0,"135":0,"136":0,"137":0,"138":1,"139":0,"140":0,"141":0,"142":0,"143":0,"144":0,"145":0,"146":0,"147":0,"148":0,"149":0,"150":1},"f":{"0":1,"1":1,"2":0,"3":1,"4":1,"5":0,"6":0,"7":0,"8":0,"9":0,"10":0,"11":0,"12":0,"13":0,"14":0,"15":0,"16":0,"17":0,"18":0,"19":0,"20":0,"21":0,"22":0,"23":0,"24":0,"25":0,"26":0,"27":0,"28":0,"29":0,"30":0,"31":0,"32":0,"33":0,"34":0,"35":0,"36":0,"37":0,"38":0},"b":{"0":[0,0],"1":[0,0],"2":[0,0],"3":[0,0],"4":[0,0],"5":[0,0],"6":[0,0],"7":[0,0],"8":[0,0],"9":[0,0],"10":[0,0],"11":[0,0],"12":[0,0],"13":[0,0],"14":[0,0],"15":[0,0],"16":[0,0],"17":[0,0],"18":[0,0],"19":[0,0],"20":[0,0],"21":[0,0],"22":[0,0],"23":[0,0],"24":[0,0],"25":[0,0],"26":[0,1],"27":[0,0],"28":[0,0],"29":[0,0],"30":[0,0],"31":[0,0],"32":[0,0],"33":[0,0],"34":[0,0],"35":[0,0],"36":[0,0]},"_coverageSchema":"1a1c01bbd47fc00a2c39e90264f33305004495a9","hash":"b2dd3023036b8da3d5545ced8f358713a9a0f8d6"}
,"/Users/josephrivera/HackReactor/FEC/client/src/Reviews/components/ReviewEntry.jsx": {"path":"/Users/josephrivera/HackReactor/FEC/client/src/Reviews/components/ReviewEntry.jsx","statementMap":{"0":{"start":{"line":7,"column":20},"end":{"line":438,"column":1}},"1":{"start":{"line":8,"column":46},"end":{"line":8,"column":58}},"2":{"start":{"line":9,"column":56},"end":{"line":9,"column":68}},"3":{"start":{"line":10,"column":44},"end":{"line":10,"column":56}},"4":{"start":{"line":11,"column":50},"end":{"line":11,"column":62}},"5":{"start":{"line":12,"column":44},"end":{"line":12,"column":56}},"6":{"start":{"line":13,"column":48},"end":{"line":13,"column":60}},"7":{"start":{"line":14,"column":48},"end":{"line":14,"column":60}},"8":{"start":{"line":15,"column":50},"end":{"line":15,"column":62}},"9":{"start":{"line":16,"column":46},"end":{"line":16,"column":58}},"10":{"start":{"line":17,"column":46},"end":{"line":17,"column":58}},"11":{"start":{"line":18,"column":38},"end":{"line":18,"column":50}},"12":{"start":{"line":19,"column":54},"end":{"line":19,"column":66}},"13":{"start":{"line":20,"column":46},"end":{"line":20,"column":58}},"14":{"start":{"line":21,"column":20},"end":{"line":21,"column":44}},"15":{"start":{"line":23,"column":2},"end":{"line":58,"column":18}},"16":{"start":{"line":24,"column":4},"end":{"line":57,"column":9}},"17":{"start":{"line":26,"column":8},"end":{"line":26,"column":22}},"18":{"start":{"line":27,"column":8},"end":{"line":47,"column":11}},"19":{"start":{"line":28,"column":10},"end":{"line":30,"column":11}},"20":{"start":{"line":29,"column":12},"end":{"line":29,"column":81}},"21":{"start":{"line":29,"column":50},"end":{"line":29,"column":79}},"22":{"start":{"line":32,"column":10},"end":{"line":34,"column":11}},"23":{"start":{"line":33,"column":12},"end":{"line":33,"column":81}},"24":{"start":{"line":33,"column":50},"end":{"line":33,"column":79}},"25":{"start":{"line":36,"column":10},"end":{"line":38,"column":11}},"26":{"start":{"line":37,"column":12},"end":{"line":37,"column":82}},"27":{"start":{"line":37,"column":51},"end":{"line":37,"column":80}},"28":{"start":{"line":40,"column":10},"end":{"line":42,"column":11}},"29":{"start":{"line":41,"column":12},"end":{"line":41,"column":80}},"30":{"start":{"line":41,"column":49},"end":{"line":41,"column":78}},"31":{"start":{"line":44,"column":10},"end":{"line":46,"column":11}},"32":{"start":{"line":45,"column":12},"end":{"line":45,"column":80}},"33":{"start":{"line":45,"column":49},"end":{"line":45,"column":78}},"34":{"start":{"line":48,"column":8},"end":{"line":48,"column":111}},"35":{"start":{"line":48,"column":73},"end":{"line":48,"column":106}},"36":{"start":{"line":49,"column":8},"end":{"line":49,"column":57}},"37":{"start":{"line":50,"column":8},"end":{"line":50,"column":116}},"38":{"start":{"line":50,"column":74},"end":{"line":50,"column":111}},"39":{"start":{"line":51,"column":8},"end":{"line":51,"column":63}},"40":{"start":{"line":52,"column":8},"end":{"line":52,"column":63}},"41":{"start":{"line":55,"column":8},"end":{"line":55,"column":25}},"42":{"start":{"line":56,"column":8},"end":{"line":56,"column":15}},"43":{"start":{"line":60,"column":2},"end":{"line":62,"column":22}},"44":{"start":{"line":61,"column":4},"end":{"line":61,"column":41}},"45":{"start":{"line":64,"column":20},"end":{"line":71,"column":3}},"46":{"start":{"line":65,"column":4},"end":{"line":65,"column":44}},"47":{"start":{"line":66,"column":4},"end":{"line":66,"column":43}},"48":{"start":{"line":67,"column":4},"end":{"line":67,"column":43}},"49":{"start":{"line":68,"column":4},"end":{"line":68,"column":44}},"50":{"start":{"line":69,"column":4},"end":{"line":69,"column":42}},"51":{"start":{"line":70,"column":4},"end":{"line":70,"column":42}},"52":{"start":{"line":73,"column":25},"end":{"line":82,"column":3}},"53":{"start":{"line":74,"column":16},"end":{"line":74,"column":50}},"54":{"start":{"line":75,"column":19},"end":{"line":75,"column":51}},"55":{"start":{"line":76,"column":4},"end":{"line":80,"column":5}},"56":{"start":{"line":77,"column":6},"end":{"line":77,"column":35}},"57":{"start":{"line":79,"column":6},"end":{"line":79,"column":36}},"58":{"start":{"line":81,"column":4},"end":{"line":81,"column":36}},"59":{"start":{"line":84,"column":25},"end":{"line":88,"column":3}},"60":{"start":{"line":85,"column":16},"end":{"line":85,"column":50}},"61":{"start":{"line":86,"column":15},"end":{"line":86,"column":58}},"62":{"start":{"line":87,"column":4},"end":{"line":87,"column":33}},"63":{"start":{"line":90,"column":31},"end":{"line":98,"column":3}},"64":{"start":{"line":91,"column":19},"end":{"line":91,"column":45}},"65":{"start":{"line":92,"column":13},"end":{"line":92,"column":57}},"66":{"start":{"line":93,"column":4},"end":{"line":97,"column":5}},"67":{"start":{"line":94,"column":6},"end":{"line":94,"column":71}},"68":{"start":{"line":95,"column":6},"end":{"line":95,"column":21}},"69":{"start":{"line":96,"column":6},"end":{"line":96,"column":46}},"70":{"start":{"line":100,"column":26},"end":{"line":109,"column":3}},"71":{"start":{"line":101,"column":27},"end":{"line":101,"column":75}},"72":{"start":{"line":102,"column":4},"end":{"line":108,"column":5}},"73":{"start":{"line":103,"column":6},"end":{"line":103,"column":43}},"74":{"start":{"line":104,"column":11},"end":{"line":108,"column":5}},"75":{"start":{"line":105,"column":6},"end":{"line":105,"column":43}},"76":{"start":{"line":106,"column":11},"end":{"line":108,"column":5}},"77":{"start":{"line":107,"column":6},"end":{"line":107,"column":44}},"78":{"start":{"line":111,"column":30},"end":{"line":126,"column":3}},"79":{"start":{"line":112,"column":16},"end":{"line":112,"column":17}},"80":{"start":{"line":113,"column":31},"end":{"line":113,"column":33}},"81":{"start":{"line":114,"column":32},"end":{"line":114,"column":34}},"82":{"start":{"line":115,"column":4},"end":{"line":125,"column":5}},"83":{"start":{"line":115,"column":17},"end":{"line":115,"column":18}},"84":{"start":{"line":116,"column":6},"end":{"line":116,"column":62}},"85":{"start":{"line":117,"column":6},"end":{"line":117,"column":80}},"86":{"start":{"line":118,"column":6},"end":{"line":121,"column":7}},"87":{"start":{"line":119,"column":8},"end":{"line":119,"column":94}},"88":{"start":{"line":119,"column":47},"end":{"line":119,"column":92}},"89":{"start":{"line":120,"column":8},"end":{"line":120,"column":16}},"90":{"start":{"line":122,"column":6},"end":{"line":124,"column":7}},"91":{"start":{"line":123,"column":8},"end":{"line":123,"column":14}},"92":{"start":{"line":128,"column":20},"end":{"line":139,"column":3}},"93":{"start":{"line":129,"column":26},"end":{"line":129,"column":74}},"94":{"start":{"line":130,"column":4},"end":{"line":136,"column":5}},"95":{"start":{"line":131,"column":6},"end":{"line":131,"column":53}},"96":{"start":{"line":132,"column":11},"end":{"line":136,"column":5}},"97":{"start":{"line":133,"column":6},"end":{"line":133,"column":53}},"98":{"start":{"line":134,"column":11},"end":{"line":136,"column":5}},"99":{"start":{"line":135,"column":6},"end":{"line":135,"column":54}},"100":{"start":{"line":137,"column":4},"end":{"line":137,"column":30}},"101":{"start":{"line":138,"column":4},"end":{"line":138,"column":23}},"102":{"start":{"line":141,"column":25},"end":{"line":152,"column":3}},"103":{"start":{"line":142,"column":21},"end":{"line":142,"column":54}},"104":{"start":{"line":143,"column":21},"end":{"line":143,"column":54}},"105":{"start":{"line":144,"column":22},"end":{"line":144,"column":55}},"106":{"start":{"line":145,"column":20},"end":{"line":145,"column":53}},"107":{"start":{"line":146,"column":20},"end":{"line":146,"column":53}},"108":{"start":{"line":147,"column":4},"end":{"line":147,"column":39}},"109":{"start":{"line":148,"column":4},"end":{"line":148,"column":39}},"110":{"start":{"line":149,"column":4},"end":{"line":149,"column":40}},"111":{"start":{"line":150,"column":4},"end":{"line":150,"column":38}},"112":{"start":{"line":151,"column":4},"end":{"line":151,"column":38}},"113":{"start":{"line":156,"column":31},"end":{"line":159,"column":3}},"114":{"start":{"line":157,"column":16},"end":{"line":157,"column":54}},"115":{"start":{"line":158,"column":4},"end":{"line":158,"column":33}},"116":{"start":{"line":161,"column":31},"end":{"line":163,"column":3}},"117":{"start":{"line":162,"column":4},"end":{"line":162,"column":27}},"118":{"start":{"line":165,"column":20},"end":{"line":170,"column":3}},"119":{"start":{"line":166,"column":18},"end":{"line":166,"column":41}},"120":{"start":{"line":167,"column":23},"end":{"line":167,"column":40}},"121":{"start":{"line":168,"column":23},"end":{"line":168,"column":63}},"122":{"start":{"line":169,"column":4},"end":{"line":169,"column":24}},"123":{"start":{"line":172,"column":17},"end":{"line":188,"column":3}},"124":{"start":{"line":173,"column":31},"end":{"line":173,"column":69}},"125":{"start":{"line":174,"column":31},"end":{"line":174,"column":43}},"126":{"start":{"line":175,"column":15},"end":{"line":175,"column":45}},"127":{"start":{"line":176,"column":4},"end":{"line":176,"column":68}},"128":{"start":{"line":177,"column":4},"end":{"line":177,"column":42}},"129":{"start":{"line":179,"column":4},"end":{"line":185,"column":5}},"130":{"start":{"line":180,"column":6},"end":{"line":180,"column":59}},"131":{"start":{"line":180,"column":32},"end":{"line":180,"column":57}},"132":{"start":{"line":181,"column":11},"end":{"line":185,"column":5}},"133":{"start":{"line":182,"column":6},"end":{"line":182,"column":60}},"134":{"start":{"line":182,"column":32},"end":{"line":182,"column":58}},"135":{"start":{"line":183,"column":11},"end":{"line":185,"column":5}},"136":{"start":{"line":184,"column":6},"end":{"line":184,"column":59}},"137":{"start":{"line":184,"column":32},"end":{"line":184,"column":57}},"138":{"start":{"line":186,"column":4},"end":{"line":186,"column":30}},"139":{"start":{"line":187,"column":4},"end":{"line":187,"column":18}},"140":{"start":{"line":190,"column":26},"end":{"line":190,"column":28}},"141":{"start":{"line":191,"column":20},"end":{"line":191,"column":22}},"142":{"start":{"line":192,"column":19},"end":{"line":201,"column":3}},"143":{"start":{"line":193,"column":4},"end":{"line":193,"column":74}},"144":{"start":{"line":194,"column":4},"end":{"line":194,"column":82}},"145":{"start":{"line":195,"column":4},"end":{"line":195,"column":76}},"146":{"start":{"line":196,"column":4},"end":{"line":196,"column":82}},"147":{"start":{"line":197,"column":4},"end":{"line":197,"column":78}},"148":{"start":{"line":198,"column":4},"end":{"line":198,"column":84}},"149":{"start":{"line":199,"column":4},"end":{"line":199,"column":51}},"150":{"start":{"line":200,"column":4},"end":{"line":200,"column":27}},"151":{"start":{"line":203,"column":23},"end":{"line":206,"column":3}},"152":{"start":{"line":204,"column":4},"end":{"line":204,"column":25}},"153":{"start":{"line":205,"column":4},"end":{"line":205,"column":46}},"154":{"start":{"line":208,"column":24},"end":{"line":212,"column":3}},"155":{"start":{"line":209,"column":4},"end":{"line":209,"column":34}},"156":{"start":{"line":210,"column":16},"end":{"line":210,"column":54}},"157":{"start":{"line":211,"column":4},"end":{"line":211,"column":34}},"158":{"start":{"line":214,"column":36},"end":{"line":227,"column":3}},"159":{"start":{"line":215,"column":4},"end":{"line":226,"column":9}},"160":{"start":{"line":217,"column":37},"end":{"line":217,"column":66}},"161":{"start":{"line":218,"column":20},"end":{"line":218,"column":21}},"162":{"start":{"line":219,"column":8},"end":{"line":225,"column":9}},"163":{"start":{"line":220,"column":21},"end":{"line":220,"column":60}},"164":{"start":{"line":221,"column":10},"end":{"line":221,"column":39}},"165":{"start":{"line":222,"column":10},"end":{"line":222,"column":30}},"166":{"start":{"line":223,"column":10},"end":{"line":223,"column":32}},"167":{"start":{"line":224,"column":10},"end":{"line":224,"column":18}},"168":{"start":{"line":229,"column":2},"end":{"line":437,"column":4}},"169":{"start":{"line":260,"column":12},"end":{"line":297,"column":18}},"170":{"start":{"line":286,"column":18},"end":{"line":294,"column":24}},"171":{"start":{"line":387,"column":87},"end":{"line":387,"column":108}},"172":{"start":{"line":389,"column":86},"end":{"line":389,"column":107}}},"fnMap":{"0":{"name":"(anonymous_0)","decl":{"start":{"line":7,"column":20},"end":{"line":7,"column":21}},"loc":{"start":{"line":7,"column":66},"end":{"line":438,"column":1}},"line":7},"1":{"name":"(anonymous_1)","decl":{"start":{"line":23,"column":12},"end":{"line":23,"column":13}},"loc":{"start":{"line":23,"column":18},"end":{"line":58,"column":3}},"line":23},"2":{"name":"(anonymous_2)","decl":{"start":{"line":25,"column":12},"end":{"line":25,"column":13}},"loc":{"start":{"line":25,"column":26},"end":{"line":53,"column":7}},"line":25},"3":{"
[...]
,"/Users/josephrivera/HackReactor/FEC/client/src/relatedItems/CompareModal/CompareModal.jsx": {"path":"/Users/josephrivera/HackReactor/FEC/client/src/relatedItems/CompareModal/CompareModal.jsx","statementMap":{"0":{"start":{"line":6,"column":21},"end":{"line":81,"column":1}},"1":{"start":{"line":7,"column":2},"end":{"line":9,"column":3}},"2":{"start":{"line":8,"column":4},"end":{"line":8,"column":16}},"3":{"start":{"line":11,"column":48},"end":{"line":11,"column":60}},"4":{"start":{"line":12,"column":50},"end":{"line":12,"column":64}},"5":{"start":{"line":13,"column":20},"end":{"line":13,"column":44}},"6":{"start":{"line":15,"column":2},"end":{"line":24,"column":18}},"7":{"start":{"line":16,"column":4},"end":{"line":23,"column":9}},"8":{"start":{"line":18,"column":8},"end":{"line":18,"column":51}},"9":{"start":{"line":21,"column":8},"end":{"line":21,"column":25}},"10":{"start":{"line":22,"column":8},"end":{"line":22,"column":15}},"11":{"start":{"line":26,"column":2},"end":{"line":28,"column":24}},"12":{"start":{"line":27,"column":4},"end":{"line":27,"column":72}},"13":{"start":{"line":30,"column":25},"end":{"line":43,"column":3}},"14":{"start":{"line":31,"column":22},"end":{"line":31,"column":24}},"15":{"start":{"line":32,"column":4},"end":{"line":34,"column":7}},"16":{"start":{"line":33,"column":6},"end":{"line":33,"column":50}},"17":{"start":{"line":35,"column":4},"end":{"line":41,"column":7}},"18":{"start":{"line":36,"column":6},"end":{"line":40,"column":7}},"19":{"start":{"line":37,"column":8},"end":{"line":37,"column":50}},"20":{"start":{"line":39,"column":8},"end":{"line":39,"column":52}},"21":{"start":{"line":42,"column":4},"end":{"line":42,"column":37}},"22":{"start":{"line":45,"column":2},"end":{"line":80,"column":4}},"23":{"start":{"line":65,"column":16},"end":{"line":71,"column":18}}},"fnMap":{"0":{"name":"(anonymous_0)","decl":{"start":{"line":6,"column":21},"end":{"line":6,"column":22}},"loc":{"start":{"line":6,"column":71},"end":{"line":81,"column":1}},"line":6},"1":{"name":"(anonymous_1)","decl":{"start":{"line":15,"column":12},"end":{"line":15,"column":13}},"loc":{"start":{"line":15,"column":18},"end":{"line":24,"column":3}},"line":15},"2":{"name":"(anonymous_2)","decl":{"start":{"line":17,"column":12},"end":{"line":17,"column":13}},"loc":{"start":{"line":17,"column":26},"end":{"line":19,"column":7}},"line":17},"3":{"name":"(anonymous_3)","decl":{"start":{"line":20,"column":13},"end":{"line":20,"column":14}},"loc":{"start":{"line":20,"column":22},"end":{"line":23,"column":7}},"line":20},"4":{"name":"(anonymous_4)","decl":{"start":{"line":26,"column":12},"end":{"line":26,"column":13}},"loc":{"start":{"line":26,"column":18},"end":{"line":28,"column":3}},"line":26},"5":{"name":"(anonymous_5)","decl":{"start":{"line":30,"column":25},"end":{"line":30,"column":26}},"loc":{"start":{"line":30,"column":31},"end":{"line":43,"column":3}},"line":30},"6":{"name":"(anonymous_6)","decl":{"start":{"line":32,"column":37},"end":{"line":32,"column":38}},"loc":{"start":{"line":32,"column":46},"end":{"line":34,"column":5}},"line":32},"7":{"name":"(anonymous_7)","decl":{"start":{"line":35,"column":45},"end":{"line":35,"column":46}},"loc":{"start":{"line":35,"column":54},"end":{"line":41,"column":5}},"line":35},"8":{"name":"(anonymous_8)","decl":{"start":{"line":64,"column":48},"end":{"line":64,"column":49}},"loc":{"start":{"line":64,"column":68},"end":{"line":72,"column":15}},"line":64}},"branchMap":{"0":{"loc":{"start":{"line":7,"column":2},"end":{"line":9,"column":3}},"type":"if","locations":[{"start":{"line":7,"column":2},"end":{"line":9,"column":3}},{"start":{"line":7,"column":2},"end":{"line":9,"column":3}}],"line":7},"1":{"loc":{"start":{"line":27,"column":4},"end":{"line":27,"column":71}},"type":"cond-expr","locations":[{"start":{"line":27,"column":48},"end":{"line":27,"column":64}},{"start":{"line":27,"column":67},"end":{"line":27,"column":71}}],"line":27},"2":{"loc":{"start":{"line":36,"column":6},"end":{"line":40,"column":7}},"type":"if","locations":[{"start":{"line":36,"column":6},"end":{"line":40,"column":7}},{"start":{"line":36,"column":6},"end":{"line":40,"column":7}}],"line":36},"3":{"loc":{"start":{"line":48,"column":33},"end":{"line":48,"column":60}},"type":"cond-expr","locations":[{"start":{"line":48,"column":45},"end":{"line":48,"column":51}},{"start":{"line":48,"column":54},"end":{"line":48,"column":60}}],"line":48},"4":{"loc":{"start":{"line":51,"column":23},"end":{"line":51,"column":50}},"type":"cond-expr","locations":[{"start":{"line":51,"column":35},"end":{"line":51,"column":41}},{"start":{"line":51,"column":44},"end":{"line":51,"column":50}}],"line":51},"5":{"loc":{"start":{"line":51,"column":69},"end":{"line":51,"column":96}},"type":"cond-expr","locations":[{"start":{"line":51,"column":81},"end":{"line":51,"column":87}},{"start":{"line":51,"column":90},"end":{"line":51,"column":96}}],"line":51},"6":{"loc":{"start":{"line":63,"column":13},"end":{"line":73,"column":20}},"type":"cond-expr","locations":[{"start":{"line":64,"column":14},"end":{"line":72,"column":16}},{"start":{"line":73,"column":16},"end":{"line":73,"column":20}}],"line":63}},"s":{"0":7,"1":2,"2":2,"3":0,"4":0,"5":0,"6":0,"7":0,"8":0,"9":0,"10":0,"11":0,"12":0,"13":0,"14":0,"15":0,"16":0,"17":0,"18":0,"19":0,"20":0,"21":0,"22":0,"23":0},"f":{"0":2,"1":0,"2":0,"3":0,"4":0,"5":0,"6":0,"7":0,"8":0},"b":{"0":[2,0],"1":[0,0],"2":[0,0],"3":[0,0],"4":[0,0],"5":[0,0],"6":[0,0]},"_coverageSchema":"1a1c01bbd47fc00a2c39e90264f33305004495a9","hash":"4d663c21e284de7c2a675cdb548382ea623669f3"}
,"/Users/josephrivera/HackReactor/FEC/client/src/relatedItems/OutfitCard/OutfitCard.jsx": {"path":"/Users/josephrivera/HackReactor/FEC/client/src/relatedItems/OutfitCard/OutfitCard.jsx","statementMap":{"0":{"start":{"line":6,"column":19},"end":{"line":50,"column":1}},"1":{"start":{"line":7,"column":42},"end":{"line":7,"column":54}},"2":{"start":{"line":8,"column":19},"end":{"line":8,"column":67}},"3":{"start":{"line":9,"column":20},"end":{"line":9,"column":44}},"4":{"start":{"line":12,"column":2},"end":{"line":17,"column":15}},"5":{"start":{"line":13,"column":4},"end":{"line":16,"column":9}},"6":{"start":{"line":14,"column":18},"end":{"line":14,"column":47}},"7":{"start":{"line":15,"column":6},"end":{"line":15,"column":29}},"8":{"start":{"line":19,"column":32},"end":{"line":22,"column":3}},"9":{"start":{"line":20,"column":4},"end":{"line":20,"column":43}},"10":{"start":{"line":21,"column":4},"end":{"line":21,"column":55}},"11":{"start":{"line":24,"column":2},"end":{"line":49,"column":4}},"12":{"start":{"line":29,"column":25},"end":{"line":29,"column":57}},"13":{"start":{"line":30,"column":60},"end":{"line":30,"column":83}}},"fnMap":{"0":{"name":"(anonymous_0)","decl":{"start":{"line":6,"column":19},"end":{"line":6,"column":20}},"loc":{"start":{"line":6,"column":89},"end":{"line":50,"column":1}},"line":6},"1":{"name":"(anonymous_1)","decl":{"start":{"line":12,"column":12},"end":{"line":12,"column":13}},"loc":{"start":{"line":12,"column":18},"end":{"line":17,"column":3}},"line":12},"2":{"name":"(anonymous_2)","decl":{"start":{"line":13,"column":5},"end":{"line":13,"column":6}},"loc":{"start":{"line":13,"column":17},"end":{"line":16,"column":5}},"line":13},"3":{"name":"(anonymous_3)","decl":{"start":{"line":19,"column":32},"end":{"line":19,"column":33}},"loc":{"start":{"line":19,"column":44},"end":{"line":22,"column":3}},"line":19},"4":{"name":"(anonymous_4)","decl":{"start":{"line":29,"column":19},"end":{"line":29,"column":20}},"loc":{"start":{"line":29,"column":25},"end":{"line":29,"column":57}},"line":29},"5":{"name":"(anonymous_5)","decl":{"start":{"line":30,"column":54},"end":{"line":30,"column":55}},"loc":{"start":{"line":30,"column":60},"end":{"line":30,"column":83}},"line":30}},"branchMap":{"0":{"loc":{"start":{"line":28,"column":25},"end":{"line":28,"column":52}},"type":"cond-expr","locations":[{"start":{"line":28,"column":37},"end":{"line":28,"column":43}},{"start":{"line":28,"column":46},"end":{"line":28,"column":52}}],"line":28},"1":{"loc":{"start":{"line":28,"column":71},"end":{"line":28,"column":98}},"type":"cond-expr","locations":[{"start":{"line":28,"column":83},"end":{"line":28,"column":89}},{"start":{"line":28,"column":92},"end":{"line":28,"column":98}}],"line":28},"2":{"loc":{"start":{"line":32,"column":45},"end":{"line":32,"column":100}},"type":"cond-expr","locations":[{"start":{"line":32,"column":65},"end":{"line":32,"column":73}},{"start":{"line":32,"column":76},"end":{"line":32,"column":100}}],"line":32},"3":{"loc":{"start":{"line":36,"column":12},"end":{"line":41,"column":82}},"type":"cond-expr","locations":[{"start":{"line":37,"column":12},"end":{"line":40,"column":18}},{"start":{"line":41,"column":14},"end":{"line":41,"column":82}}],"line":36}},"s":{"0":7,"1":1,"2":1,"3":1,"4":1,"5":1,"6":1,"7":0,"8":1,"9":0,"10":0,"11":1,"12":0,"13":0},"f":{"0":1,"1":1,"2":1,"3":0,"4":0,"5":0},"b":{"0":[0,1],"1":[0,1],"2":[1,0],"3":[0,1]},"_coverageSchema":"1a1c01bbd47fc00a2c39e90264f33305004495a9","hash":"de9e499264346e22a3c8343946cf24bf2fbe65a8"}
,"/Users/josephrivera/HackReactor/FEC/client/src/relatedItems/RelatedCard/RelatedCard.jsx": {"path":"/Users/josephrivera/HackReactor/FEC/client/src/relatedItems/RelatedCard/RelatedCard.jsx","statementMap":{"0":{"start":{"line":7,"column":20},"end":{"line":54,"column":1}},"1":{"start":{"line":8,"column":42},"end":{"line":8,"column":54}},"2":{"start":{"line":9,"column":44},"end":{"line":9,"column":55}},"3":{"start":{"line":10,"column":36},"end":{"line":10,"column":51}},"4":{"start":{"line":11,"column":19},"end":{"line":11,"column":68}},"5":{"start":{"line":12,"column":20},"end":{"line":12,"column":44}},"6":{"start":{"line":15,"column":2},"end":{"line":22,"column":16}},"7":{"start":{"line":16,"column":4},"end":{"line":21,"column":9}},"8":{"start":{"line":17,"column":18},"end":{"line":17,"column":48}},"9":{"start":{"line":18,"column":6},"end":{"line":18,"column":29}},"10":{"start":{"line":19,"column":23},"end":{"line":19,"column":63}},"11":{"start":{"line":20,"column":6},"end":{"line":20,"column":35}},"12":{"start":{"line":24,"column":33},"end":{"line":27,"column":3}},"13":{"start":{"line":25,"column":4},"end":{"line":25,"column":44}},"14":{"start":{"line":26,"column":4},"end":{"line":26,"column":55}},"15":{"start":{"line":29,"column":2},"end":{"line":53,"column":4}},"16":{"start":{"line":33,"column":23},"end":{"line":33,"column":41}},"17":{"start":{"line":34,"column":99},"end":{"line":34,"column":118}},"18":{"start":{"line":35,"column":58},"end":{"line":35,"column":82}}},"fnMap":{"0":{"name":"(anonymous_0)","decl":{"start":{"line":7,"column":20},"end":{"line":7,"column":21}},"loc":{"start":{"line":7,"column":94},"end":{"line":54,"column":1}},"line":7},"1":{"name":"(anonymous_1)","decl":{"start":{"line":15,"column":12},"end":{"line":15,"column":13}},"loc":{"start":{"line":15,"column":18},"end":{"line":22,"column":3}},"line":15},"2":{"name":"(anonymous_2)","decl":{"start":{"line":16,"column":5},"end":{"line":16,"column":6}},"loc":{"start":{"line":16,"column":17},"end":{"line":21,"column":5}},"line":16},"3":{"name":"(anonymous_3)","decl":{"start":{"line":24,"column":33},"end":{"line":24,"column":34}},"loc":{"start":{"line":24,"column":45},"end":{"line":27,"column":3}},"line":24},"4":{"name":"(anonymous_4)","decl":{"start":{"line":33,"column":17},"end":{"line":33,"column":18}},"loc":{"start":{"line":33,"column":23},"end":{"line":33,"column":41}},"line":33},"5":{"name":"(anonymous_5)","decl":{"start":{"line":34,"column":93},"end":{"line":34,"column":94}},"loc":{"start":{"line":34,"column":99},"end":{"line":34,"column":118}},"line":34},"6":{"name":"(anonymous_6)","decl":{"start":{"line":35,"column":52},"end":{"line":35,"column":53}},"loc":{"start":{"line":35,"column":58},"end":{"line":35,"column":82}},"line":35}},"branchMap":{"0":{"loc":{"start":{"line":32,"column":23},"end":{"line":32,"column":50}},"type":"cond-expr","locations":[{"start":{"line":32,"column":35},"end":{"line":32,"column":41}},{"start":{"line":32,"column":44},"end":{"line":32,"column":50}}],"line":32},"1":{"loc":{"start":{"line":32,"column":69},"end":{"line":32,"column":96}},"type":"cond-expr","locations":[{"start":{"line":32,"column":81},"end":{"line":32,"column":87}},{"start":{"line":32,"column":90},"end":{"line":32,"column":96}}],"line":32},"2":{"loc":{"start":{"line":37,"column":43},"end":{"line":37,"column":98}},"type":"cond-expr","locations":[{"start":{"line":37,"column":63},"end":{"line":37,"column":71}},{"start":{"line":37,"column":74},"end":{"line":37,"column":98}}],"line":37},"3":{"loc":{"start":{"line":41,"column":10},"end":{"line":46,"column":80}},"type":"cond-expr","locations":[{"start":{"line":42,"column":10},"end":{"line":45,"column":16}},{"start":{"line":46,"column":12},"end":{"line":46,"column":80}}],"line":41}},"s":{"0":7,"1":1,"2":1,"3":1,"4":1,"5":1,"6":1,"7":1,"8":1,"9":0,"10":0,"11":0,"12":1,"13":0,"14":0,"15":1,"16":0,"17":0,"18":0},"f":{"0":1,"1":1,"2":1,"3":0,"4":0,"5":0,"6":0},"b":{"0":[0,1],"1":[0,1],"2":[1,0],"3":[0,1]},"_coverageSchema":"1a1c01bbd47fc00a2c39e90264f33305004495a9","hash":"3b56289b25de09ee3a479b0075aa2ab5abb77ab8"}
,"/Users/josephrivera/HackReactor/FEC/client/src/relatedItems/RelatedEntry/RelatedEntry.jsx": {"path":"/Users/josephrivera/HackReactor/FEC/client/src/relatedItems/RelatedEntry/RelatedEntry.jsx","statementMap":{"0":{"start":{"line":6,"column":34},"end":{"line":108,"column":1}},"1":{"start":{"line":7,"column":48},"end":{"line":7,"column":60}},"2":{"start":{"line":8,"column":32},"end":{"line":8,"column":44}},"3":{"start":{"line":9,"column":32},"end":{"line":9,"column":47}},"4":{"start":{"line":10,"column":38},"end":{"line":10,"column":76}},"5":{"start":{"line":13,"column":2},"end":{"line":16,"column":18}},"6":{"start":{"line":14,"column":25},"end":{"line":14,"column":77}},"7":{"start":{"line":15,"column":4},"end":{"line":15,"column":51}},"8":{"start":{"line":19,"column":2},"end":{"line":28,"column":18}},"9":{"start":{"line":20,"column":4},"end":{"line":27,"column":9}},"10":{"start":{"line":22,"column":8},"end":{"line":22,"column":37}},"11":{"start":{"line":25,"column":8},"end":{"line":25,"column":25}},"12":{"start":{"line":26,"column":8},"end":{"line":26,"column":15}},"13":{"start":{"line":30,"column":2},"end":{"line":36,"column":19}},"14":{"start":{"line":31,"column":4},"end":{"line":35,"column":9}},"15":{"start":{"line":32,"column":31},"end":{"line":32,"column":59}},"16":{"start":{"line":33,"column":6},"end":{"line":33,"column":45}},"17":{"start":{"line":34,"column":6},"end":{"line":34,"column":23}},"18":{"start":{"line":39,"column":29},"end":{"line":49,"column":3}},"19":{"start":{"line":40,"column":4},"end":{"line":48,"column":5}},"20":{"start":{"line":41,"column":18},"end":{"line":43,"column":8}},"21":{"start":{"line":42,"column":8},"end":{"line":42,"column":41}},"22":{"start":{"line":44,"column":25},"end":{"line":44,"column":49}},"23":{"start":{"line":45,"column":6},"end":{"line":45,"column":26}},"24":{"start":{"line":47,"column":6},"end":{"line":47,"column":23}},"25":{"start":{"line":52,"column":32},"end":{"line":63,"column":3}},"26":{"start":{"line":53,"column":25},"end":{"line":53,"column":27}},"27":{"start":{"line":54,"column":4},"end":{"line":61,"column":9}},"28":{"start":{"line":56,"column":8},"end":{"line":56,"column":39}},"29":{"start":{"line":59,"column":8},"end":{"line":59,"column":25}},"30":{"start":{"line":60,"column":8},"end":{"line":60,"column":15}},"31":{"start":{"line":62,"column":4},"end":{"line":62,"column":26}},"32":{"start":{"line":65,"column":33},"end":{"line":67,"column":18}},"33":{"start":{"line":66,"column":4},"end":{"line":66,"column":42}},"34":{"start":{"line":69,"column":2},"end":{"line":107,"column":4}}},"fnMap":{"0":{"name":"(anonymous_0)","decl":{"start":{"line":6,"column":34},"end":{"line":6,"column":35}},"loc":{"start":{"line":6,"column":98},"end":{"line":108,"column":1}},"line":6},"1":{"name":"(anonymous_1)","decl":{"start":{"line":13,"column":12},"end":{"line":13,"column":13}},"loc":{"start":{"line":13,"column":18},"end":{"line":16,"column":3}},"line":13},"2":{"name":"(anonymous_2)","decl":{"start":{"line":19,"column":12},"end":{"line":19,"column":13}},"loc":{"start":{"line":19,"column":18},"end":{"line":28,"column":3}},"line":19},"3":{"name":"(anonymous_3)","decl":{"start":{"line":21,"column":12},"end":{"line":21,"column":13}},"loc":{"start":{"line":21,"column":26},"end":{"line":23,"column":7}},"line":21},"4":{"name":"(anonymous_4)","decl":{"start":{"line":24,"column":13},"end":{"line":24,"column":14}},"loc":{"start":{"line":24,"column":22},"end":{"line":27,"column":7}},"line":24},"5":{"name":"(anonymous_5)","decl":{"start":{"line":30,"column":12},"end":{"line":30,"column":13}},"loc":{"start":{"line":30,"column":18},"end":{"line":36,"column":3}},"line":30},"6":{"name":"(anonymous_6)","decl":{"start":{"line":31,"column":5},"end":{"line":31,"column":6}},"loc":{"start":{"line":31,"column":17},"end":{"line":35,"column":5}},"line":31},"7":{"name":"(anonymous_7)","decl":{"start":{"line":39,"column":29},"end":{"line":39,"column":30}},"loc":{"start":{"line":39,"column":44},"end":{"line":49,"column":3}},"line":39},"8":{"name":"(anonymous_8)","decl":{"start":{"line":41,"column":32},"end":{"line":41,"column":33}},"loc":{"start":{"line":41,"column":38},"end":{"line":43,"column":7}},"line":41},"9":{"name":"(anonymous_9)","decl":{"start":{"line":52,"column":32},"end":{"line":52,"column":33}},"loc":{"start":{"line":52,"column":46},"end":{"line":63,"column":3}},"line":52},"10":{"name":"(anonymous_10)","decl":{"start":{"line":55,"column":12},"end":{"line":55,"column":13}},"loc":{"start":{"line":55,"column":26},"end":{"line":57,"column":7}},"line":55},"11":{"name":"(anonymous_11)","decl":{"start":{"line":58,"column":13},"end":{"line":58,"column":14}},"loc":{"start":{"line":58,"column":22},"end":{"line":61,"column":7}},"line":58},"12":{"name":"(anonymous_12)","decl":{"start":{"line":65,"column":41},"end":{"line":65,"column":42}},"loc":{"start":{"line":65,"column":47},"end":{"line":67,"column":3}},"line":65}},"branchMap":{"0":{"loc":{"start":{"line":15,"column":4},"end":{"line":15,"column":50}},"type":"cond-expr","locations":[{"start":{"line":15,"column":19},"end":{"line":15,"column":43}},{"start":{"line":15,"column":46},"end":{"line":15,"column":50}}],"line":15}},"s":{"0":7,"1":2,"2":2,"3":2,"4":2,"5":2,"6":1,"7":1,"8":2,"9":1,"10":0,"11":0,"12":0,"13":2,"14":1,"15":1,"16":0,"17":0,"18":2,"19":2,"20":2,"21":8,"22":2,"23":0,"24":0,"25":2,"26":8,"27":8,"28":0,"29":0,"30":0,"31":0,"32":2,"33":2,"34":2},"f":{"0":2,"1":1,"2":1,"3":0,"4":0,"5":1,"6":1,"7":2,"8":8,"9":8,"10":0,"11":0,"12":2},"b":{"0":[0,1]},"_coverageSchema":"1a1c01bbd47fc00a2c39e90264f33305004495a9","hash":"2d8484a91c949c777dd3f93d3d4f0ae7f28587f8"}
,"/Users/josephrivera/HackReactor/FEC/data/sampleRelatedProducts.js": {"path":"/Users/josephrivera/HackReactor/FEC/data/sampleRelatedProducts.js","statementMap":{"0":{"start":{"line":1,"column":25},"end":{"line":378,"column":1}}},"fnMap":{},"branchMap":{},"s":{"0":2},"f":{},"b":{},"_coverageSchema":"1a1c01bbd47fc00a2c39e90264f33305004495a9","hash":"60b92fa71d535cebfd58ee397346931cacc9c66e"}
}
